**************************************************************
* Voltage Drop Report file

* Units:
*   Length Unit         : um
*   Length Scale        : 0.001
*   Voltage Unit        : mV
*
* Cell Name : fa_4bit
* Net Name   : VDD
* Number of Resistors: 2356
* Threshold V: (min, max)=(1.540270 352.258801)
* Format: [left bottom right top] on Layer is voltage
*
[0 33520 720 34000] on M9 is 2.325
[720 33520 960 34000] on M9 is 2.325
[480 33520 960 34000] on VIA8 is 10.766
[480 31535 960 33760] on M8 is 15.136
[480 33760 960 34535] on M8 is 17.287
[480 34535 960 37450] on M8 is 24.207
[480 34310 960 34760] on VIA8 is 22.199
[720 34310 3740 34760] on M9 is 28.251
[480 34310 720 34760] on M9 is 22.199
[3740 34310 5900 34760] on M9 is 32.524
[3620 34310 3860 34760] on VIA8 is 28.316
[3620 31535 3860 34535] on M8 is 28.316
[3620 34535 3860 37535] on M8 is 29.02
[3620 37535 3860 40535] on M8 is 29.02
[3620 37310 3860 37760] on VIA8 is 29.477
[3740 37310 5900 37760] on M9 is 31.882
[720 37310 3740 37760] on M9 is 29.477
[480 37310 720 37760] on M9 is 26.68
[480 37310 960 37760] on VIA8 is 26.68
[480 37450 960 37535] on M8 is 24.409
[480 37535 960 40535] on M8 is 24.409
[480 40535 960 43035] on M8 is 23.157
[480 40310 960 40760] on VIA8 is 24.738
[720 40310 3740 40760] on M9 is 26.685
[480 40310 720 40760] on M9 is 24.738
[3740 40310 5900 40760] on M9 is 28.376
[3620 40310 3860 40760] on VIA8 is 26.685
[3620 40535 3860 43035] on M8 is 26.347
[3620 43035 3860 46035] on M8 is 22.04
[3620 42810 3860 43260] on VIA8 is 22.04
[3740 42810 5900 43260] on M9 is 23.788
[720 42810 3740 43260] on M9 is 21.978
[480 42810 720 43260] on M9 is 19.372
[480 42810 960 43260] on VIA8 is 19.372
[480 43035 960 44830] on M8 is 17.257
[480 44830 960 46035] on M8 is 12.076
[480 44590 960 45070] on VIA8 is 8.352
[720 44590 960 45070] on M9 is 1.804
[0 44590 720 45070] on M9 is 1.804
[480 46035 960 49035] on M8 is 13.152
[480 45810 960 46260] on VIA8 is 14.298
[720 45810 3740 46260] on M9 is 17.036
[480 45810 720 46260] on M9 is 14.298
[3740 45810 5900 46260] on M9 is 18.733
[3620 45810 3860 46260] on VIA8 is 17.331
[3620 46035 3860 49035] on M8 is 17.331
[3620 49035 3860 54430] on M8 is 14.801
[3620 48810 3860 49260] on VIA8 is 14.843
[3740 48810 5900 49260] on M9 is 15.548
[720 48810 3740 49260] on M9 is 14.843
[480 48810 720 49260] on M9 is 13.909
[480 48810 960 49260] on VIA8 is 13.909
[480 49035 960 54430] on M8 is 13.152
[480 54430 960 54880] on M8 is 10.06
[480 53980 960 54880] on VIA8 is 10.06
[720 53980 3740 54880] on M9 is 9.594
[480 53980 720 54880] on M9 is 9.594
[3740 53980 5900 54880] on M9 is 9.306
[3620 53980 3860 54880] on VIA8 is 9.692
[3620 54430 3860 54880] on M8 is 9.692
[5900 53980 8060 54880] on M9 is 8.931
[5780 53980 6020 54880] on VIA8 is 9.395
[5780 49035 6020 54430] on M8 is 15.544
[5780 54430 6020 54880] on M8 is 9.395
[5780 46035 6020 49035] on M8 is 18.937
[5780 48810 6020 49260] on VIA8 is 15.548
[5900 48810 8060 49260] on M9 is 16.256
[8060 48810 10220 49260] on M9 is 16.959
[7940 48810 8180 49260] on VIA8 is 16.262
[7940 46035 8180 49035] on M8 is 20.396
[7940 49035 8180 54430] on M8 is 16.262
[7940 54430 8180 54880] on M8 is 8.906
[7940 53980 8180 54880] on VIA8 is 8.906
[8060 53980 10220 54880] on M9 is 8.352
[10220 53980 11420 54880] on M9 is 7.528
[10100 53980 10340 54880] on VIA8 is 8.189
[10100 49035 10340 54430] on M8 is 16.95
[10100 54430 10340 54880] on M8 is 8.189
[10100 46035 10340 49035] on M8 is 21.752
[10100 48810 10340 49260] on VIA8 is 16.959
[10220 48810 12380 49260] on M9 is 17.671
[12380 48810 14540 49260] on M9 is 18.385
[12260 48810 12500 49260] on VIA8 is 17.671
[12260 46035 12500 49035] on M8 is 23.034
[12260 49035 12500 54430] on M8 is 17.668
[12260 54430 12500 54880] on M8 is 7.984
[12260 53980 12500 54880] on VIA8 is 7.984
[11420 53980 12380 54880] on M9 is 7.254
[12380 53980 14540 54880] on M9 is 7.709
[14540 53980 17060 54880] on M9 is 7.853
[14420 53980 14660 54880] on VIA8 is 8.46
[14420 49035 14660 54430] on M8 is 18.424
[14420 54430 14660 54880] on M8 is 8.46
[14420 46035 14660 49035] on M8 is 24.252
[14420 48810 14660 49260] on VIA8 is 18.424
[14540 48810 17060 49260] on M9 is 19.177
[17060 48810 19220 49260] on M9 is 19.802
[16940 48810 17180 49260] on VIA8 is 19.239
[16940 46035 17180 49035] on M8 is 25.583
[16940 49035 17180 54430] on M8 is 19.239
[16940 54430 17180 54880] on M8 is 8.651
[16940 53980 17180 54880] on VIA8 is 8.651
[17060 53980 18670 54880] on M9 is 7.853
[18670 53980 19220 54880] on M9 is 7.684
[18220 53980 19120 54880] on VIA8 is 7.684
[19220 53980 20000 54880] on M9 is 7.626
[19100 53980 19340 54880] on VIA8 is 8.483
[19100 49035 19340 54430] on M8 is 19.862
[19100 54430 19340 54880] on M8 is 8.483
[19100 46035 19340 49035] on M8 is 26.635
[19100 48810 19340 49260] on VIA8 is 19.862
[19220 48810 20000 49260] on M9 is 20.008
[20000 48810 21380 49260] on M9 is 20.236
[19920 48810 20080 49260] on VIA8 is 20.252
[19920 48810 20080 49260] on VIA7 is 20.97
[19920 48810 20080 49260] on VIA6 is 21.688
[19920 48810 20080 49260] on VIA5 is 22.406
[19920 48810 20080 49260] on VIA4 is 23.124
[19920 48810 20080 49260] on VIA3 is 23.842
[19920 48810 20080 49260] on VIA2 is 24.56
[19920 48810 20080 49260] on VIA1 is 25.278
[19920 46035 20080 49035] on M1 is 33.675
[19920 49035 20080 54430] on M1 is 25.278
[19920 54430 20080 54880] on M1 is 15.021
[19920 53980 20080 54880] on VIA1 is 15.021
[19920 53980 20080 54880] on VIA2 is 14.007
[19920 53980 20080 54880] on VIA3 is 12.993
[19920 53980 20080 54880] on VIA4 is 11.979
[19920 53980 20080 54880] on VIA5 is 10.965
[19920 53980 20080 54880] on VIA6 is 9.95
[19920 53980 20080 54880] on VIA7 is 8.936
[19920 53980 20080 54880] on VIA8 is 7.922
[20000 53980 21380 54880] on M9 is 7.407
[21380 53980 22300 54880] on M9 is 6.875
[21260 53980 21500 54880] on VIA8 is 7.813
[21260 49035 21500 54430] on M8 is 20.265
[21260 54430 21500 54880] on M8 is 7.813
[21260 46035 21500 49035] on M8 is 27.402
[21260 48810 21500 49260] on VIA8 is 20.265
[21380 48810 22880 49260] on M9 is 20.467
[22880 48810 23540 49260] on M9 is 20.535
[22800 48810 22960 49260] on VIA8 is 20.588
[22800 48810 22960 49260] on VIA7 is 20.946
[22800 48810 22960 49260] on VIA6 is 21.305
[22800 48810 22960 49260] on VIA5 is 21.663
[22800 48810 22960 49260] on VIA4 is 22.021
[22800 48810 22960 49260] on VIA3 is 22.379
[22800 48810 22960 49260] on VIA2 is 22.738
[22800 48810 22960 49260] on VIA1 is 23.096
[22800 46035 22960 49035] on M1 is 29.744
[22800 49035 22960 54430] on M1 is 23.096
[22800 54430 22960 54880] on M1 is 13.556
[22800 53980 22960 54880] on VIA1 is 13.556
[22800 53980 22960 54880] on VIA2 is 12.613
[22800 53980 22960 54880] on VIA3 is 11.67
[22800 53980 22960 54880] on VIA4 is 10.727
[22800 53980 22960 54880] on VIA5 is 9.784
[22800 53980 22960 54880] on VIA6 is 8.841
[22800 53980 22960 54880] on VIA7 is 7.898
[22800 53980 22960 54880] on VIA8 is 6.955
[22300 53980 22880 54880] on M9 is 6.475
[22880 53980 23540 54880] on M9 is 6.56
[23540 53980 25700 54880] on M9 is 6.56
[23420 53980 23660 54880] on VIA8 is 7.541
[23420 49035 23660 54430] on M8 is 20.556
[23420 54430 23660 54880] on M8 is 7.541
[23420 46035 23660 49035] on M8 is 27.943
[23420 48810 23660 49260] on VIA8 is 20.556
[23540 48810 25700 49260] on M9 is 20.742
[25700 48810 25760 49260] on M9 is 20.747
[25580 48810 25820 49260] on VIA8 is 20.761
[25580 46035 25820 49035] on M8 is 28.325
[25580 49035 25820 54430] on M8 is 20.761
[25580 54430 25820 54880] on M8 is 7.413
[25580 53980 25820 54880] on VIA8 is 7.413
[25700 53980 25760 54880] on M9 is 6.407
[25760 53980 26300 54880] on M9 is 6.39
[25680 53980 25840 54880] on VIA8 is 7.013
[25680 53980 25840 54880] on VIA7 is 8.237
[25680 53980 25840 54880] on VIA6 is 9.462
[25680 53980 25840 54880] on VIA5 is 10.686
[25680 53980 25840 54880] on VIA4 is 11.911
[25680 53980 25840 54880] on VIA3 is 13.135
[25680 53980 25840 54880] on VIA2 is 14.36
[25680 53980 25840 54880] on VIA1 is 15.585
[25680 49035 25840 54430] on M1 is 27.972
[25680 54430 25840 54880] on M1 is 15.585
[25680 46035 25840 49035] on M1 is 38.551
[25680 48810 25840 49260] on VIA1 is 27.972
[25680 48810 25840 49260] on VIA2 is 26.987
[25680 48810 25840 49260] on VIA3 is 26.003
[25680 48810 25840 49260] on VIA4 is 25.018
[25680 48810 25840 49260] on VIA5 is 24.034
[25680 48810 25840 49260] on VIA6 is 23.05
[25680 48810 25840 49260] on VIA7 is 22.065
[25680 48810 25840 49260] on VIA8 is 21.081
[25760 48810 27860 49260] on M9 is 20.747
[27860 48810 28640 49260] on M9 is 20.646
[27740 48810 27980 49260] on VIA8 is 20.684
[27740 46035 27980 49035] on M8 is 28.168
[27740 49035 27980 54430] on M8 is 20.684
[27740 54430 27980 54880] on M8 is 7.739
[27740 53980 27980 54880] on VIA8 is 7.739
[27860 53980 28640 54880] on M9 is 6.904
[27740 53980 27860 54880] on M9 is 6.763
[26300 53980 27740 54880] on M9 is 6.718
[27290 53980 28190 54880] on VIA8 is 6.718
[25850 53980 26750 54880] on VIA8 is 6.172
[25850 53980 26750 54430] on M8 is 2.338
[25850 54430 26750 55360] on M8 is 2.338
[28640 53980 30020 54880] on M9 is 7.018
[28560 53980 28720 54880] on VIA8 is 7.38
[28560 53980 28720 54880] on VIA7 is 8.318
[28560 53980 28720 54880] on VIA6 is 9.256
[28560 53980 28720 54880] on VIA5 is 10.194
[28560 53980 28720 54880] on VIA4 is 11.132
[28560 53980 28720 54880] on VIA3 is 12.07
[28560 53980 28720 54880] on VIA2 is 13.007
[28560 53980 28720 54880] on VIA1 is 13.945
[28560 49035 28720 54430] on M1 is 23.432
[28560 54430 28720 54880] on M1 is 13.945
[28560 46035 28720 49035] on M1 is 30.156
[28560 48810 28720 49260] on VIA1 is 23.432
[28560 48810 28720 49260] on VIA2 is 23.046
[28560 48810 28720 49260] on VIA3 is 22.659
[28560 48810 28720 49260] on VIA4 is 22.273
[28560 48810 28720 49260] on VIA5 is 21.886
[28560 48810 28720 49260] on VIA6 is 21.5
[28560 48810 28720 49260] on VIA7 is 21.113
[28560 48810 28720 49260] on VIA8 is 20.727
[28640 48810 30020 49260] on M9 is 20.596
[30020 48810 31520 49260] on M9 is 20.434
[29900 48810 30140 49260] on VIA8 is 20.486
[29900 46035 30140 49035] on M8 is 27.832
[29900 49035 30140 54430] on M8 is 20.486
[29900 54430 30140 54880] on M8 is 7.962
[29900 53980 30140 54880] on VIA8 is 7.962
[30020 53980 31520 54880] on M9 is 7.018
[31520 53980 32540 54880] on M9 is 6.852
[31440 53980 31600 54880] on VIA8 is 7.4
[31440 53980 31600 54880] on VIA7 is 8.478
[31440 53980 31600 54880] on VIA6 is 9.556
[31440 53980 31600 54880] on VIA5 is 10.634
[31440 53980 31600 54880] on VIA4 is 11.711
[31440 53980 31600 54880] on VIA3 is 12.789
[31440 53980 31600 54880] on VIA2 is 13.867
[31440 53980 31600 54880] on VIA1 is 14.945
[31440 49035 31600 54430] on M1 is 25.847
[31440 54430 31600 54880] on M1 is 14.945
[31440 46035 31600 49035] on M1 is 34.782
[31440 48810 31600 49260] on VIA1 is 25.847
[31440 48810 31600 49260] on VIA2 is 25.081
[31440 48810 31600 49260] on VIA3 is 24.315
[31440 48810 31600 49260] on VIA4 is 23.549
[31440 48810 31600 49260] on VIA5 is 22.784
[31440 48810 31600 49260] on VIA6 is 22.017
[31440 48810 31600 49260] on VIA7 is 21.252
[31440 48810 31600 49260] on VIA8 is 20.486
[31520 48810 32540 49260] on M9 is 20.226
[32540 48810 34700 49260] on M9 is 19.977
[32420 48810 32660 49260] on VIA8 is 20.004
[32420 46035 32660 49035] on M8 is 27.126
[32420 49035 32660 54430] on M8 is 20.004
[32420 54430 32660 54880] on M8 is 7.564
[32420 53980 32660 54880] on VIA8 is 7.564
[32540 53980 33180 54880] on M9 is 6.626
[33180 53980 34700 54880] on M9 is 6.959
[32730 53980 33630 54880] on VIA8 is 6.362
[32730 53980 33630 54430] on M8 is 2.41
[32730 54430 33630 55360] on M8 is 2.41
[34700 53980 36810 54880] on M9 is 7.411
[34580 53980 34820 54880] on VIA8 is 7.836
[34580 49035 34820 54430] on M8 is 19.466
[34580 54430 34820 54880] on M8 is 7.836
[34580 46035 34820 49035] on M8 is 26.242
[34580 48810 34820 49260] on VIA8 is 19.466
[34700 48810 36860 49260] on M9 is 19.424
[36860 48810 39020 49260] on M9 is 18.835
[36740 48810 36980 49260] on VIA8 is 18.895
[36740 46035 36980 49035] on M8 is 25.274
[36740 49035 36980 54430] on M8 is 18.895
[36740 54430 36980 54880] on M8 is 8.226
[36740 53980 36980 54880] on VIA8 is 8.226
[36810 53980 36860 54880] on M9 is 7.422
[36860 53980 39020 54880] on M9 is 7.53
[39020 53980 41180 54880] on M9 is 7.53
[38900 53980 39140 54880] on VIA8 is 8.282
[38900 49035 39140 54430] on M8 is 18.25
[38900 54430 39140 54880] on M8 is 8.282
[38900 46035 39140 49035] on M8 is 24.22
[38900 48810 39140 49260] on VIA8 is 18.25
[39020 48810 41180 49260] on M9 is 18.192
[41180 48810 43340 49260] on M9 is 17.499
[41060 48810 41300 49260] on VIA8 is 17.534
[41060 46035 41300 49035] on M8 is 23.085
[41060 49035 41300 54430] on M8 is 17.534
[41060 54430 41300 54880] on M8 is 8.024
[41060 53980 41300 54880] on VIA8 is 8.024
[41180 53980 43340 54880] on M9 is 7.307
[43340 53980 44060 54880] on M9 is 6.769
[43220 53980 43460 54880] on VIA8 is 7.469
[43220 49035 43460 54430] on M8 is 16.765
[43220 54430 43460 54880] on M8 is 7.469
[43220 46035 43460 49035] on M8 is 21.871
[43220 48810 43460 49260] on VIA8 is 16.774
[43340 48810 45500 49260] on M9 is 16.774
[45500 48810 48020 49260] on M9 is 16.056
[45380 48810 45620 49260] on VIA8 is 16.056
[45380 46035 45620 49035] on M8 is 20.581
[45380 49035 45620 54430] on M8 is 16.045
[45380 54430 45620 54880] on M8 is 7.731
[45380 53980 45620 54880] on VIA8 is 7.731
[44060 53980 45500 54880] on M9 is 7.105
[45500 53980 48020 54880] on M9 is 7.865
[48020 53980 50180 54880] on M9 is 8.29
[47900 53980 48140 54880] on VIA8 is 8.381
[47900 49035 48140 54430] on M8 is 15.222
[47900 54430 48140 54880] on M8 is 8.381
[47900 46035 48140 49035] on M8 is 18.957
[47900 48810 48140 49260] on VIA8 is 15.231
[48020 48810 50180 49260] on M9 is 15.231
[50180 48810 53680 49260] on M9 is 14.532
[50060 48810 50300 49260] on VIA8 is 14.532
[50060 46035 50300 49035] on M8 is 17.412
[50060 49035 50300 54430] on M8 is 14.493
[50060 54430 50300 54880] on M8 is 8.724
[50060 53980 50300 54880] on VIA8 is 8.724
[50180 53980 53680 54880] on M9 is 8.667
[53680 53980 53920 54880] on M9 is 8.667
[53440 53980 53920 54880] on VIA8 is 9.196
[53440 49035 53920 54430] on M8 is 12.702
[53440 54430 53920 54880] on M8 is 9.196
[53440 46035 53920 49035] on M8 is 12.702
[53440 48810 53920 49260] on VIA8 is 13.456
[53680 48810 53920 49260] on M9 is 13.456
[53440 44830 53920 46035] on M8 is 11.871
[53440 45810 53920 46260] on VIA8 is 14.029
[53680 45810 53920 46260] on M9 is 14.029
[50180 45810 53680 46260] on M9 is 17.11
[48020 45810 50180 46260] on M9 is 18.746
[50060 45810 50300 46260] on VIA8 is 17.412
[50060 43035 50300 46035] on M8 is 22.558
[50060 40535 50300 43035] on M8 is 27.399
[50060 42810 50300 43260] on VIA8 is 22.558
[50180 42810 53680 43260] on M9 is 22.468
[48020 42810 50180 43260] on M9 is 24.187
[45500 42810 48020 43260] on M9 is 26.126
[47900 42810 48140 43260] on VIA8 is 24.251
[47900 40535 48140 43035] on M8 is 29.06
[47900 43035 48140 46035] on M8 is 24.251
[47900 45810 48140 46260] on VIA8 is 18.957
[45500 45810 48020 46260] on M9 is 20.437
[43340 45810 45500 46260] on M9 is 21.76
[45380 45810 45620 46260] on VIA8 is 20.581
[45380 43035 45620 46035] on M8 is 26.177
[45380 40535 45620 43035] on M8 is 31.158
[45380 42810 45620 43260] on VIA8 is 26.177
[43340 42810 45500 43260] on M9 is 27.742
[41180 42810 43340 43260] on M9 is 29.313
[43220 42810 43460 43260] on VIA8 is 27.793
[43220 40535 43460 43035] on M8 is 33.042
[43220 43035 43460 46035] on M8 is 27.793
[43220 45810 43460 46260] on VIA8 is 21.871
[41180 45810 43340 46260] on M9 is 22.986
[39020 45810 41180 46260] on M9 is 24.123
[41060 45810 41300 46260] on VIA8 is 23.085
[41060 43035 41300 46035] on M8 is 29.373
[41060 40535 41300 43035] on M8 is 34.976
[41060 42810 41300 43260] on VIA8 is 29.373
[39020 42810 41180 43260] on M9 is 30.833
[36860 42810 39020 43260] on M9 is 32.287
[38900 42810 39140 43260] on VIA8 is 30.906
[38900 40535 39140 43035] on M8 is 36.929
[38900 43035 39140 46035] on M8 is 30.906
[38900 45810 39140 46260] on VIA8 is 24.22
[36860 45810 39020 46260] on M9 is 25.175
[34700 45810 36860 46260] on M9 is 26.14
[36740 45810 36980 46260] on VIA8 is 25.274
[36740 43035 36980 46035] on M8 is 32.38
[36740 40535 36980 43035] on M8 is 38.872
[36740 42810 36980 43260] on VIA8 is 32.38
[34700 42810 36860 43260] on M9 is 33.66
[32540 42810 34700 43260] on M9 is 34.931
[34580 42810 34820 43260] on VIA8 is 33.777
[34580 40535 34820 43035] on M8 is 40.773
[34580 43035 34820 46035] on M8 is 33.777
[34580 45810 34820 46260] on VIA8 is 26.242
[32540 45810 34700 46260] on M9 is 27.014
[31520 45810 32540 46260] on M9 is 27.38
[32420 45810 32660 46260] on VIA8 is 27.126
[32420 43035 32660 46035] on M8 is 35.076
[32420 40535 32660 43035] on M8 is 42.598
[32420 42810 32660 43260] on VIA8 is 35.076
[31520 42810 32540 43260] on M9 is 35.47
[30020 42810 31520 43260] on M9 is 35.923
[31440 42810 31600 43260] on VIA8 is 36.025
[31440 42810 31600 43260] on VIA7 is 37.664
[31440 42810 31600 43260] on VIA6 is 39.304
[31440 42810 31600 43260] on VIA5 is 40.943
[31440 42810 31600 43260] on VIA4 is 42.582
[31440 42810 31600 43260] on VIA3 is 44.221
[31440 42810 31600 43260] on VIA2 is 45.86
[31440 42810 31600 43260] on VIA1 is 47.499
[31440 40535 31600 43035] on M1 is 63.219
[31440 43035 31600 46035] on M1 is 47.499
[31440 45810 31600 46260] on VIA1 is 34.782
[31440 45810 31600 46260] on VIA2 is 33.773
[31440 45810 31600 46260] on VIA3 is 32.765
[31440 45810 31600 46260] on VIA4 is 31.756
[31440 45810 31600 46260] on VIA5 is 30.748
[31440 45810 31600 46260] on VIA6 is 29.739
[31440 45810 31600 46260] on VIA7 is 28.73
[31440 45810 31600 46260] on VIA8 is 27.722
[30020 45810 31520 46260] on M9 is 27.709
[28640 45810 30020 46260] on M9 is 27.942
[29900 45810 30140 46260] on VIA8 is 27.832
[29900 43035 30140 46035] on M8 is 36.089
[29900 40535 30140 43035] on M8 is 43.989
[29900 42810 30140 43260] on VIA8 is 36.089
[28640 42810 30020 43260] on M9 is 36.246
[27860 42810 28640 43260] on M9 is 36.403
[28560 42810 28720 43260] on VIA8 is 36.327
[28560 42810 28720 43260] on VIA7 is 36.568
[28560 42810 28720 43260] on VIA6 is 36.809
[28560 42810 28720 43260] on VIA5 is 37.049
[28560 42810 28720 43260] on VIA4 is 37.29
[28560 42810 28720 43260] on VIA3 is 37.531
[28560 42810 28720 43260] on VIA2 is 37.772
[28560 42810 28720 43260] on VIA1 is 38.012
[28560 40535 28720 43035] on M1 is 45.311
[28560 43035 28720 46035] on M1 is 38.012
[28560 45810 28720 46260] on VIA1 is 30.156
[28560 45810 28720 46260] on VIA2 is 29.855
[28560 45810 28720 46260] on VIA3 is 29.553
[28560 45810 28720 46260] on VIA4 is 29.251
[28560 45810 28720 46260] on VIA5 is 28.95
[28560 45810 28720 46260] on VIA6 is 28.648
[28560 45810 28720 46260] on VIA7 is 28.346
[28560 45810 28720 46260] on VIA8 is 28.045
[27860 45810 28640 46260] on M9 is 28.042
[25760 45810 27860 46260] on M9 is 28.202
[27740 45810 27980 46260] on VIA8 is 28.168
[27740 43035 27980 46035] on M8 is 36.579
[27740 40535 27980 43035] on M8 is 44.674
[27740 42810 27980 43260] on VIA8 is 36.579
[25760 42810 27860 43260] on M9 is 36.673
[25700 42810 25760 43260] on M9 is 36.673
[25680 42810 25840 43260] on VIA8 is 37.493
[25680 42810 25840 43260] on VIA7 is 39.911
[25680 42810 25840 43260] on VIA6 is 42.329
[25680 42810 25840 43260] on VIA5 is 44.747
[25680 42810 25840 43260] on VIA4 is 47.165
[25680 42810 25840 43260] on VIA3 is 49.583
[25680 42810 25840 43260] on VIA2 is 52.001
[25680 42810 25840 43260] on VIA1 is 54.419
[25680 40535 25840 43035] on M1 is 75.199
[25680 43035 25840 46035] on M1 is 54.419
[25680 45810 25840 46260] on VIA1 is 38.551
[25680 45810 25840 46260] on VIA2 is 37.141
[25680 45810 25840 46260] on VIA3 is 35.731
[25680 45810 25840 46260] on VIA4 is 34.32
[25680 45810 25840 46260] on VIA5 is 32.91
[25680 45810 25840 46260] on VIA6 is 31.5
[25680 45810 25840 46260] on VIA7 is 30.09
[25680 45810 25840 46260] on VIA8 is 28.68
[25700 45810 25760 46260] on M9 is 28.202
[23540 45810 25700 46260] on M9 is 28.194
[25580 45810 25820 46260] on VIA8 is 28.325
[25580 43035 25820 46035] on M8 is 36.853
[25580 40535 25820 43035] on M8 is 45.14
[25580 42810 25820 43260] on VIA8 is 36.853
[23540 42810 25700 43260] on M9 is 36.661
[22880 42810 23540 43260] on M9 is 36.048
[23420 42810 23660 43260] on VIA8 is 36.217
[23420 40535 23660 43035] on M8 is 44.151
[23420 43035 23660 46035] on M8 is 36.217
[23420 45810 23660 46260] on VIA8 is 27.943
[22880 45810 23540 46260] on M9 is 27.822
[21380 45810 22880 46260] on M9 is 27.676
[22800 45810 22960 46260] on VIA8 is 27.772
[22800 45810 22960 46260] on VIA7 is 28.054
[22800 45810 22960 46260] on VIA6 is 28.335
[22800 45810 22960 46260] on VIA5 is 28.617
[22800 45810 22960 46260] on VIA4 is 28.899
[22800 45810 22960 46260] on VIA3 is 29.181
[22800 45810 22960 46260] on VIA2 is 29.462
[22800 45810 22960 46260] on VIA1 is 29.744
[22800 43035 22960 46035] on M1 is 37.449
[22800 40535 22960 43035] on M1 is 44.566
[22800 42810 22960 43260] on VIA1 is 37.449
[22800 42810 22960 43260] on VIA2 is 37.227
[22800 42810 22960 43260] on VIA3 is 37.004
[22800 42810 22960 43260] on VIA4 is 36.781
[22800 42810 22960 43260] on VIA5 is 36.558
[22800 42810 22960 43260] on VIA6 is 36.336
[22800 42810 22960 43260] on VIA7 is 36.113
[22800 42810 22960 43260] on VIA8 is 35.89
[21380 42810 22880 43260] on M9 is 35.815
[20000 42810 21380 43260] on M9 is 35.24
[21260 42810 21500 43260] on VIA8 is 35.393
[21260 40535 21500 43035] on M8 is 42.992
[21260 43035 21500 46035] on M8 is 35.393
[21260 45810 21500 46260] on VIA8 is 27.402
[20000 45810 21380 46260] on M9 is 27.286
[19220 45810 20000 46260] on M9 is 26.862
[19920 45810 20080 46260] on VIA8 is 27.176
[19920 45810 20080 46260] on VIA7 is 28.105
[19920 45810 20080 46260] on VIA6 is 29.033
[19920 45810 20080 46260] on VIA5 is 29.962
[19920 45810 20080 46260] on VIA4 is 30.89
[19920 45810 20080 46260] on VIA3 is 31.819
[19920 45810 20080 46260] on VIA2 is 32.747
[19920 45810 20080 46260] on VIA1 is 33.675
[19920 43035 20080 46035] on M1 is 45.554
[19920 40535 20080 43035] on M1 is 60.107
[19920 42810 20080 43260] on VIA1 is 45.554
[19920 42810 20080 43260] on VIA2 is 44.065
[19920 42810 20080 43260] on VIA3 is 42.575
[19920 42810 20080 43260] on VIA4 is 41.086
[19920 42810 20080 43260] on VIA5 is 39.597
[19920 42810 20080 43260] on VIA6 is 38.107
[19920 42810 20080 43260] on VIA7 is 36.618
[19920 42810 20080 43260] on VIA8 is 35.129
[19220 42810 20000 43260] on M9 is 34.624
[17060 42810 19220 43260] on M9 is 34.116
[19100 42810 19340 43260] on VIA8 is 34.249
[19100 40535 19340 43035] on M8 is 41.414
[19100 43035 19340 46035] on M8 is 34.249
[19100 45810 19340 46260] on VIA8 is 26.635
[17060 45810 19220 46260] on M9 is 26.522
[14540 45810 17060 46260] on M9 is 25.48
[16940 45810 17180 46260] on VIA8 is 25.583
[16940 43035 17180 46035] on M8 is 32.691
[16940 40535 17180 43035] on M8 is 39.237
[16940 42810 17180 43260] on VIA8 is 32.691
[14540 42810 17060 43260] on M9 is 32.59
[12380 42810 14540 43260] on M9 is 30.706
[14420 42810 14660 43260] on VIA8 is 30.775
[14420 40535 14660 43035] on M8 is 36.637
[14420 43035 14660 46035] on M8 is 30.775
[14420 45810 14660 46260] on VIA8 is 24.252
[12380 45810 14540 46260] on M9 is 24.158
[10220 45810 12380 46260] on M9 is 22.942
[12260 45810 12500 46260] on VIA8 is 23.034
[12260 43035 12500 46035] on M8 is 29.078
[12260 40535 12500 43035] on M8 is 34.409
[12260 42810 12500 43260] on VIA8 is 29.078
[10220 42810 12380 43260] on M9 is 29.03
[8060 42810 10220 43260] on M9 is 27.312
[10100 42810 10340 43260] on VIA8 is 27.346
[10100 40535 10340 43035] on M8 is 32.22
[10100 43035 10340 46035] on M8 is 27.346
[10100 45810 10340 46260] on VIA8 is 21.752
[8060 45810 10220 46260] on M9 is 21.644
[5900 45810 8060 46260] on M9 is 20.252
[7940 45810 8180 46260] on VIA8 is 20.396
[7940 43035 8180 46035] on M8 is 25.594
[7940 40535 8180 43035] on M8 is 30.114
[7940 42810 8180 43260] on VIA8 is 25.594
[5900 42810 8060 43260] on M9 is 25.563
[5780 42810 6020 43260] on VIA8 is 23.826
[5780 40535 6020 43035] on M8 is 28.137
[5780 43035 6020 46035] on M8 is 23.826
[5780 45810 6020 46260] on VIA8 is 18.937
[5780 37535 6020 40535] on M8 is 31.548
[5780 40310 6020 40760] on VIA8 is 28.376
[5900 40310 8060 40760] on M9 is 30.277
[8060 40310 10220 40760] on M9 is 32.322
[7940 40310 8180 40760] on VIA8 is 30.277
[7940 37535 8180 40535] on M8 is 34.333
[7940 34535 8180 37535] on M8 is 36.729
[7940 37310 8180 37760] on VIA8 is 34.581
[8060 37310 10220 37760] on M9 is 37.497
[5900 37310 8060 37760] on M9 is 34.581
[5780 37310 6020 37760] on VIA8 is 31.882
[5780 34535 6020 37535] on M8 is 32.494
[5780 31535 6020 34535] on M8 is 33.217
[5780 34310 6020 34760] on VIA8 is 32.524
[5900 34310 8060 34760] on M9 is 36.823
[8060 34310 10220 34760] on M9 is 41.205
[7940 34310 8180 34760] on VIA8 is 36.823
[7940 31535 8180 34535] on M8 is 38.43
[7940 28535 8180 31535] on M8 is 38.757
[7940 31310 8180 31760] on VIA8 is 38.616
[8060 31310 10220 31760] on M9 is 44.065
[5900 31310 8060 31760] on M9 is 38.616
[3740 31310 5900 31760] on M9 is 33.33
[5780 31310 6020 31760] on VIA8 is 33.33
[5780 28535 6020 31535] on M8 is 33.217
[5780 25535 6020 28535] on M8 is 33.532
[5780 28310 6020 28760] on VIA8 is 33.105
[5900 28310 8060 28760] on M9 is 38.827
[3740 28310 5900 28760] on M9 is 33.032
[720 28310 3740 28760] on M9 is 27.172
[3620 28310 3860 28760] on VIA8 is 27.441
[3620 25535 3860 28535] on M8 is 28.781
[3620 28535 3860 31535] on M8 is 28.088
[3620 31310 3860 31760] on VIA8 is 28.144
[720 31310 3740 31760] on M9 is 28.144
[480 31310 720 31760] on M9 is 20.964
[480 31310 960 31760] on VIA8 is 20.964
[480 30140 960 31535] on M8 is 15.136
[480 28535 960 30140] on M8 is 11.73
[480 29900 960 30380] on VIA8 is 7.882
[720 29900 960 30380] on M9 is 1.702
[0 29900 720 30380] on M9 is 1.702
[480 28220 960 28535] on M8 is 11.73
[480 28310 960 28760] on VIA8 is 18.648
[480 28310 720 28760] on M9 is 18.648
[480 25535 960 28220] on M8 is 18.785
[480 27980 960 28460] on VIA8 is 9.806
[720 27980 960 28460] on M9 is 2.117
[0 27980 720 28460] on M9 is 2.117
[480 22680 960 25535] on M8 is 18.785
[480 25310 960 25760] on VIA8 is 23.501
[720 25310 3740 25760] on M9 is 29.313
[480 25310 720 25760] on M9 is 23.501
[3740 25310 5900 25760] on M9 is 33.937
[3620 25310 3860 25760] on VIA8 is 29.313
[3620 22535 3860 25535] on M8 is 28.781
[3620 20035 3860 22535] on M8 is 26.202
[3620 22310 3860 22760] on VIA8 is 26.202
[3740 22310 5900 22760] on M9 is 30.94
[720 22310 3740 22760] on M9 is 26.006
[480 22310 720 22760] on M9 is 18.864
[480 22310 960 22760] on VIA8 is 18.864
[480 22535 960 22680] on M8 is 13.069
[480 20035 960 22535] on M8 is 17.505
[480 18990 960 20035] on M8 is 17.505
[480 19810 960 20260] on VIA8 is 21.173
[720 19810 3740 20260] on M9 is 25.692
[480 19810 720 20260] on M9 is 21.173
[3740 19810 5900 20260] on M9 is 29.306
[3620 19810 3860 20260] on VIA8 is 25.692
[3620 17035 3860 20035] on M8 is 25.259
[3620 14035 3860 17035] on M8 is 20.931
[3620 16810 3860 17260] on VIA8 is 20.931
[3740 16810 5900 17260] on M9 is 24.379
[720 16810 3740 17260] on M9 is 20.614
[480 16810 720 17260] on M9 is 14.957
[480 16810 960 17260] on VIA8 is 14.957
[480 17035 960 17150] on M8 is 10.366
[480 14035 960 17035] on M8 is 13.037
[480 11610 960 14035] on M8 is 13.037
[480 13810 960 14260] on VIA8 is 15.741
[720 13810 3740 14260] on M9 is 19.072
[480 13810 720 14260] on M9 is 15.741
[3740 13810 5900 14260] on M9 is 21.564
[3620 13810 3860 14260] on VIA8 is 19.072
[3620 11035 3860 14035] on M8 is 18.949
[3620 8035 3860 11035] on M8 is 16.054
[3620 10810 3860 11260] on VIA8 is 16.054
[3740 10810 5900 11260] on M9 is 17.991
[720 10810 3740 11260] on M9 is 15.801
[480 10810 720 11260] on M9 is 12.426
[480 10810 960 11260] on VIA8 is 12.426
[480 11035 960 11610] on M8 is 9.687
[480 8035 960 11035] on M8 is 12.909
[480 5035 960 8035] on M8 is 12.909
[480 7810 960 8260] on VIA8 is 13.913
[720 7810 3740 8260] on M9 is 15.149
[480 7810 720 8260] on M9 is 13.913
[3740 7810 5900 8260] on M9 is 16.14
[3620 7810 3860 8260] on VIA8 is 15.149
[3620 5035 3860 8035] on M8 is 15.027
[3620 930 3860 5035] on M8 is 13.106
[3620 4810 3860 5260] on VIA8 is 13.187
[3740 4810 5900 5260] on M9 is 13.557
[720 4810 3740 5260] on M9 is 13.187
[480 4810 720 5260] on M9 is 12.77
[480 4810 960 5260] on VIA8 is 12.77
[480 930 960 5035] on M8 is 12.432
[480 480 960 930] on M8 is 10.07
[480 480 960 1380] on VIA8 is 10.07
[720 480 3740 1380] on M9 is 9.602
[480 480 720 1380] on M9 is 9.602
[3740 480 5900 1380] on M9 is 9.313
[3620 480 3860 1380] on VIA8 is 9.655
[3620 480 3860 930] on M8 is 9.655
[5900 480 8060 1380] on M9 is 8.957
[5780 480 6020 1380] on VIA8 is 9.366
[5780 480 6020 930] on M8 is 9.366
[5780 930 6020 5035] on M8 is 13.497
[5780 5035 6020 8035] on M8 is 16.074
[5780 4810 6020 5260] on VIA8 is 13.557
[5900 4810 8060 5260] on M9 is 13.979
[8060 4810 10220 5260] on M9 is 14.453
[7940 4810 8180 5260] on VIA8 is 13.979
[7940 930 8180 5035] on M8 is 13.922
[7940 5035 8180 8035] on M8 is 17.157
[7940 8035 8180 11035] on M8 is 20.158
[7940 7810 8180 8260] on VIA8 is 17.189
[8060 7810 10220 8260] on M9 is 18.267
[5900 7810 8060 8260] on M9 is 17.189
[5780 7810 6020 8260] on VIA8 is 16.14
[5780 8035 6020 11035] on M8 is 18.163
[5780 11035 6020 14035] on M8 is 21.522
[5780 10810 6020 11260] on VIA8 is 18.163
[5900 10810 8060 11260] on M9 is 20.03
[8060 10810 10220 11260] on M9 is 21.957
[7940 10810 8180 11260] on VIA8 is 20.158
[7940 11035 8180 14035] on M8 is 24.101
[7940 14035 8180 17035] on M8 is 28.096
[7940 13810 8180 14260] on VIA8 is 24.101
[8060 13810 10220 14260] on M9 is 26.617
[5900 13810 8060 14260] on M9 is 24.094
[5780 13810 6020 14260] on VIA8 is 21.564
[5780 14035 6020 17035] on M8 is 24.569
[5780 17035 6020 20035] on M8 is 29.02
[5780 16810 6020 17260] on VIA8 is 24.569
[5900 16810 8060 17260] on M9 is 27.977
[8060 16810 10220 17260] on M9 is 31.471
[7940 16810 8180 17260] on VIA8 is 28.096
[7940 17035 8180 20035] on M8 is 32.967
[7940 20035 8180 22535] on M8 is 35.771
[7940 19810 8180 20260] on VIA8 is 33.172
[8060 19810 10220 20260] on M9 is 37.218
[5900 19810 8060 20260] on M9 is 33.172
[5780 19810 6020 20260] on VIA8 is 29.306
[5780 20035 6020 22535] on M8 is 30.97
[5780 22535 6020 25535] on M8 is 33.532
[5780 22310 6020 22760] on VIA8 is 30.97
[5900 22310 8060 22760] on M9 is 35.849
[8060 22310 10220 22760] on M9 is 40.825
[7940 22310 8180 22760] on VIA8 is 35.849
[7940 22535 8180 25535] on M8 is 38.566
[7940 25535 8180 28535] on M8 is 38.757
[7940 25310 8180 25760] on VIA8 is 38.919
[8060 25310 10220 25760] on M9 is 44.212
[5900 25310 8060 25760] on M9 is 38.919
[5780 25310 6020 25760] on VIA8 is 33.937
[10220 25310 12380 25760] on M9 is 49.81
[10100 25310 10340 25760] on VIA8 is 44.212
[10100 22535 10340 25535] on M8 is 43.865
[10100 25535 10340 28535] on M8 is 44.502
[10100 28535 10340 31535] on M8 is 44.502
[10100 28310 10340 28760] on VIA8 is 44.685
[10220 28310 12380 28760] on M9 is 50.703
[8060 28310 10220 28760] on M9 is 44.685
[7940 28310 8180 28760] on VIA8 is 38.827
[12380 28310 14540 28760] on M9 is 56.964
[12260 28310 12500 28760] on VIA8 is 50.703
[12260 25535 12500 28535] on M8 is 50.427
[12260 28535 12500 31535] on M8 is 50.427
[12260 31535 12500 34535] on M8 is 49.377
[12260 31310 12500 31760] on VIA8 is 49.756
[12380 31310 14540 31760] on M9 is 55.779
[10220 31310 12380 31760] on M9 is 49.756
[10100 31310 10340 31760] on VIA8 is 44.065
[10100 31535 10340 34535] on M8 is 43.792
[10100 34535 10340 37535] on M8 is 41.066
[10100 34310 10340 34760] on VIA8 is 41.205
[10220 34310 12380 34760] on M9 is 45.709
[12380 34310 14540 34760] on M9 is 50.364
[12260 34310 12500 34760] on VIA8 is 45.709
[12260 34535 12500 37535] on M8 is 45.539
[12260 37535 12500 40535] on M8 is 40.447
[12260 37310 12500 37760] on VIA8 is 40.575
[12380 37310 14540 37760] on M9 is 43.765
[10220 37310 12380 37760] on M9 is 40.575
[10100 37310 10340 37760] on VIA8 is 37.497
[10100 37535 10340 40535] on M8 is 37.315
[10100 40310 10340 40760] on VIA8 is 32.322
[10220 40310 12380 40760] on M9 is 34.457
[12380 40310 14540 40760] on M9 is 36.635
[12260 40310 12500 40760] on VIA8 is 34.457
[14540 40310 17060 40760] on M9 is 39.174
[14420 40310 14660 40760] on VIA8 is 36.637
[14420 37535 14660 40535] on M8 is 43.688
[14420 34535 14660 37535] on M8 is 50.175
[14420 37310 14660 37760] on VIA8 is 43.765
[14540 37310 17060 37760] on M9 is 47.566
[17060 37310 19220 37760] on M9 is 50.833
[16940 37310 17180 37760] on VIA8 is 47.566
[16940 34535 17180 37535] on M8 is 55.796
[16940 37535 17180 40535] on M8 is 47.555
[16940 40310 17180 40760] on VIA8 is 39.237
[17060 40310 19220 40760] on M9 is 41.294
[19220 40310 20000 40760] on M9 is 42.022
[19100 40310 19340 40760] on VIA8 is 41.414
[19100 37535 19340 40535] on M8 is 50.892
[19100 34535 19340 37535] on M8 is 60.808
[19100 37310 19340 37760] on VIA8 is 50.892
[19220 37310 20000 37760] on M9 is 51.994
[20000 37310 21380 37760] on M9 is 53.143
[19920 37310 20080 37760] on VIA8 is 53.602
[19920 37310 20080 37760] on VIA7 is 58.346
[19920 37310 20080 37760] on VIA6 is 63.09
[19920 37310 20080 37760] on VIA5 is 67.834
[19920 37310 20080 37760] on VIA4 is 72.579
[19920 37310 20080 37760] on VIA3 is 77.323
[19920 37310 20080 37760] on VIA2 is 82.067
[19920 37310 20080 37760] on VIA1 is 86.812
[19920 34535 20080 37535] on M1 is 131.307
[19920 37535 20080 40535] on M1 is 86.812
[19920 40310 20080 40760] on VIA1 is 60.107
[19920 40310 20080 40760] on VIA2 is 57.643
[19920 40310 20080 40760] on VIA3 is 55.179
[19920 40310 20080 40760] on VIA4 is 52.714
[19920 40310 20080 40760] on VIA5 is 50.25
[19920 40310 20080 40760] on VIA6 is 47.786
[19920 40310 20080 40760] on VIA7 is 45.321
[19920 40310 20080 40760] on VIA8 is 42.857
[20000 40310 21380 40760] on M9 is 42.839
[21380 40310 22880 40760] on M9 is 43.635
[21260 40310 21500 40760] on VIA8 is 42.992
[21260 37535 21500 40535] on M8 is 53.235
[21260 34535 21500 37535] on M8 is 64.158
[21260 37310 21500 37760] on VIA8 is 53.235
[21380 37310 22880 37760] on M9 is 54.334
[22880 37310 23540 37760] on M9 is 54.868
[22800 37310 22960 37760] on VIA8 is 54.334
[22800 37310 22960 37760] on VIA7 is 54.3
[22800 37310 22960 37760] on VIA6 is 54.197
[22800 37310 22960 37760] on VIA5 is 54.095
[22800 37310 22960 37760] on VIA4 is 53.992
[22800 37310 22960 37760] on VIA3 is 53.89
[22800 37310 22960 37760] on VIA2 is 53.787
[22800 37310 22960 37760] on VIA1 is 53.685
[22800 34535 22960 37535] on M1 is 62.213
[22800 37535 22960 40535] on M1 is 53.582
[22800 40310 22960 40760] on VIA1 is 44.566
[22800 40310 22960 40760] on VIA2 is 44.439
[22800 40310 22960 40760] on VIA3 is 44.312
[22800 40310 22960 40760] on VIA4 is 44.185
[22800 40310 22960 40760] on VIA5 is 44.058
[22800 40310 22960 40760] on VIA6 is 43.931
[22800 40310 22960 40760] on VIA7 is 43.805
[22800 40310 22960 40760] on VIA8 is 43.678
[22880 40310 23540 40760] on M9 is 43.973
[23540 40310 25700 40760] on M9 is 44.923
[23420 40310 23660 40760] on VIA8 is 44.151
[23420 37535 23660 40535] on M8 is 54.988
[23420 34535 23660 37535] on M8 is 66.71
[23420 37310 23660 37760] on VIA8 is 54.988
[23540 37310 25700 37760] on M9 is 56.51
[25700 37310 25760 37760] on M9 is 56.551
[25580 37310 25820 37760] on VIA8 is 56.691
[25580 34535 25820 37535] on M8 is 69.58
[25580 37535 25820 40535] on M8 is 56.691
[25580 40310 25820 40760] on VIA8 is 45.14
[25700 40310 25760 40760] on M9 is 44.944
[25760 40310 27860 40760] on M9 is 44.944
[25680 40310 25840 40760] on VIA8 is 46.341
[25680 40310 25840 40760] on VIA7 is 50.464
[25680 40310 25840 40760] on VIA6 is 54.586
[25680 40310 25840 40760] on VIA5 is 58.709
[25680 40310 25840 40760] on VIA4 is 62.831
[25680 40310 25840 40760] on VIA3 is 66.954
[25680 40310 25840 40760] on VIA2 is 71.076
[25680 40310 25840 40760] on VIA1 is 75.199
[25680 37535 25840 40535] on M1 is 115.594
[25680 34535 25840 37535] on M1 is 186.159
[25680 37310 25840 37760] on VIA1 is 115.594
[25680 37310 25840 37760] on VIA2 is 107.549
[25680 37310 25840 37760] on VIA3 is 99.504
[25680 37310 25840 37760] on VIA4 is 91.458
[25680 37310 25840 37760] on VIA5 is 83.413
[25680 37310 25840 37760] on VIA6 is 75.368
[25680 37310 25840 37760] on VIA7 is 67.323
[25680 37310 25840 37760] on VIA8 is 59.278
[25760 37310 27860 37760] on M9 is 56.551
[27860 37310 28640 37760] on M9 is 55.655
[27740 37310 27980 37760] on VIA8 is 55.789
[27740 34535 27980 37535] on M8 is 67.893
[27740 37535 27980 40535] on M8 is 55.789
[27740 40310 27980 40760] on VIA8 is 44.674
[27860 40310 28640 40760] on M9 is 44.484
[28640 40310 30020 40760] on M9 is 44.252
[28560 40310 28720 40760] on VIA8 is 44.301
[28560 40310 28720 40760] on VIA7 is 44.446
[28560 40310 28720 40760] on VIA6 is 44.59
[28560 40310 28720 40760] on VIA5 is 44.734
[28560 40310 28720 40760] on VIA4 is 44.878
[28560 40310 28720 40760] on VIA3 is 45.022
[28560 40310 28720 40760] on VIA2 is 45.167
[28560 40310 28720 40760] on VIA1 is 45.311
[28560 37535 28720 40535] on M1 is 54.61
[28560 34535 28720 37535] on M1 is 63.568
[28560 37310 28720 37760] on VIA1 is 54.702
[28560 37310 28720 37760] on VIA2 is 54.793
[28560 37310 28720 37760] on VIA3 is 54.884
[28560 37310 28720 37760] on VIA4 is 54.975
[28560 37310 28720 37760] on VIA5 is 55.067
[28560 37310 28720 37760] on VIA6 is 55.158
[28560 37310 28720 37760] on VIA7 is 55.249
[28560 37310 28720 37760] on VIA8 is 55.28
[28640 37310 30020 37760] on M9 is 55.28
[30020 37310 31520 37760] on M9 is 54.634
[29900 37310 30140 37760] on VIA8 is 54.751
[29900 34535 30140 37535] on M8 is 66.377
[29900 37535 30140 40535] on M8 is 54.751
[29900 40310 30140 40760] on VIA8 is 43.989
[30020 40310 31520 40760] on M9 is 43.816
[31520 40310 32540 40760] on M9 is 43.235
[31440 40310 31600 40760] on VIA8 is 44.157
[31440 40310 31600 40760] on VIA7 is 46.881
[31440 40310 31600 40760] on VIA6 is 49.604
[31440 40310 31600 40760] on VIA5 is 52.327
[31440 40310 31600 40760] on VIA4 is 55.05
[31440 40310 31600 40760] on VIA3 is 57.773
[31440 40310 31600 40760] on VIA2 is 60.496
[31440 40310 31600 40760] on VIA1 is 63.219
[31440 37535 31600 40535] on M1 is 92.295
[31440 34535 31600 37535] on M1 is 141.011
[31440 37310 31600 37760] on VIA1 is 92.295
[31440 37310 31600 37760] on VIA2 is 87.058
[31440 37310 31600 37760] on VIA3 is 81.82
[31440 37310 31600 37760] on VIA4 is 76.583
[31440 37310 31600 37760] on VIA5 is 71.346
[31440 37310 31600 37760] on VIA6 is 66.108
[31440 37310 31600 37760] on VIA7 is 60.871
[31440 37310 31600 37760] on VIA8 is 55.634
[31520 37310 32540 37760] on M9 is 53.859
[32540 37310 34700 37760] on M9 is 52.594
[32420 37310 32660 37760] on VIA8 is 52.68
[32420 34535 32660 37535] on M8 is 63.395
[32420 37535 32660 40535] on M8 is 52.68
[32420 40310 32660 40760] on VIA8 is 42.598
[32540 40310 34700 40760] on M9 is 42.455
[34700 40310 36860 40760] on M9 is 40.679
[34580 40310 34820 40760] on VIA8 is 40.773
[34580 37535 34820 40535] on M8 is 49.862
[34580 34535 34820 37535] on M8 is 59.12
[34580 37310 34820 37760] on VIA8 is 49.862
[34700 37310 36860 37760] on M9 is 49.839
[36860 37310 39020 37760] on M9 is 47.063
[36740 37310 36980 37760] on VIA8 is 47.063
[36740 34535 36980 37535] on M8 is 55.039
[36740 37535 36980 40535] on M8 is 47.04
[36740 40310 36980 40760] on VIA8 is 38.872
[36860 40310 39020 40760] on M9 is 38.82
[39020 40310 41180 40760] on M9 is 36.916
[38900 40310 39140 40760] on VIA8 is 36.929
[38900 37535 39140 40535] on M8 is 44.25
[38900 34535 39140 37535] on M8 is 51.142
[38900 37310 39140 37760] on VIA8 is 44.308
[39020 37310 41180 37760] on M9 is 44.308
[41180 37310 43340 37760] on M9 is 41.604
[41060 37310 41300 37760] on VIA8 is 41.604
[41060 34535 41300 37535] on M8 is 47.405
[41060 37535 41300 40535] on M8 is 41.516
[41060 40310 41300 40760] on VIA8 is 35.001
[41180 40310 43340 40760] on M9 is 35.001
[43340 40310 45500 40760] on M9 is 33.107
[43220 40310 43460 40760] on VIA8 is 33.107
[43220 37535 43460 40535] on M8 is 38.858
[43220 34535 43460 37535] on M8 is 43.797
[43220 37310 43460 37760] on VIA8 is 38.977
[43340 37310 45500 37760] on M9 is 38.977
[45500 37310 48020 37760] on M9 is 36.456
[45380 37310 45620 37760] on VIA8 is 36.456
[45380 34535 45620 37535] on M8 is 40.269
[45380 37535 45620 40535] on M8 is 36.298
[45380 40310 45620 40760] on VIA8 is 31.272
[45500 40310 48020 40760] on M9 is 31.272
[48020 40310 50180 40760] on M9 is 29.247
[47900 40310 48140 40760] on VIA8 is 29.247
[47900 37535 48140 40535] on M8 is 33.451
[47900 34535 48140 37535] on M8 is 36.17
[47900 37310 48140 37760] on VIA8 is 33.677
[48020 37310 50180 37760] on M9 is 33.677
[50180 37310 53680 37760] on M9 is 31.495
[50060 37310 50300 37760] on VIA8 is 31.495
[50060 34535 50300 37535] on M8 is 32.558
[50060 37535 50300 40535] on M8 is 31.171
[50060 40310 50300 40760] on VIA8 is 27.676
[50180 40310 53680 40760] on M9 is 27.676
[53680 40310 53920 40760] on M9 is 25.525
[53440 40310 53920 40760] on VIA8 is 25.525
[53440 37535 53920 40535] on M8 is 26.268
[53440 40535 53920 43035] on M8 is 24.018
[53440 43035 53920 44830] on M8 is 17.514
[53440 42810 53920 43260] on VIA8 is 19.554
[53680 42810 53920 43260] on M9 is 19.554
[53440 44590 53920 45070] on VIA8 is 8.341
[53680 44590 54400 45070] on M9 is 1.801
[53440 44590 53680 45070] on M9 is 1.801
[53440 37450 53920 37535] on M8 is 26.268
[53440 37310 53920 37760] on VIA8 is 28.42
[53680 37310 53920 37760] on M9 is 28.42
[53440 34535 53920 37450] on M8 is 26.107
[53440 37210 53920 37690] on VIA8 is 26.107
[53440 33760 53920 34535] on M8 is 20.577
[53440 34310 53920 34760] on VIA8 is 25.339
[53680 34310 53920 34760] on M9 is 25.339
[50180 34310 53680 34760] on M9 is 32.141
[48020 34310 50180 34760] on M9 is 35.97
[50060 34310 50300 34760] on VIA8 is 32.558
[50060 31535 50300 34535] on M8 is 37.022
[50060 28535 50300 31535] on M8 is 39.748
[50060 31310 50300 31760] on VIA8 is 37.258
[50180 31310 53680 31760] on M9 is 37.258
[48020 31310 50180 31760] on M9 is 40.62
[45500 31310 48020 31760] on M9 is 44.808
[47900 31310 48140 31760] on VIA8 is 40.62
[47900 28535 48140 31535] on M8 is 42.656
[47900 31535 48140 34535] on M8 is 40.363
[47900 34310 48140 34760] on VIA8 is 36.17
[45500 34310 48020 34760] on M9 is 40.233
[43340 34310 45500 34760] on M9 is 43.854
[45380 34310 45620 34760] on VIA8 is 40.269
[45380 31535 45620 34535] on M8 is 44.51
[45380 28535 45620 31535] on M8 is 46.553
[45380 31310 45620 31760] on VIA8 is 44.808
[43340 31310 45500 31760] on M9 is 48.66
[41180 31310 43340 31760] on M9 is 52.816
[43220 31310 43460 31760] on VIA8 is 48.66
[43220 28535 43460 31535] on M8 is 50.284
[43220 31535 43460 34535] on M8 is 48.314
[43220 34310 43460 34760] on VIA8 is 43.854
[41180 34310 43340 34760] on M9 is 47.526
[39020 34310 41180 34760] on M9 is 51.304
[41060 34310 41300 34760] on VIA8 is 47.526
[41060 31535 41300 34535] on M8 is 52.408
[41060 28535 41300 31535] on M8 is 54.399
[41060 31310 41300 31760] on VIA8 is 52.816
[39020 31310 41180 31760] on M9 is 57.331
[36860 31310 39020 31760] on M9 is 62.28
[38900 31310 39140 31760] on VIA8 is 57.331
[38900 28535 39140 31535] on M8 is 58.912
[38900 31535 39140 34535] on M8 is 56.84
[38900 34310 39140 34760] on VIA8 is 51.304
[36860 34310 39020 34760] on M9 is 55.224
[34700 34310 36860 34760] on M9 is 59.307
[36740 34310 36980 34760] on VIA8 is 55.224
[36740 31535 36980 34535] on M8 is 61.676
[36740 28535 36980 31535] on M8 is 63.853
[36740 31310 36980 31760] on VIA8 is 62.28
[34700 31310 36860 31760] on M9 is 67.762
[32540 31310 34700 31760] on M9 is 73.915
[34580 31310 34820 31760] on VIA8 is 67.762
[34580 28535 34820 31535] on M8 is 69.267
[34580 31535 34820 34535] on M8 is 67.001
[34580 34310 34820 34760] on VIA8 is 59.307
[32540 34310 34700 34760] on M9 is 63.555
[31520 34310 32540 34760] on M9 is 65.627
[32420 34310 32660 34760] on VIA8 is 63.555
[32420 31535 32660 34535] on M8 is 72.931
[32420 28535 32660 31535] on M8 is 75.21
[32420 31310 32660 31760] on VIA8 is 73.915
[31520 31310 32540 31760] on M9 is 77.23
[30020 31310 31520 31760] on M9 is 77.837
[31440 31310 31600 31760] on VIA8 is 84.203
[31440 31310 31600 31760] on VIA7 is 104.781
[31440 31310 31600 31760] on VIA6 is 125.358
[31440 31310 31600 31760] on VIA5 is 145.936
[31440 31310 31600 31760] on VIA4 is 166.513
[31440 31310 31600 31760] on VIA3 is 187.09
[31440 31310 31600 31760] on VIA2 is 207.668
[31440 31310 31600 31760] on VIA1 is 228.245
[31440 31520 31600 31535] on M1 is 229.067
[31440 31535 31600 34535] on M1 is 228.245
[31440 34310 31600 34760] on VIA1 is 141.011
[31440 34310 31600 34760] on VIA2 is 130.739
[31440 34310 31600 34760] on VIA3 is 120.467
[31440 34310 31600 34760] on VIA4 is 110.195
[31440 34310 31600 34760] on VIA5 is 99.923
[31440 34310 31600 34760] on VIA6 is 89.652
[31440 34310 31600 34760] on VIA7 is 79.38
[31440 34310 31600 34760] on VIA8 is 69.108
[30020 34310 31520 34760] on M9 is 66.544
[28640 34310 30020 34760] on M9 is 67.482
[29900 34310 30140 34760] on VIA8 is 66.544
[29900 31535 30140 34535] on M8 is 76.771
[29900 28535 30140 31535] on M8 is 79.3
[29900 31310 30140 31760] on VIA8 is 77.837
[28640 31310 30020 31760] on M9 is 78.995
[27860 31310 28640 31760] on M9 is 79.775
[28560 31310 28720 31760] on VIA8 is 78.995
[28560 31310 28720 31760] on VIA7 is 78.604
[28560 31310 28720 31760] on VIA6 is 77.45
[28560 31310 28720 31760] on VIA5 is 76.296
[28560 31310 28720 31760] on VIA4 is 75.142
[28560 31310 28720 31760] on VIA3 is 73.987
[28560 31310 28720 31760] on VIA2 is 72.833
[28560 31310 28720 31760] on VIA1 is 71.679
[28560 28535 28720 31535] on M1 is 73.153
[28560 31535 28720 34535] on M1 is 70.524
[28560 34310 28720 34760] on VIA1 is 64.101
[28560 34310 28720 34760] on VIA2 is 64.634
[28560 34310 28720 34760] on VIA3 is 65.168
[28560 34310 28720 34760] on VIA4 is 65.701
[28560 34310 28720 34760] on VIA5 is 66.234
[28560 34310 28720 34760] on VIA6 is 66.768
[28560 34310 28720 34760] on VIA7 is 67.301
[28560 34310 28720 34760] on VIA8 is 67.482
[27860 34310 28640 34760] on M9 is 68.07
[25760 34310 27860 34760] on M9 is 69.803
[27740 34310 27980 34760] on VIA8 is 68.07
[27740 31535 27980 34535] on M8 is 78.69
[27740 28535 27980 31535] on M8 is 81.489
[27740 31310 27980 31760] on VIA8 is 79.775
[25760 31310 27860 31760] on M9 is 82.802
[25700 31310 25760 31760] on M9 is 82.802
[25680 31310 25840 31760] on VIA8 is 92.67
[25680 31310 25840 31760] on VIA7 is 121.787
[25680 31310 25840 31760] on VIA6 is 150.904
[25680 31310 25840 31760] on VIA5 is 180.022
[25680 31310 25840 31760] on VIA4 is 209.139
[25680 31310 25840 31760] on VIA3 is 238.257
[25680 31310 25840 31760] on VIA2 is 267.374
[25680 31310 25840 31760] on VIA1 is 296.491
[25680 31520 25840 31535] on M1 is 297.375
[25680 31535 25840 32480] on M1 is 296.491
[25680 32480 25840 34535] on M1 is 275.223
[25680 34310 25840 34760] on VIA1 is 186.159
[25680 34310 25840 34760] on VIA2 is 170.304
[25680 34310 25840 34760] on VIA3 is 154.45
[25680 34310 25840 34760] on VIA4 is 138.595
[25680 34310 25840 34760] on VIA5 is 122.74
[25680 34310 25840 34760] on VIA6 is 106.886
[25680 34310 25840 34760] on VIA7 is 91.031
[25680 34310 25840 34760] on VIA8 is 75.176
[25700 34310 25760 34760] on M9 is 69.803
[23540 34310 25700 34760] on M9 is 69.721
[25580 34310 25820 34760] on VIA8 is 69.721
[25580 31535 25820 34535] on M8 is 81.428
[25580 28535 25820 31535] on M8 is 84.284
[25580 31310 25820 31760] on VIA8 is 82.647
[23540 31310 25700 31760] on M9 is 82.647
[22880 31310 23540 31760] on M9 is 78.139
[23420 31310 23660 31760] on VIA8 is 78.139
[23420 28535 23660 31535] on M8 is 79.662
[23420 31535 23660 34535] on M8 is 77.082
[23420 34310 23660 34760] on VIA8 is 66.893
[22880 34310 23540 34760] on M9 is 66.893
[21380 34310 22880 34760] on M9 is 66.079
[22800 34310 22960 34760] on VIA8 is 66.079
[22800 34310 22960 34760] on VIA7 is 65.9
[22800 34310 22960 34760] on VIA6 is 65.373
[22800 34310 22960 34760] on VIA5 is 64.847
[22800 34310 22960 34760] on VIA4 is 64.32
[22800 34310 22960 34760] on VIA3 is 63.793
[22800 34310 22960 34760] on VIA2 is 63.267
[22800 34310 22960 34760] on VIA1 is 62.74
[22800 31535 22960 34535] on M1 is 68.87
[22800 28535 22960 31535] on M1 is 71.348
[22800 31310 22960 31760] on VIA1 is 69.984
[22800 31310 22960 31760] on VIA2 is 71.098
[22800 31310 22960 31760] on VIA3 is 72.212
[22800 31310 22960 31760] on VIA4 is 73.326
[22800 31310 22960 31760] on VIA5 is 74.44
[22800 31310 22960 31760] on VIA6 is 75.554
[22800 31310 22960 31760] on VIA7 is 76.668
[22800 31310 22960 31760] on VIA8 is 77.046
[21380 31310 22880 31760] on M9 is 77.046
[20000 31310 21380 31760] on M9 is 74.792
[21260 31310 21500 31760] on VIA8 is 74.792
[21260 28535 21500 31535] on M8 is 75.831
[21260 31535 21500 34535] on M8 is 73.769
[21260 34310 21500 34760] on VIA8 is 64.336
[20000 34310 21380 34760] on M9 is 64.336
[19220 34310 20000 34760] on M9 is 62.833
[19920 34310 20080 34760] on VIA8 is 65.995
[19920 34310 20080 34760] on VIA7 is 75.326
[19920 34310 20080 34760] on VIA6 is 84.656
[19920 34310 20080 34760] on VIA5 is 93.986
[19920 34310 20080 34760] on VIA4 is 103.316
[19920 34310 20080 34760] on VIA3 is 112.647
[19920 34310 20080 34760] on VIA2 is 121.977
[19920 34310 20080 34760] on VIA1 is 131.307
[19920 31535 20080 34535] on M1 is 210.791
[19920 31520 20080 31535] on M1 is 211.54
[19920 31310 20080 31760] on VIA1 is 210.791
[19920 31310 20080 31760] on VIA2 is 192.056
[19920 31310 20080 31760] on VIA3 is 173.321
[19920 31310 20080 31760] on VIA4 is 154.586
[19920 31310 20080 31760] on VIA5 is 135.85
[19920 31310 20080 31760] on VIA6 is 117.115
[19920 31310 20080 31760] on VIA7 is 98.38
[19920 31310 20080 31760] on VIA8 is 79.645
[19220 31310 20000 31760] on M9 is 73.296
[17060 31310 19220 31760] on M9 is 70.429
[19100 31310 19340 31760] on VIA8 is 70.429
[19100 28535 19340 31535] on M8 is 71.115
[19100 31535 19340 34535] on M8 is 69.476
[19100 34310 19340 34760] on VIA8 is 60.978
[17060 34310 19220 34760] on M9 is 60.978
[14540 34310 17060 34760] on M9 is 55.988
[16940 34310 17180 34760] on VIA8 is 55.988
[16940 31535 17180 34535] on M8 is 62.62
[16940 28535 17180 31535] on M8 is 64.201
[16940 31310 17180 31760] on VIA8 is 63.33
[14540 31310 17060 31760] on M9 is 63.33
[14420 31310 14660 31760] on VIA8 is 55.779
[14420 28535 14660 31535] on M8 is 56.608
[14420 31535 14660 34535] on M8 is 55.27
[14420 34310 14660 34760] on VIA8 is 50.364
[14420 25535 14660 28535] on M8 is 56.608
[14420 28310 14660 28760] on VIA8 is 56.964
[14540 28310 17060 28760] on M9 is 64.635
[17060 28310 19220 28760] on M9 is 71.592
[16940 28310 17180 28760] on VIA8 is 64.635
[16940 25535 17180 28535] on M8 is 64.201
[16940 22535 17180 25535] on M8 is 62.586
[16940 25310 17180 25760] on VIA8 is 63.076
[17060 25310 19220 25760] on M9 is 69.799
[14540 25310 17060 25760] on M9 is 63.076
[12380 25310 14540 25760] on M9 is 55.736
[14420 25310 14660 25760] on VIA8 is 55.736
[14420 22535 14660 25535] on M8 is 55.319
[14420 20035 14660 22535] on M8 is 50.961
[14420 22310 14660 22760] on VIA8 is 51.243
[14540 22310 17060 22760] on M9 is 57.723
[12380 22310 14540 22760] on M9 is 51.243
[10220 22310 12380 22760] on M9 is 45.938
[12260 22310 12500 22760] on VIA8 is 45.938
[12260 20035 12500 22535] on M8 is 45.719
[12260 22535 12500 25535] on M8 is 49.44
[12260 25310 12500 25760] on VIA8 is 49.81
[12260 17035 12500 20035] on M8 is 41.272
[12260 19810 12500 20260] on VIA8 is 41.404
[12380 19810 14540 20260] on M9 is 45.706
[10220 19810 12380 20260] on M9 is 41.404
[10100 19810 10340 20260] on VIA8 is 37.218
[10100 17035 10340 20035] on M8 is 37.059
[10100 20035 10340 22535] on M8 is 40.671
[10100 22310 10340 22760] on VIA8 is 40.825
[10100 14035 10340 17035] on M8 is 31.553
[10100 16810 10340 17260] on VIA8 is 31.553
[10220 16810 12380 17260] on M9 is 34.891
[12380 16810 14540 17260] on M9 is 38.249
[12260 16810 12500 17260] on VIA8 is 34.961
[12260 14035 12500 17035] on M8 is 34.961
[12260 11035 12500 14035] on M8 is 29.173
[12260 13810 12500 14260] on VIA8 is 29.173
[12380 13810 14540 14260] on M9 is 31.53
[10220 13810 12380 14260] on M9 is 29.104
[10100 13810 10340 14260] on VIA8 is 26.657
[10100 11035 10340 14035] on M8 is 26.657
[10100 8035 10340 11035] on M8 is 22.063
[10100 10810 10340 11260] on VIA8 is 22.063
[10220 10810 12380 11260] on M9 is 23.789
[12380 10810 14540 11260] on M9 is 25.531
[12260 10810 12500 11260] on VIA8 is 23.891
[12260 8035 12500 11035] on M8 is 23.891
[12260 5035 12500 8035] on M8 is 19.365
[12260 7810 12500 8260] on VIA8 is 19.365
[12380 7810 14540 8260] on M9 is 20.429
[10220 7810 12380 8260] on M9 is 19.353
[10100 7810 10340 8260] on VIA8 is 18.267
[10100 5035 10340 8035] on M8 is 18.256
[10100 930 10340 5035] on M8 is 14.374
[10100 4810 10340 5260] on VIA8 is 14.453
[10220 4810 12380 5260] on M9 is 14.995
[12380 4810 14540 5260] on M9 is 15.597
[12260 4810 12500 5260] on VIA8 is 14.995
[12260 930 12500 5035] on M8 is 14.928
[12260 480 12500 930] on M8 is 8.174
[12260 480 12500 1380] on VIA8 is 8.174
[11420 480 12380 1380] on M9 is 7.505
[12380 480 14540 1380] on M9 is 8.13
[14540 480 17060 1380] on M9 is 8.514
[14420 480 14660 1380] on VIA8 is 8.802
[14420 480 14660 930] on M8 is 8.802
[14420 930 14660 5035] on M8 is 15.587
[14420 5035 14660 8035] on M8 is 20.468
[14420 4810 14660 5260] on VIA8 is 15.597
[14540 4810 17060 5260] on M9 is 16.31
[17060 4810 19220 5260] on M9 is 16.901
[16940 4810 17180 5260] on VIA8 is 16.334
[16940 930 17180 5035] on M8 is 16.334
[16940 5035 17180 8035] on M8 is 21.71
[16940 8035 17180 11035] on M8 is 27.579
[16940 7810 17180 8260] on VIA8 is 21.71
[17060 7810 19220 8260] on M9 is 22.625
[14540 7810 17060 8260] on M9 is 21.643
[14420 7810 14660 8260] on VIA8 is 20.468
[14420 8035 14660 11035] on M8 is 25.641
[14420 11035 14660 14035] on M8 is 31.627
[14420 10810 14660 11260] on VIA8 is 25.641
[14540 10810 17060 11260] on M9 is 27.451
[17060 10810 19220 11260] on M9 is 28.983
[16940 10810 17180 11260] on VIA8 is 27.579
[16940 11035 17180 14035] on M8 is 34.394
[16940 14035 17180 17035] on M8 is 42.191
[16940 13810 17180 14260] on VIA8 is 34.394
[17060 13810 19220 14260] on M9 is 36.485
[14540 13810 17060 14260] on M9 is 34.261
[14420 13810 14660 14260] on VIA8 is 31.627
[14420 14035 14660 17035] on M8 is 38.326
[14420 17035 14660 20035] on M8 is 45.594
[14420 16810 14660 17260] on VIA8 is 38.326
[14540 16810 17060 17260] on M9 is 42.088
[17060 16810 19220 17260] on M9 is 45.286
[16940 16810 17180 17260] on VIA8 is 42.191
[16940 17035 17180 20035] on M8 is 50.755
[16940 20035 17180 22535] on M8 is 57.358
[16940 19810 17180 20260] on VIA8 is 50.841
[17060 19810 19220 20260] on M9 is 55.319
[14540 19810 17060 20260] on M9 is 50.841
[14420 19810 14660 20260] on VIA8 is 45.706
[19220 19810 20000 20260] on M9 is 56.953
[19100 19810 19340 20260] on VIA8 is 55.319
[19100 17035 19340 20035] on M8 is 55.267
[19100 20035 19340 22535] on M8 is 63.143
[19100 22535 19340 25535] on M8 is 69.23
[19100 22310 19340 22760] on VIA8 is 63.599
[19220 22310 20000 22760] on M9 is 65.866
[17060 22310 19220 22760] on M9 is 63.599
[16940 22310 17180 22760] on VIA8 is 57.723
[20000 22310 21380 22760] on M9 is 67.634
[19920 22310 20080 22760] on VIA8 is 69.851
[19920 22310 20080 22760] on VIA7 is 81.61
[19920 22310 20080 22760] on VIA6 is 93.369
[19920 22310 20080 22760] on VIA5 is 105.128
[19920 22310 20080 22760] on VIA4 is 116.888
[19920 22310 20080 22760] on VIA3 is 128.647
[19920 22310 20080 22760] on VIA2 is 140.406
[19920 22310 20080 22760] on VIA1 is 152.165
[19920 20035 20080 22535] on M1 is 152.165
[19920 22535 20080 23040] on M1 is 169.241
[19920 23040 20080 25535] on M1 is 169.241
[19920 25535 20080 26400] on M1 is 183.358
[19920 25310 20080 25760] on VIA1 is 169.141
[19920 25310 20080 25760] on VIA2 is 155.96
[19920 25310 20080 25760] on VIA3 is 142.779
[19920 25310 20080 25760] on VIA4 is 129.599
[19920 25310 20080 25760] on VIA5 is 116.418
[19920 25310 20080 25760] on VIA6 is 103.237
[19920 25310 20080 25760] on VIA7 is 90.056
[19920 25310 20080 25760] on VIA8 is 76.875
[20000 25310 21380 25760] on M9 is 74.51
[19220 25310 20000 25760] on M9 is 72.409
[19100 25310 19340 25760] on VIA8 is 69.799
[19100 25535 19340 28535] on M8 is 71.115
[19100 28310 19340 28760] on VIA8 is 71.592
[19220 28310 20000 28760] on M9 is 74.256
[20000 28310 21380 28760] on M9 is 76.378
[19920 28310 20080 28760] on VIA8 is 78.861
[19920 28310 20080 28760] on VIA7 is 92.448
[19920 28310 20080 28760] on VIA6 is 106.035
[19920 28310 20080 28760] on VIA5 is 119.622
[19920 28310 20080 28760] on VIA4 is 133.209
[19920 28310 20080 28760] on VIA3 is 146.796
[19920 28310 20080 28760] on VIA2 is 160.383
[19920 28310 20080 28760] on VIA1 is 173.97
[19920 26400 20080 28535] on M1 is 183.358
[19920 28535 20080 31520] on M1 is 211.54
[21380 28310 22880 28760] on M9 is 79.017
[21260 28310 21500 28760] on VIA8 is 76.378
[21260 25535 21500 28535] on M8 is 75.831
[21260 22535 21500 25535] on M8 is 73.866
[21260 25310 21500 25760] on VIA8 is 74.51
[21380 25310 22880 25760] on M9 is 77.188
[22880 25310 23540 25760] on M9 is 78.457
[22800 25310 22960 25760] on VIA8 is 77.188
[22800 25310 22960 25760] on VIA7 is 76.852
[22800 25310 22960 25760] on VIA6 is 75.86
[22800 25310 22960 25760] on VIA5 is 74.868
[22800 25310 22960 25760] on VIA4 is 73.876
[22800 25310 22960 25760] on VIA3 is 72.884
[22800 25310 22960 25760] on VIA2 is 71.892
[22800 25310 22960 25760] on VIA1 is 70.9
[22800 22535 22960 25535] on M1 is 69.908
[22800 25535 22960 28535] on M1 is 71.348
[22800 28310 22960 28760] on VIA1 is 72.393
[22800 28310 22960 28760] on VIA2 is 73.438
[22800 28310 22960 28760] on VIA3 is 74.483
[22800 28310 22960 28760] on VIA4 is 75.528
[22800 28310 22960 28760] on VIA5 is 76.573
[22800 28310 22960 28760] on VIA6 is 77.618
[22800 28310 22960 28760] on VIA7 is 78.663
[22800 28310 22960 28760] on VIA8 is 79.017
[22880 28310 23540 28760] on M9 is 80.274
[23540 28310 25700 28760] on M9 is 84.927
[23420 28310 23660 28760] on VIA8 is 80.274
[23420 25535 23660 28535] on M8 is 79.662
[23420 22535 23660 25535] on M8 is 77.725
[23420 25310 23660 25760] on VIA8 is 78.457
[23540 25310 25700 25760] on M9 is 83.254
[25700 25310 25760 25760] on M9 is 83.408
[25580 25310 25820 25760] on VIA8 is 83.254
[25580 22535 25820 25535] on M8 is 82.397
[25580 25535 25820 28535] on M8 is 84.284
[25580 28310 25820 28760] on VIA8 is 84.927
[25700 28310 25760 28760] on M9 is 85.072
[25760 28310 27860 28760] on M9 is 85.072
[25680 28310 25840 28760] on VIA8 is 94.38
[25680 28310 25840 28760] on VIA7 is 121.845
[25680 28310 25840 28760] on VIA6 is 149.311
[25680 28310 25840 28760] on VIA5 is 176.776
[25680 28310 25840 28760] on VIA4 is 204.242
[25680 28310 25840 28760] on VIA3 is 231.708
[25680 28310 25840 28760] on VIA2 is 259.173
[25680 28310 25840 28760] on VIA1 is 286.639
[25680 26400 25840 28535] on M1 is 352.259
[25680 28535 25840 31520] on M1 is 297.375
[25680 25535 25840 26400] on M1 is 352.259
[25680 23040 25840 25535] on M1 is 306.762
[25680 25310 25840 25760] on VIA1 is 306.762
[25680 25310 25840 25760] on VIA2 is 276.327
[25680 25310 25840 25760] on VIA3 is 245.893
[25680 25310 25840 25760] on VIA4 is 215.459
[25680 25310 25840 25760] on VIA5 is 185.025
[25680 25310 25840 25760] on VIA6 is 154.59
[25680 25310 25840 25760] on VIA7 is 124.156
[25680 25310 25840 25760] on VIA8 is 93.722
[25760 25310 27860 25760] on M9 is 83.408
[27860 25310 28640 25760] on M9 is 79.969
[27740 25310 27980 25760] on VIA8 is 79.969
[27740 22535 27980 25535] on M8 is 79.259
[27740 25535 27980 28535] on M8 is 81.489
[27740 28310 27980 28760] on VIA8 is 82.171
[27860 28310 28640 28760] on M9 is 82.171
[28640 28310 30020 28760] on M9 is 81.311
[28560 28310 28720 28760] on VIA8 is 81.311
[28560 28310 28720 28760] on VIA7 is 80.934
[28560 28310 28720 28760] on VIA6 is 79.823
[28560 28310 28720 28760] on VIA5 is 78.711
[28560 28310 28720 28760] on VIA4 is 77.599
[28560 28310 28720 28760] on VIA3 is 76.488
[28560 28310 28720 28760] on VIA2 is 75.376
[28560 28310 28720 28760] on VIA1 is 74.265
[28560 25535 28720 28535] on M1 is 73.153
[28560 22535 28720 25535] on M1 is 71.613
[28560 25310 28720 25760] on VIA1 is 72.608
[28560 25310 28720 25760] on VIA2 is 73.604
[28560 25310 28720 25760] on VIA3 is 74.599
[28560 25310 28720 25760] on VIA4 is 75.594
[28560 25310 28720 25760] on VIA5 is 76.59
[28560 25310 28720 25760] on VIA6 is 77.585
[28560 25310 28720 25760] on VIA7 is 78.58
[28560 25310 28720 25760] on VIA8 is 78.918
[28640 25310 30020 25760] on M9 is 78.918
[30020 25310 31520 25760] on M9 is 77.248
[29900 25310 30140 25760] on VIA8 is 77.248
[29900 22535 30140 25535] on M8 is 76.665
[29900 25535 30140 28535] on M8 is 79.3
[29900 28310 30140 28760] on VIA8 is 80.001
[30020 28310 31520 28760] on M9 is 80.001
[31520 28310 32540 28760] on M9 is 79.005
[31440 28310 31600 28760] on VIA8 is 84.873
[31440 28310 31600 28760] on VIA7 is 102.189
[31440 28310 31600 28760] on VIA6 is 119.504
[31440 28310 31600 28760] on VIA5 is 136.82
[31440 28310 31600 28760] on VIA4 is 154.136
[31440 28310 31600 28760] on VIA3 is 171.451
[31440 28310 31600 28760] on VIA2 is 188.767
[31440 28310 31600 28760] on VIA1 is 206.083
[31440 27840 31600 28535] on M1 is 215.774
[31440 28535 31600 31520] on M1 is 229.067
[31440 25535 31600 27840] on M1 is 215.774
[31440 22535 31600 25535] on M1 is 169.883
[31440 25310 31600 25760] on VIA1 is 169.883
[31440 25310 31600 25760] on VIA2 is 157.062
[31440 25310 31600 25760] on VIA3 is 144.24
[31440 25310 31600 25760] on VIA4 is 131.419
[31440 25310 31600 25760] on VIA5 is 118.598
[31440 25310 31600 25760] on VIA6 is 105.777
[31440 25310 31600 25760] on VIA7 is 92.955
[31440 25310 31600 25760] on VIA8 is 80.134
[31520 25310 32540 25760] on M9 is 75.789
[32540 25310 34700 25760] on M9 is 72.989
[32420 25310 32660 25760] on VIA8 is 72.989
[32420 22535 32660 25535] on M8 is 72.504
[32420 25535 32660 28535] on M8 is 75.21
[32420 28310 32660 28760] on VIA8 is 75.886
[32540 28310 34700 28760] on M9 is 75.886
[34700 28310 36860 28760] on M9 is 69.876
[34580 28310 34820 28760] on VIA8 is 69.876
[34580 25535 34820 28535] on M8 is 69.267
[34580 22535 34820 25535] on M8 is 67.035
[34580 25310 34820 25760] on VIA8 is 67.487
[34700 25310 36860 25760] on M9 is 67.487
[36860 25310 39020 25760] on M9 is 62.382
[36740 25310 36980 25760] on VIA8 is 62.382
[36740 22535 36980 25535] on M8 is 61.967
[36740 25535 36980 28535] on M8 is 63.853
[36740 28310 36980 28760] on VIA8 is 64.404
[36860 28310 39020 28760] on M9 is 64.404
[39020 28310 41180 28760] on M9 is 59.416
[38900 28310 39140 28760] on VIA8 is 59.416
[38900 25535 39140 28535] on M8 is 58.912
[38900 22535 39140 25535] on M8 is 57.262
[38900 25310 39140 25760] on VIA8 is 57.644
[39020 25310 41180 25760] on M9 is 57.644
[41180 25310 43340 25760] on M9 is 53.243
[41060 25310 41300 25760] on VIA8 is 53.243
[41060 22535 41300 25535] on M8 is 52.887
[41060 25535 41300 28535] on M8 is 54.399
[41060 28310 41300 28760] on VIA8 is 54.874
[41180 28310 43340 28760] on M9 is 54.874
[43340 28310 45500 28760] on M9 is 50.75
[43220 28310 43460 28760] on VIA8 is 50.75
[43220 25535 43460 28535] on M8 is 50.284
[43220 22535 43460 25535] on M8 is 48.815
[43220 25310 43460 25760] on VIA8 is 49.155
[43340 25310 45500 25760] on M9 is 49.155
[45500 25310 48020 25760] on M9 is 45.368
[45380 25310 45620 25760] on VIA8 is 45.368
[45380 22535 45620 25535] on M8 is 45.026
[45380 25535 45620 28535] on M8 is 46.553
[45380 28310 45620 28760] on VIA8 is 47.037
[45500 28310 48020 28760] on M9 is 47.037
[48020 28310 50180 28760] on M9 is 43.202
[47900 28310 48140 28760] on VIA8 is 43.202
[47900 25535 48140 28535] on M8 is 42.656
[47900 22535 48140 25535] on M8 is 40.925
[47900 25310 48140 25760] on VIA8 is 41.301
[48020 25310 50180 25760] on M9 is 41.301
[50180 25310 53680 25760] on M9 is 38.147
[50060 25310 50300 25760] on VIA8 is 38.147
[50060 22535 50300 25535] on M8 is 37.695
[50060 25535 50300 28535] on M8 is 39.748
[50060 28310 50300 28760] on VIA8 is 40.396
[50180 28310 53680 28760] on M9 is 40.396
[53680 28310 53920 28760] on M9 is 36.775
[53440 28310 53920 28760] on VIA8 is 36.775
[53440 28220 53920 28535] on M8 is 34.239
[53440 28535 53920 31535] on M8 is 34.239
[53440 31535 53920 33760] on M8 is 28.567
[53440 31310 53920 31760] on VIA8 is 32.146
[53680 31310 53920 31760] on M9 is 32.146
[53440 33520 53920 34000] on VIA8 is 14.568
[53680 33520 54400 34000] on M9 is 3.146
[53440 33520 53680 34000] on M9 is 3.146
[53440 25535 53920 28220] on M8 is 33.852
[53440 27980 53920 28460] on VIA8 is 33.852
[53440 22680 53920 25535] on M8 is 30.557
[53440 25310 53920 25760] on VIA8 is 33.683
[53680 25310 53920 25760] on M9 is 33.683
[53440 22535 53920 22680] on M8 is 17.592
[53440 22440 53920 22920] on VIA8 is 16.08
[53680 22440 54400 22920] on M9 is 3.472
[53440 22440 53680 22920] on M9 is 3.472
[53440 20035 53920 22535] on M8 is 25.949
[53440 22310 53920 22760] on VIA8 is 23.357
[53680 22310 53920 22760] on M9 is 23.357
[50180 22310 53680 22760] on M9 is 31.588
[48020 22310 50180 22760] on M9 is 36.039
[50060 22310 50300 22760] on VIA8 is 32.303
[50060 20035 50300 22535] on M8 is 32.303
[50060 17035 50300 20035] on M8 is 32.203
[50060 19810 50300 20260] on VIA8 is 32.527
[50180 19810 53680 20260] on M9 is 32.527
[48020 19810 50180 20260] on M9 is 35.201
[45500 19810 48020 20260] on M9 is 38.551
[47900 19810 48140 20260] on VIA8 is 35.201
[47900 17035 48140 20035] on M8 is 34.976
[47900 20035 48140 22535] on M8 is 36.416
[47900 22310 48140 22760] on VIA8 is 36.416
[45500 22310 48020 22760] on M9 is 40.844
[43340 22310 45500 22760] on M9 is 44.849
[45380 22310 45620 22760] on VIA8 is 40.972
[45380 20035 45620 22535] on M8 is 40.972
[45380 17035 45620 20035] on M8 is 38.383
[45380 19810 45620 20260] on VIA8 is 38.551
[43340 19810 45500 20260] on M9 is 41.571
[41180 19810 43340 20260] on M9 is 44.719
[43220 19810 43460 20260] on VIA8 is 41.571
[43220 17035 43460 20035] on M8 is 41.427
[43220 20035 43460 22535] on M8 is 44.834
[43220 22310 43460 22760] on VIA8 is 44.849
[41180 22310 43340 22760] on M9 is 48.867
[39020 22310 41180 22760] on M9 is 52.988
[41060 22310 41300 22760] on VIA8 is 48.867
[41060 20035 41300 22535] on M8 is 48.75
[41060 17035 41300 20035] on M8 is 44.584
[41060 19810 41300 20260] on VIA8 is 44.719
[39020 19810 41180 20260] on M9 is 47.985
[36860 19810 39020 20260] on M9 is 51.364
[38900 19810 39140 20260] on VIA8 is 47.985
[38900 17035 39140 20035] on M8 is 47.855
[38900 20035 39140 22535] on M8 is 52.792
[38900 22310 39140 22760] on VIA8 is 52.988
[36860 22310 39020 22760] on M9 is 57.283
[34700 22310 36860 22760] on M9 is 61.814
[36740 22310 36980 22760] on VIA8 is 57.283
[36740 20035 36980 22535] on M8 is 57.015
[36740 17035 36980 20035] on M8 is 51.24
[36740 19810 36980 20260] on VIA8 is 51.364
[34700 19810 36860 20260] on M9 is 54.854
[32540 19810 34700 20260] on M9 is 58.446
[34580 19810 34820 20260] on VIA8 is 54.854
[34580 17035 34820 20035] on M8 is 54.738
[34580 20035 34820 22535] on M8 is 61.473
[34580 22310 34820 22760] on VIA8 is 61.814
[32540 22310 34700 22760] on M9 is 66.647
[31520 22310 32540 22760] on M9 is 69.107
[32420 22310 32660 22760] on VIA8 is 66.647
[32420 20035 32660 22535] on M8 is 66.218
[32420 17035 32660 20035] on M8 is 58.348
[32420 19810 32660 20260] on VIA8 is 58.446
[31520 19810 32540 20260] on M9 is 60.182
[30020 19810 31520 20260] on M9 is 61.124
[31440 19810 31600 20260] on VIA8 is 62.818
[31440 19810 31600 20260] on VIA7 is 70.593
[31440 19810 31600 20260] on VIA6 is 78.369
[31440 19810 31600 20260] on VIA5 is 86.144
[31440 19810 31600 20260] on VIA4 is 93.92
[31440 19810 31600 20260] on VIA3 is 101.695
[31440 19810 31600 20260] on VIA2 is 109.471
[31440 19810 31600 20260] on VIA1 is 117.247
[31440 17035 31600 20035] on M1 is 117.247
[31440 20035 31600 22080] on M1 is 163.374
[31440 22080 31600 22535] on M1 is 163.374
[31440 22310 31600 22760] on VIA1 is 158.234
[31440 22310 31600 22760] on VIA2 is 146.09
[31440 22310 31600 22760] on VIA3 is 133.945
[31440 22310 31600 22760] on VIA4 is 121.8
[31440 22310 31600 22760] on VIA5 is 109.656
[31440 22310 31600 22760] on VIA6 is 97.511
[31440 22310 31600 22760] on VIA7 is 85.367
[31440 22310 31600 22760] on VIA8 is 73.222
[30020 22310 31520 22760] on M9 is 70.206
[28640 22310 30020 22760] on M9 is 71.484
[29900 22310 30140 22760] on VIA8 is 70.206
[29900 20035 30140 22535] on M8 is 69.731
[29900 17035 30140 20035] on M8 is 61.039
[29900 19810 30140 20260] on VIA8 is 61.124
[28640 19810 30020 20260] on M9 is 62.038
[27860 19810 28640 20260] on M9 is 62.588
[28560 19810 28720 20260] on VIA8 is 62.038
[28560 19810 28720 20260] on VIA7 is 61.933
[28560 19810 28720 20260] on VIA6 is 61.622
[28560 19810 28720 20260] on VIA5 is 61.311
[28560 19810 28720 20260] on VIA4 is 61
[28560 19810 28720 20260] on VIA3 is 60.689
[28560 19810 28720 20260] on VIA2 is 60.378
[28560 19810 28720 20260] on VIA1 is 60.068
[28560 17035 28720 20035] on M1 is 59.757
[28560 20035 28720 22535] on M1 is 66.34
[28560 22310 28720 22760] on VIA1 is 67.041
[28560 22310 28720 22760] on VIA2 is 67.742
[28560 22310 28720 22760] on VIA3 is 68.443
[28560 22310 28720 22760] on VIA4 is 69.144
[28560 22310 28720 22760] on VIA5 is 69.844
[28560 22310 28720 22760] on VIA6 is 70.545
[28560 22310 28720 22760] on VIA7 is 71.246
[28560 22310 28720 22760] on VIA8 is 71.484
[27860 22310 28640 22760] on M9 is 72.282
[25760 22310 27860 22760] on M9 is 74.854
[27740 22310 27980 22760] on VIA8 is 72.282
[27740 20035 27980 22535] on M8 is 71.787
[27740 17035 27980 20035] on M8 is 62.519
[27740 19810 27980 20260] on VIA8 is 62.588
[25760 19810 27860 20260] on M9 is 64.129
[25700 19810 25760 20260] on M9 is 64.129
[25680 19810 25840 20260] on VIA8 is 69.106
[25680 19810 25840 20260] on VIA7 is 83.793
[25680 19810 25840 20260] on VIA6 is 98.48
[25680 19810 25840 20260] on VIA5 is 113.167
[25680 19810 25840 20260] on VIA4 is 127.854
[25680 19810 25840 20260] on VIA3 is 142.541
[25680 19810 25840 20260] on VIA2 is 157.228
[25680 19810 25840 20260] on VIA1 is 171.915
[25680 17035 25840 20035] on M1 is 171.915
[25680 20035 25840 21280] on M1 is 221.83
[25680 21280 25840 22535] on M1 is 245.999
[25680 22535 25840 23040] on M1 is 270.446
[25680 22310 25840 22760] on VIA1 is 245.999
[25680 22310 25840 22760] on VIA2 is 222.679
[25680 22310 25840 22760] on VIA3 is 199.359
[25680 22310 25840 22760] on VIA4 is 176.038
[25680 22310 25840 22760] on VIA5 is 152.718
[25680 22310 25840 22760] on VIA6 is 129.397
[25680 22310 25840 22760] on VIA7 is 106.077
[25680 22310 25840 22760] on VIA8 is 82.757
[25700 22310 25760 22760] on M9 is 74.854
[23540 22310 25700 22760] on M9 is 74.734
[25580 22310 25820 22760] on VIA8 is 74.734
[25580 20035 25820 22535] on M8 is 74.191
[25580 17035 25820 20035] on M8 is 64.021
[25580 19810 25820 20260] on VIA8 is 64.051
[23540 19810 25700 20260] on M9 is 64.051
[22880 19810 23540 20260] on M9 is 61.275
[23420 19810 23660 20260] on VIA8 is 61.275
[23420 17035 23660 20035] on M8 is 61.22
[23420 20035 23660 22535] on M8 is 70.394
[23420 22310 23660 22760] on VIA8 is 70.892
[22880 22310 23540 22760] on M9 is 70.892
[21380 22310 22880 22760] on M9 is 69.852
[22800 22310 22960 22760] on VIA8 is 69.852
[22800 22310 22960 22760] on VIA7 is 69.617
[22800 22310 22960 22760] on VIA6 is 68.921
[22800 22310 22960 22760] on VIA5 is 68.226
[22800 22310 22960 22760] on VIA4 is 67.53
[22800 22310 22960 22760] on VIA3 is 66.835
[22800 22310 22960 22760] on VIA2 is 66.14
[22800 22310 22960 22760] on VIA1 is 65.444
[22800 20035 22960 22535] on M1 is 64.749
[22800 17035 22960 20035] on M1 is 58.276
[22800 19810 22960 20260] on VIA1 is 58.571
[22800 19810 22960 20260] on VIA2 is 58.866
[22800 19810 22960 20260] on VIA3 is 59.162
[22800 19810 22960 20260] on VIA4 is 59.457
[22800 19810 22960 20260] on VIA5 is 59.752
[22800 19810 22960 20260] on VIA6 is 60.047
[22800 19810 22960 20260] on VIA7 is 60.342
[22800 19810 22960 20260] on VIA8 is 60.442
[21380 19810 22880 20260] on M9 is 60.442
[20000 19810 21380 20260] on M9 is 58.61
[21260 19810 21500 20260] on VIA8 is 58.61
[21260 17035 21500 20035] on M8 is 58.559
[21260 20035 21500 22535] on M8 is 67.147
[21260 22310 21500 22760] on VIA8 is 67.634
[21260 14035 21500 17035] on M8 is 47.875
[21260 16810 21500 17260] on VIA8 is 47.875
[21380 16810 22880 17260] on M9 is 49.042
[20000 16810 21380 17260] on M9 is 47.712
[19220 16810 20000 17260] on M9 is 46.396
[19920 16810 20080 17260] on VIA8 is 47.544
[19920 16810 20080 17260] on VIA7 is 50.932
[19920 16810 20080 17260] on VIA6 is 54.321
[19920 16810 20080 17260] on VIA5 is 57.709
[19920 16810 20080 17260] on VIA4 is 61.097
[19920 16810 20080 17260] on VIA3 is 64.486
[19920 16810 20080 17260] on VIA2 is 67.874
[19920 16810 20080 17260] on VIA1 is 71.263
[19920 14035 20080 17035] on M1 is 71.263
[19920 17035 20080 20035] on M1 is 104.376
[19920 19810 20080 20260] on VIA1 is 104.376
[19920 19810 20080 20260] on VIA2 is 97.914
[19920 19810 20080 20260] on VIA3 is 91.452
[19920 19810 20080 20260] on VIA4 is 84.99
[19920 19810 20080 20260] on VIA5 is 78.528
[19920 19810 20080 20260] on VIA6 is 72.066
[19920 19810 20080 20260] on VIA7 is 65.604
[19920 19810 20080 20260] on VIA8 is 59.143
[19920 11035 20080 14035] on M1 is 50.855
[19920 13810 20080 14260] on VIA1 is 50.855
[19920 13810 20080 14260] on VIA2 is 48.999
[19920 13810 20080 14260] on VIA3 is 47.143
[19920 13810 20080 14260] on VIA4 is 45.287
[19920 13810 20080 14260] on VIA5 is 43.431
[19920 13810 20080 14260] on VIA6 is 41.575
[19920 13810 20080 14260] on VIA7 is 39.719
[19920 13810 20080 14260] on VIA8 is 37.863
[20000 13810 21380 14260] on M9 is 38.204
[19220 13810 20000 14260] on M9 is 37.234
[19100 13810 19340 14260] on VIA8 is 36.655
[19100 11035 19340 14035] on M8 is 36.655
[19100 14035 19340 17035] on M8 is 45.43
[19100 16810 19340 17260] on VIA8 is 45.43
[19100 8035 19340 11035] on M8 is 29.132
[19100 10810 19340 11260] on VIA8 is 29.132
[19220 10810 20000 11260] on M9 is 29.488
[20000 10810 21380 11260] on M9 is 30.177
[19920 10810 20080 11260] on VIA8 is 29.854
[19920 10810 20080 11260] on VIA7 is 30.933
[19920 10810 20080 11260] on VIA6 is 32.013
[19920 10810 20080 11260] on VIA5 is 33.092
[19920 10810 20080 11260] on VIA4 is 34.171
[19920 10810 20080 11260] on VIA3 is 35.25
[19920 10810 20080 11260] on VIA2 is 36.33
[19920 10810 20080 11260] on VIA1 is 37.409
[19920 8035 20080 11035] on M1 is 37.409
[19920 5035 20080 8035] on M1 is 28.01
[19920 7810 20080 8260] on VIA1 is 28.01
[19920 7810 20080 8260] on VIA2 is 27.32
[19920 7810 20080 8260] on VIA3 is 26.631
[19920 7810 20080 8260] on VIA4 is 25.942
[19920 7810 20080 8260] on VIA5 is 25.253
[19920 7810 20080 8260] on VIA6 is 24.564
[19920 7810 20080 8260] on VIA7 is 23.875
[19920 7810 20080 8260] on VIA8 is 23.186
[20000 7810 21380 8260] on M9 is 23.4
[19220 7810 20000 8260] on M9 is 22.953
[19100 7810 19340 8260] on VIA8 is 22.712
[19100 5035 19340 8035] on M8 is 22.712
[19100 930 19340 5035] on M8 is 16.928
[19100 4810 19340 5260] on VIA8 is 16.928
[19220 4810 20000 5260] on M9 is 17.105
[20000 4810 21380 5260] on M9 is 17.361
[19920 4810 20080 5260] on VIA8 is 17.294
[19920 4810 20080 5260] on VIA7 is 17.851
[19920 4810 20080 5260] on VIA6 is 18.408
[19920 4810 20080 5260] on VIA5 is 18.965
[19920 4810 20080 5260] on VIA4 is 19.523
[19920 4810 20080 5260] on VIA3 is 20.08
[19920 4810 20080 5260] on VIA2 is 20.637
[19920 4810 20080 5260] on VIA1 is 21.194
[19920 930 20080 5035] on M1 is 21.194
[19920 480 20080 930] on M1 is 14.727
[19920 480 20080 1380] on VIA1 is 14.727
[19920 480 20080 1380] on VIA2 is 13.887
[19920 480 20080 1380] on VIA3 is 13.046
[19920 480 20080 1380] on VIA4 is 12.206
[19920 480 20080 1380] on VIA5 is 11.366
[19920 480 20080 1380] on VIA6 is 10.526
[19920 480 20080 1380] on VIA7 is 9.686
[19920 480 20080 1380] on VIA8 is 8.845
[20000 480 21380 1380] on M9 is 8.418
[19220 480 20000 1380] on M9 is 8.532
[18670 480 19220 1380] on M9 is 8.532
[19100 480 19340 1380] on VIA8 is 9.289
[19100 480 19340 930] on M8 is 9.289
[17060 480 18670 1380] on M9 is 8.527
[18220 480 19120 1380] on VIA8 is 8.527
[16940 480 17180 1380] on VIA8 is 9.219
[16940 480 17180 930] on M8 is 9.219
[21380 480 22300 1380] on M9 is 8.097
[21260 480 21500 1380] on VIA8 is 8.931
[21260 480 21500 930] on M8 is 8.931
[21260 930 21500 5035] on M8 is 17.358
[21260 5035 21500 8035] on M8 is 23.496
[21260 4810 21500 5260] on VIA8 is 17.361
[21380 4810 22880 5260] on M9 is 17.64
[22880 4810 23540 5260] on M9 is 17.732
[22800 4810 22960 5260] on VIA8 is 17.757
[22800 4810 22960 5260] on VIA7 is 18.103
[22800 4810 22960 5260] on VIA6 is 18.449
[22800 4810 22960 5260] on VIA5 is 18.794
[22800 4810 22960 5260] on VIA4 is 19.14
[22800 4810 22960 5260] on VIA3 is 19.486
[22800 4810 22960 5260] on VIA2 is 19.832
[22800 4810 22960 5260] on VIA1 is 20.177
[22800 930 22960 5035] on M1 is 20.177
[22800 5035 22960 8035] on M1 is 25.956
[22800 8035 22960 11035] on M1 is 32.824
[22800 7810 22960 8260] on VIA1 is 25.956
[22800 7810 22960 8260] on VIA2 is 25.666
[22800 7810 22960 8260] on VIA3 is 25.376
[22800 7810 22960 8260] on VIA4 is 25.086
[22800 7810 22960 8260] on VIA5 is 24.796
[22800 7810 22960 8260] on VIA6 is 24.506
[22800 7810 22960 8260] on VIA7 is 24.216
[22800 7810 22960 8260] on VIA8 is 23.926
[22880 7810 23540 8260] on M9 is 23.989
[21380 7810 22880 8260] on M9 is 23.828
[21260 7810 21500 8260] on VIA8 is 23.496
[21260 8035 21500 11035] on M8 is 30.341
[21260 11035 21500 14035] on M8 is 38.397
[21260 10810 21500 11260] on VIA8 is 30.341
[21380 10810 22880 11260] on M9 is 30.825
[22880 10810 23540 11260] on M9 is 31.086
[22800 10810 22960 11260] on VIA8 is 30.917
[22800 10810 22960 11260] on VIA7 is 31.19
[22800 10810 22960 11260] on VIA6 is 31.462
[22800 10810 22960 11260] on VIA5 is 31.734
[22800 10810 22960 11260] on VIA4 is 32.007
[22800 10810 22960 11260] on VIA3 is 32.279
[22800 10810 22960 11260] on VIA2 is 32.551
[22800 10810 22960 11260] on VIA1 is 32.824
[22800 11035 22960 14035] on M1 is 40.712
[22800 14035 22960 17035] on M1 is 49.402
[22800 13810 22960 14260] on VIA1 is 40.712
[22800 13810 22960 14260] on VIA2 is 40.498
[22800 13810 22960 14260] on VIA3 is 40.284
[22800 13810 22960 14260] on VIA4 is 40.07
[22800 13810 22960 14260] on VIA5 is 39.856
[22800 13810 22960 14260] on VIA6 is 39.642
[22800 13810 22960 14260] on VIA7 is 39.428
[22800 13810 22960 14260] on VIA8 is 39.214
[22880 13810 23540 14260] on M9 is 39.535
[21380 13810 22880 14260] on M9 is 39.142
[21260 13810 21500 14260] on VIA8 is 38.397
[23540 13810 25700 14260] on M9 is 40.632
[23420 13810 23660 14260] on VIA8 is 39.748
[23420 11035 23660 14035] on M8 is 39.748
[23420 14035 23660 17035] on M8 is 49.807
[23420 16810 23660 17260] on VIA8 is 49.807
[23540 16810 25700 17260] on M9 is 51.362
[22880 16810 23540 17260] on M9 is 49.623
[22800 16810 22960 17260] on VIA8 is 49.059
[22800 16810 22960 17260] on VIA7 is 49.108
[22800 16810 22960 17260] on VIA6 is 49.157
[22800 16810 22960 17260] on VIA5 is 49.206
[22800 16810 22960 17260] on VIA4 is 49.255
[22800 16810 22960 17260] on VIA3 is 49.304
[22800 16810 22960 17260] on VIA2 is 49.353
[22800 16810 22960 17260] on VIA1 is 49.402
[25700 16810 25760 17260] on M9 is 51.405
[25580 16810 25820 17260] on VIA8 is 51.594
[25580 14035 25820 17035] on M8 is 51.594
[25580 11035 25820 14035] on M8 is 40.879
[25580 13810 25820 14260] on VIA8 is 40.879
[25700 13810 25760 14260] on M9 is 40.657
[25760 13810 27860 14260] on M9 is 40.657
[25680 13810 25840 14260] on VIA8 is 42.002
[25680 13810 25840 14260] on VIA7 is 45.969
[25680 13810 25840 14260] on VIA6 is 49.937
[25680 13810 25840 14260] on VIA5 is 53.905
[25680 13810 25840 14260] on VIA4 is 57.872
[25680 13810 25840 14260] on VIA3 is 61.84
[25680 13810 25840 14260] on VIA2 is 65.808
[25680 13810 25840 14260] on VIA1 is 69.775
[25680 11035 25840 14035] on M1 is 69.775
[25680 14035 25840 17035] on M1 is 106.714
[25680 16810 25840 17260] on VIA1 is 106.714
[25680 16810 25840 17260] on VIA2 is 99.178
[25680 16810 25840 17260] on VIA3 is 91.641
[25680 16810 25840 17260] on VIA4 is 84.105
[25680 16810 25840 17260] on VIA5 is 76.568
[25680 16810 25840 17260] on VIA6 is 69.032
[25680 16810 25840 17260] on VIA7 is 61.495
[25680 16810 25840 17260] on VIA8 is 53.959
[25760 16810 27860 17260] on M9 is 51.405
[27860 16810 28640 17260] on M9 is 50.709
[27740 16810 27980 17260] on VIA8 is 50.888
[27740 14035 27980 17035] on M8 is 50.888
[27740 11035 27980 14035] on M8 is 40.576
[27740 13810 27980 14260] on VIA8 is 40.576
[27860 13810 28640 14260] on M9 is 40.361
[28640 13810 30020 14260] on M9 is 40.183
[28560 13810 28720 14260] on VIA8 is 40.256
[28560 13810 28720 14260] on VIA7 is 40.474
[28560 13810 28720 14260] on VIA6 is 40.691
[28560 13810 28720 14260] on VIA5 is 40.908
[28560 13810 28720 14260] on VIA4 is 41.125
[28560 13810 28720 14260] on VIA3 is 41.342
[28560 13810 28720 14260] on VIA2 is 41.559
[28560 13810 28720 14260] on VIA1 is 41.776
[28560 11035 28720 14035] on M1 is 41.776
[28560 14035 28720 17035] on M1 is 50.691
[28560 16810 28720 17260] on VIA1 is 50.691
[28560 16810 28720 17260] on VIA2 is 50.65
[28560 16810 28720 17260] on VIA3 is 50.61
[28560 16810 28720 17260] on VIA4 is 50.569
[28560 16810 28720 17260] on VIA5 is 50.529
[28560 16810 28720 17260] on VIA6 is 50.488
[28560 16810 28720 17260] on VIA7 is 50.448
[28560 16810 28720 17260] on VIA8 is 50.407
[28640 16810 30020 17260] on M9 is 50.393
[30020 16810 31520 17260] on M9 is 49.827
[29900 16810 30140 17260] on VIA8 is 49.977
[29900 14035 30140 17035] on M8 is 49.977
[29900 11035 30140 14035] on M8 is 40.02
[29900 13810 30140 14260] on VIA8 is 40.02
[30020 13810 31520 14260] on M9 is 39.826
[31520 13810 32540 14260] on M9 is 39.319
[31440 13810 31600 14260] on VIA8 is 40.06
[31440 13810 31600 14260] on VIA7 is 42.245
[31440 13810 31600 14260] on VIA6 is 44.43
[31440 13810 31600 14260] on VIA5 is 46.616
[31440 13810 31600 14260] on VIA4 is 48.801
[31440 13810 31600 14260] on VIA3 is 50.986
[31440 13810 31600 14260] on VIA2 is 53.172
[31440 13810 31600 14260] on VIA1 is 55.357
[31440 11035 31600 14035] on M1 is 55.357
[31440 14035 31600 17035] on M1 is 78.735
[31440 16810 31600 17260] on VIA1 is 78.735
[31440 16810 31600 17260] on VIA2 is 74.7
[31440 16810 31600 17260] on VIA3 is 70.665
[31440 16810 31600 17260] on VIA4 is 66.63
[31440 16810 31600 17260] on VIA5 is 62.594
[31440 16810 31600 17260] on VIA6 is 58.559
[31440 16810 31600 17260] on VIA7 is 54.524
[31440 16810 31600 17260] on VIA8 is 50.488
[31520 16810 32540 17260] on M9 is 49.121
[32540 16810 34700 17260] on M9 is 48.071
[32420 16810 32660 17260] on VIA8 is 48.181
[32420 14035 32660 17035] on M8 is 48.181
[32420 11035 32660 14035] on M8 is 38.829
[32420 13810 32660 14260] on VIA8 is 38.829
[32540 13810 34700 14260] on M9 is 38.666
[34700 13810 36860 14260] on M9 is 37.14
[34580 13810 34820 14260] on VIA8 is 37.262
[34580 11035 34820 14035] on M8 is 37.262
[34580 14035 34820 17035] on M8 is 45.804
[34580 16810 34820 17260] on VIA8 is 45.804
[34700 16810 36860 17260] on M9 is 45.751
[36860 16810 39020 17260] on M9 is 43.384
[36740 16810 36980 17260] on VIA8 is 43.391
[36740 14035 36980 17035] on M8 is 43.391
[36740 11035 36980 14035] on M8 is 35.593
[36740 13810 36980 14260] on VIA8 is 35.593
[36860 13810 39020 14260] on M9 is 35.506
[39020 13810 41180 14260] on M9 is 33.794
[38900 13810 39140 14260] on VIA8 is 33.854
[38900 11035 39140 14035] on M8 is 33.854
[38900 14035 39140 17035] on M8 is 40.977
[38900 16810 39140 17260] on VIA8 is 41.011
[39020 16810 41180 17260] on M9 is 41.011
[41180 16810 43340 17260] on M9 is 38.667
[41060 16810 41300 17260] on VIA8 is 38.667
[41060 14035 41300 17035] on M8 is 38.594
[41060 11035 41300 14035] on M8 is 32.066
[41060 13810 41300 14260] on VIA8 is 32.066
[41180 13810 43340 14260] on M9 is 32.031
[43340 13810 45500 14260] on M9 is 30.236
[43220 13810 43460 14260] on VIA8 is 30.25
[43220 11035 43460 14035] on M8 is 30.25
[43220 14035 43460 17035] on M8 is 36.27
[43220 16810 43460 17260] on VIA8 is 36.387
[43340 16810 45500 17260] on M9 is 36.387
[45500 16810 48020 17260] on M9 is 34.21
[45380 16810 45620 17260] on VIA8 is 34.21
[45380 14035 45620 17035] on M8 is 34.038
[45380 11035 45620 14035] on M8 is 28.422
[45380 13810 45620 14260] on VIA8 is 28.429
[45500 13810 48020 14260] on M9 is 28.429
[48020 13810 50180 14260] on M9 is 26.329
[47900 13810 48140 14260] on VIA8 is 26.329
[47900 11035 48140 14035] on M8 is 26.295
[47900 14035 48140 17035] on M8 is 31.59
[47900 16810 48140 17260] on VIA8 is 31.848
[48020 16810 50180 17260] on M9 is 31.848
[50180 16810 53680 17260] on M9 is 30.052
[50060 16810 50300 17260] on VIA8 is 30.052
[50060 14035 50300 17035] on M8 is 29.688
[50060 11035 50300 14035] on M8 is 24.494
[50060 13810 50300 14260] on VIA8 is 24.559
[50180 13810 53680 14260] on M9 is 24.559
[53680 13810 53920 14260] on M9 is 21.782
[53440 13810 53920 14260] on VIA8 is 21.782
[53440 11610 53920 14035] on M8 is 19.838
[53440 14035 53920 17035] on M8 is 25.983
[53440 17035 53920 18990] on M8 is 25.983
[53440 16810 53920 17260] on VIA8 is 27.659
[53680 16810 53920 17260] on M9 is 27.659
[53440 18990 53920 20035] on M8 is 25.961
[53440 18750 53920 19230] on VIA8 is 25.961
[53440 19810 53920 20260] on VIA8 is 28.658
[53680 19810 53920 20260] on M9 is 28.658
[53440 11035 53920 11610] on M8 is 11.552
[53440 11370 53920 11850] on VIA8 is 9.074
[53680 11370 54400 11850] on M9 is 1.959
[53440 11370 53680 11850] on M9 is 1.959
[53440 8035 53920 11035] on M8 is 14.123
[53440 10810 53920 11260] on VIA8 is 14.359
[53680 10810 53920 11260] on M9 is 14.359
[50180 10810 53680 11260] on M9 is 18.368
[48020 10810 50180 11260] on M9 is 20.444
[50060 10810 50300 11260] on VIA8 is 18.821
[50060 8035 50300 11035] on M8 is 18.821
[50060 5035 50300 8035] on M8 is 16.486
[50060 7810 50300 8260] on VIA8 is 16.545
[50180 7810 53680 8260] on M9 is 16.545
[48020 7810 50180 8260] on M9 is 17.477
[45500 7810 48020 8260] on M9 is 18.579
[47900 7810 48140 8260] on VIA8 is 17.477
[47900 5035 48140 8035] on M8 is 17.462
[47900 8035 48140 11035] on M8 is 20.75
[47900 10810 48140 11260] on VIA8 is 20.75
[45500 10810 48020 11260] on M9 is 22.551
[43340 10810 45500 11260] on M9 is 24.177
[45380 10810 45620 11260] on VIA8 is 22.754
[45380 8035 45620 11035] on M8 is 22.754
[45380 5035 45620 8035] on M8 is 18.588
[45380 7810 45620 8260] on VIA8 is 18.588
[43340 7810 45500 8260] on M9 is 19.517
[41180 7810 43340 8260] on M9 is 20.433
[43220 7810 43460 8260] on VIA8 is 19.54
[43220 5035 43460 8035] on M8 is 19.54
[43220 8035 43460 11035] on M8 is 24.33
[43220 10810 43460 11260] on VIA8 is 24.33
[41180 10810 43340 11260] on M9 is 25.669
[39020 10810 41180 11260] on M9 is 27.047
[41060 10810 41300 11260] on VIA8 is 25.797
[41060 8035 41300 11035] on M8 is 25.797
[41060 5035 41300 8035] on M8 is 20.477
[41060 7810 41300 8260] on VIA8 is 20.477
[39020 7810 41180 8260] on M9 is 21.311
[36860 7810 39020 8260] on M9 is 22.136
[38900 7810 39140 8260] on VIA8 is 21.37
[38900 5035 39140 8035] on M8 is 21.37
[38900 8035 39140 11035] on M8 is 27.168
[38900 10810 39140 11260] on VIA8 is 27.168
[36860 10810 39020 11260] on M9 is 28.319
[34700 10810 36860 11260] on M9 is 29.483
[36740 10810 36980 11260] on VIA8 is 28.443
[36740 8035 36980 11035] on M8 is 28.443
[36740 5035 36980 8035] on M8 is 22.208
[36740 7810 36980 8260] on VIA8 is 22.208
[34700 7810 36860 8260] on M9 is 22.898
[32540 7810 34700 8260] on M9 is 23.589
[34580 7810 34820 8260] on VIA8 is 22.979
[34580 5035 34820 8035] on M8 is 22.979
[34580 8035 34820 11035] on M8 is 29.619
[34580 10810 34820 11260] on VIA8 is 29.619
[32540 10810 34700 11260] on M9 is 30.526
[31520 10810 32540 11260] on M9 is 30.954
[32420 10810 32660 11260] on VIA8 is 30.682
[32420 8035 32660 11035] on M8 is 30.682
[32420 5035 32660 8035] on M8 is 23.684
[32420 7810 32660 8260] on VIA8 is 23.684
[31520 7810 32540 8260] on M9 is 23.876
[30020 7810 31520 8260] on M9 is 24.133
[31440 7810 31600 8260] on VIA8 is 24.145
[31440 7810 31600 8260] on VIA7 is 24.939
[31440 7810 31600 8260] on VIA6 is 25.733
[31440 7810 31600 8260] on VIA5 is 26.526
[31440 7810 31600 8260] on VIA4 is 27.32
[31440 7810 31600 8260] on VIA3 is 28.114
[31440 7810 31600 8260] on VIA2 is 28.907
[31440 7810 31600 8260] on VIA1 is 29.701
[31440 5035 31600 8035] on M1 is 29.701
[31440 8035 31600 11035] on M1 is 40.173
[31440 10810 31600 11260] on VIA1 is 40.173
[31440 10810 31600 11260] on VIA2 is 38.917
[31440 10810 31600 11260] on VIA3 is 37.661
[31440 10810 31600 11260] on VIA4 is 36.404
[31440 10810 31600 11260] on VIA5 is 35.148
[31440 10810 31600 11260] on VIA6 is 33.892
[31440 10810 31600 11260] on VIA7 is 32.636
[31440 10810 31600 11260] on VIA8 is 31.379
[30020 10810 31520 11260] on M9 is 31.322
[28640 10810 30020 11260] on M9 is 31.563
[29900 10810 30140 11260] on VIA8 is 31.495
[29900 8035 30140 11035] on M8 is 31.495
[29900 5035 30140 8035] on M8 is 24.249
[29900 7810 30140 8260] on VIA8 is 24.249
[28640 7810 30020 8260] on M9 is 24.306
[27860 7810 28640 8260] on M9 is 24.368
[28560 7810 28720 8260] on VIA8 is 24.414
[28560 7810 28720 8260] on VIA7 is 24.734
[28560 7810 28720 8260] on VIA6 is 25.054
[28560 7810 28720 8260] on VIA5 is 25.375
[28560 7810 28720 8260] on VIA4 is 25.695
[28560 7810 28720 8260] on VIA3 is 26.015
[28560 7810 28720 8260] on VIA2 is 26.335
[28560 7810 28720 8260] on VIA1 is 26.656
[28560 5035 28720 8035] on M1 is 26.656
[28560 8035 28720 11035] on M1 is 33.676
[28560 10810 28720 11260] on VIA1 is 33.676
[28560 10810 28720 11260] on VIA2 is 33.388
[28560 10810 28720 11260] on VIA3 is 33.1
[28560 10810 28720 11260] on VIA4 is 32.812
[28560 10810 28720 11260] on VIA5 is 32.525
[28560 10810 28720 11260] on VIA6 is 32.237
[28560 10810 28720 11260] on VIA7 is 31.949
[28560 10810 28720 11260] on VIA8 is 31.661
[27860 10810 28640 11260] on M9 is 31.669
[25760 10810 27860 11260] on M9 is 31.795
[27740 10810 27980 11260] on VIA8 is 31.854
[27740 8035 27980 11035] on M8 is 31.854
[27740 5035 27980 8035] on M8 is 24.493
[27740 7810 27980 8260] on VIA8 is 24.493
[25760 7810 27860 8260] on M9 is 24.43
[25700 7810 25760 8260] on M9 is 24.43
[25680 7810 25840 8260] on VIA8 is 24.862
[25680 7810 25840 8260] on VIA7 is 26.138
[25680 7810 25840 8260] on VIA6 is 27.413
[25680 7810 25840 8260] on VIA5 is 28.688
[25680 7810 25840 8260] on VIA4 is 29.964
[25680 7810 25840 8260] on VIA3 is 31.239
[25680 7810 25840 8260] on VIA2 is 32.515
[25680 7810 25840 8260] on VIA1 is 33.79
[25680 5035 25840 8035] on M1 is 33.79
[25680 8035 25840 11035] on M1 is 47.715
[25680 10810 25840 11260] on VIA1 is 47.715
[25680 10810 25840 11260] on VIA2 is 45.546
[25680 10810 25840 11260] on VIA3 is 43.376
[25680 10810 25840 11260] on VIA4 is 41.207
[25680 10810 25840 11260] on VIA5 is 39.038
[25680 10810 25840 11260] on VIA6 is 36.868
[25680 10810 25840 11260] on VIA7 is 34.699
[25680 10810 25840 11260] on VIA8 is 32.53
[25700 10810 25760 11260] on M9 is 31.795
[23540 10810 25700 11260] on M9 is 31.78
[25580 10810 25820 11260] on VIA8 is 31.979
[25580 8035 25820 11035] on M8 is 31.979
[25580 5035 25820 8035] on M8 is 24.551
[25580 7810 25820 8260] on VIA8 is 24.551
[23540 7810 25700 8260] on M9 is 24.421
[23420 7810 23660 8260] on VIA8 is 24.1
[23420 5035 23660 8035] on M8 is 24.1
[23420 8035 23660 11035] on M8 is 31.264
[23420 10810 23660 11260] on VIA8 is 31.264
[23420 930 23660 5035] on M8 is 17.749
[23420 4810 23660 5260] on VIA8 is 17.749
[23540 4810 25700 5260] on M9 is 18.016
[25700 4810 25760 5260] on M9 is 18.022
[25580 4810 25820 5260] on VIA8 is 18.081
[25580 930 25820 5035] on M8 is 18.081
[25580 480 25820 930] on M8 is 9.89
[25580 480 25820 1380] on VIA8 is 9.89
[25700 480 25760 1380] on M9 is 9.087
[23540 480 25700 1380] on M9 is 9.078
[22880 480 23540 1380] on M9 is 8.385
[23420 480 23660 1380] on VIA8 is 9.229
[23420 480 23660 930] on M8 is 9.229
[22300 480 22880 1380] on M9 is 8.059
[22800 480 22960 1380] on VIA8 is 8.465
[22800 480 22960 1380] on VIA7 is 9.262
[22800 480 22960 1380] on VIA6 is 10.059
[22800 480 22960 1380] on VIA5 is 10.856
[22800 480 22960 1380] on VIA4 is 11.652
[22800 480 22960 1380] on VIA3 is 12.449
[22800 480 22960 1380] on VIA2 is 13.246
[22800 480 22960 1380] on VIA1 is 14.043
[22800 480 22960 930] on M1 is 14.043
[21850 480 22750 1380] on VIA8 is 7.726
[21850 0 22750 930] on M8 is 2.927
[21850 930 22750 1380] on M8 is 2.927
[25760 480 27740 1380] on M9 is 9.185
[25680 480 25840 1380] on VIA8 is 9.608
[25680 480 25840 1380] on VIA7 is 10.631
[25680 480 25840 1380] on VIA6 is 11.654
[25680 480 25840 1380] on VIA5 is 12.678
[25680 480 25840 1380] on VIA4 is 13.701
[25680 480 25840 1380] on VIA3 is 14.724
[25680 480 25840 1380] on VIA2 is 15.748
[25680 480 25840 1380] on VIA1 is 16.771
[25680 480 25840 930] on M1 is 16.771
[25680 930 25840 5035] on M1 is 24.648
[25680 4810 25840 5260] on VIA1 is 24.648
[25680 4810 25840 5260] on VIA2 is 23.745
[25680 4810 25840 5260] on VIA3 is 22.842
[25680 4810 25840 5260] on VIA4 is 21.939
[25680 4810 25840 5260] on VIA5 is 21.037
[25680 4810 25840 5260] on VIA6 is 20.134
[25680 4810 25840 5260] on VIA7 is 19.231
[25680 4810 25840 5260] on VIA8 is 18.328
[25760 4810 27860 5260] on M9 is 18.022
[27860 4810 28640 5260] on M9 is 17.98
[27740 4810 27980 5260] on VIA8 is 18.054
[27740 930 27980 5035] on M8 is 18.054
[27740 480 27980 930] on M8 is 9.99
[27740 480 27980 1380] on VIA8 is 9.99
[27860 480 28640 1380] on M9 is 9.191
[27740 480 27860 1380] on M9 is 9.191
[27290 480 28190 1380] on VIA8 is 9.185
[28640 480 30020 1380] on M9 is 9.102
[28560 480 28720 1380] on VIA8 is 9.494
[28560 480 28720 1380] on VIA7 is 10.266
[28560 480 28720 1380] on VIA6 is 11.038
[28560 480 28720 1380] on VIA5 is 11.809
[28560 480 28720 1380] on VIA4 is 12.581
[28560 480 28720 1380] on VIA3 is 13.353
[28560 480 28720 1380] on VIA2 is 14.124
[28560 480 28720 1380] on VIA1 is 14.896
[28560 480 28720 930] on M1 is 14.896
[28560 930 28720 5035] on M1 is 20.836
[28560 4810 28720 5260] on VIA1 is 20.836
[28560 4810 28720 5260] on VIA2 is 20.441
[28560 4810 28720 5260] on VIA3 is 20.047
[28560 4810 28720 5260] on VIA4 is 19.652
[28560 4810 28720 5260] on VIA5 is 19.258
[28560 4810 28720 5260] on VIA6 is 18.863
[28560 4810 28720 5260] on VIA7 is 18.469
[28560 4810 28720 5260] on VIA8 is 18.075
[28640 4810 30020 5260] on M9 is 17.941
[30020 4810 31520 5260] on M9 is 17.796
[29900 4810 30140 5260] on VIA8 is 17.851
[29900 930 30140 5035] on M8 is 17.851
[29900 480 30140 930] on M8 is 9.647
[29900 480 30140 1380] on VIA8 is 9.647
[30020 480 31520 1380] on M9 is 8.834
[31520 480 32540 1380] on M9 is 8.295
[31440 480 31600 1380] on VIA8 is 8.76
[31440 480 31600 1380] on VIA7 is 9.675
[31440 480 31600 1380] on VIA6 is 10.59
[31440 480 31600 1380] on VIA5 is 11.505
[31440 480 31600 1380] on VIA4 is 12.419
[31440 480 31600 1380] on VIA3 is 13.334
[31440 480 31600 1380] on VIA2 is 14.249
[31440 480 31600 1380] on VIA1 is 15.164
[31440 480 31600 930] on M1 is 15.164
[31440 930 31600 5035] on M1 is 22.205
[31440 4810 31600 5260] on VIA1 is 22.205
[31440 4810 31600 5260] on VIA2 is 21.578
[31440 4810 31600 5260] on VIA3 is 20.952
[31440 4810 31600 5260] on VIA4 is 20.325
[31440 4810 31600 5260] on VIA5 is 19.698
[31440 4810 31600 5260] on VIA6 is 19.072
[31440 4810 31600 5260] on VIA7 is 18.445
[31440 4810 31600 5260] on VIA8 is 17.818
[31520 4810 32540 5260] on M9 is 17.606
[32540 4810 34700 5260] on M9 is 17.388
[32420 4810 32660 5260] on VIA8 is 17.388
[32420 930 32660 5035] on M8 is 17.382
[32420 480 32660 930] on M8 is 8.692
[32420 480 32660 1380] on VIA8 is 8.692
[32540 480 33180 1380] on M9 is 7.831
[33180 480 34700 1380] on M9 is 7.901
[32730 480 33630 1380] on VIA8 is 7.428
[32730 0 33630 930] on M8 is 2.814
[32730 930 33630 1380] on M8 is 2.814
[34700 480 36810 1380] on M9 is 8.207
[34580 480 34820 1380] on VIA8 is 8.716
[34580 480 34820 930] on M8 is 8.716
[34580 930 34820 5035] on M8 is 16.937
[34580 4810 34820 5260] on VIA8 is 16.937
[34700 4810 36860 5260] on M9 is 16.933
[36860 4810 39020 5260] on M9 is 16.473
[36740 4810 36980 5260] on VIA8 is 16.5
[36740 930 36980 5035] on M8 is 16.5
[36740 480 36980 930] on M8 is 8.961
[36740 480 36980 1380] on VIA8 is 8.961
[36810 480 36860 1380] on M9 is 8.215
[36860 480 39020 1380] on M9 is 8.215
[39020 480 41180 1380] on M9 is 8.199
[38900 480 39140 1380] on VIA8 is 8.903
[38900 480 39140 930] on M8 is 8.903
[38900 930 39140 5035] on M8 is 16.012
[38900 4810 39140 5260] on VIA8 is 16.012
[39020 4810 41180 5260] on M9 is 15.989
[41180 4810 43340 5260] on M9 is 15.486
[41060 4810 41300 5260] on VIA8 is 15.486
[41060 930 41300 5035] on M8 is 15.479
[41060 480 41300 930] on M8 is 8.558
[41060 480 41300 1380] on VIA8 is 8.558
[41180 480 43340 1380] on M9 is 7.873
[43340 480 44060 1380] on M9 is 7.245
[43220 480 43460 1380] on VIA8 is 7.937
[43220 480 43460 930] on M8 is 7.937
[43220 930 43460 5035] on M8 is 14.924
[43220 4810 43460 5260] on VIA8 is 14.991
[43340 4810 45500 5260] on M9 is 14.991
[45500 4810 48020 5260] on M9 is 14.553
[45380 4810 45620 5260] on VIA8 is 14.553
[45380 930 45620 5035] on M8 is 14.487
[45380 480 45620 930] on M8 is 8.2
[45380 480 45620 1380] on VIA8 is 8.2
[44060 480 45500 1380] on M9 is 7.577
[45500 480 48020 1380] on M9 is 8.382
[48020 480 50180 1380] on M9 is 8.847
[47900 480 48140 1380] on VIA8 is 8.894
[47900 480 48140 930] on M8 is 8.894
[47900 930 48140 5035] on M8 is 14.061
[47900 4810 48140 5260] on VIA8 is 14.112
[48020 4810 50180 5260] on M9 is 14.112
[50180 4810 53680 5260] on M9 is 13.778
[50060 4810 50300 5260] on VIA8 is 13.778
[50060 930 50300 5035] on M8 is 13.715
[50060 480 50300 930] on M8 is 9.286
[50060 480 50300 1380] on VIA8 is 9.286
[50180 480 53680 1380] on M9 is 9.287
[53680 480 53920 1380] on M9 is 9.287
[53440 480 53920 1380] on VIA8 is 9.903
[53440 480 53920 930] on M8 is 9.903
[53440 930 53920 5035] on M8 is 13.013
[53440 5035 53920 8035] on M8 is 14.123
[53440 4810 53920 5260] on VIA8 is 13.328
[53680 4810 53920 5260] on M9 is 13.328
[53440 7810 53920 8260] on VIA8 is 15.12
[53680 7810 53920 8260] on M9 is 15.12
[43610 480 44510 1380] on VIA8 is 6.934
[43610 0 44510 930] on M8 is 2.627
[43610 930 44510 1380] on M8 is 2.627
[36360 480 37260 1380] on VIA8 is 8.207
[10220 480 11420 1380] on M9 is 7.664
[10970 480 11870 1380] on VIA8 is 7.096
[10970 0 11870 930] on M8 is 2.688
[10970 930 11870 1380] on M8 is 2.688
[8060 480 10220 1380] on M9 is 8.419
[10100 480 10340 1380] on VIA8 is 8.268
[10100 480 10340 930] on M8 is 8.268
[7940 480 8180 1380] on VIA8 is 8.915
[7940 480 8180 930] on M8 is 8.915
[480 11370 960 11850] on VIA8 is 7.133
[720 11370 960 11850] on M9 is 1.54
[0 11370 720 11850] on M9 is 1.54
[480 17150 960 18990] on M8 is 14.647
[480 16910 960 17390] on VIA8 is 9.615
[720 16910 960 17390] on M9 is 2.076
[0 16910 720 17390] on M9 is 2.076
[480 18750 960 19230] on VIA8 is 14.647
[480 22440 960 22920] on VIA8 is 11.778
[720 22440 960 22920] on M9 is 2.543
[0 22440 720 22920] on M9 is 2.543
[43610 53980 44510 54880] on VIA8 is 6.486
[43610 53980 44510 54430] on M8 is 2.457
[43610 54430 44510 55360] on M8 is 2.457
[36360 53980 37260 54880] on VIA8 is 7.411
[21850 53980 22750 54880] on VIA8 is 6.344
[21850 53980 22750 54430] on M8 is 2.403
[21850 54430 22750 55360] on M8 is 2.403
[10970 53980 11870 54880] on VIA8 is 6.909
[10970 53980 11870 54430] on M8 is 2.617
[10970 54430 11870 55360] on M8 is 2.617
[480 37210 960 37690] on VIA8 is 24.207
