[13:57:58.75] /o Custom Designer (TM) Version J-2014.12-SP2-2
              /c Build  (OPT) Config 2901729 compiled on Sun Jul 26 20:41:43 2015 for RHEL64 5.7
              /c Invocation: /usr/local/synopsys/customdesigner/J-2014.12-SP2-2/amd64/platform/bin/cdesigner
              /c Execution time: Wed Jan 31 13:57:51 2018
              /c Host: bender.engr.ucr.edu
              /c 
              /c Copyright © 2004-2015 Synopsys, Inc. All rights reserved.
              /c Your use of this program is subject to the terms and conditions of the written license agreement between you, or your company, and Synopsys.
              /c 
[13:58:04.55] /i db::setAttr geometry -of [gi::getFrames 0] -value 600x300+8+610
[13:58:05.81] /i db::setAttr geometry -of [gi::getFrames 0] -value 600x300+733+510
[13:58:09.66] /# gi::executeAction deRecentFile_mylibrary_ringOscillator_testbench_config_Editing -in [gi::getWindows 0]
[13:58:09.66] /a de::open mylibrary/ringOscillator_testbench/config -readOnly false
[13:58:09.76] /o 	############################################
[13:58:09.76] /o 	--------------------------------------------
[13:58:09.76] /o 	PDK Name................... : SAED_PDK_90
[13:58:09.76] /o 	PDK Release Date........... : 29-Sep-2015
[13:58:09.76] /o 	PDK Custom Designer Version : J-2014.12-2
[13:58:09.76] /o 	--------------------------------------------
[13:58:09.76] /o 	############################################
[13:58:09.76] /o 
[13:58:09.76] /w Warning: Preference 'leActiveLPP' is deprecated and scheduled for removal in a future release with no replacement. For migration assistance, see the Custom Designer Tcl Reference Manual. (PREFERENCE-058)
[13:58:09.76] /o SAED PDK 90: Loaded callbacks
[13:58:09.77] /o SAED PDK 90: Loaded display resources
[13:58:09.91] /m Information: License 'Schematic Editor' checked out. (LICENSE-003)
[13:58:10.07] /r giWindowId 1
[13:58:10.08] /r giWindowGeometry 1224x864
[13:58:10.98] /r giWindowId 2
[13:58:10.98] /r giWindowGeometry 750x750
[13:58:11.37] /o oa:0x252b6ac0
[13:58:13.05] /i gi::setActiveWindow 1
[13:58:13.08] /i gi::setActiveWindow 1 -raise true
[13:58:13.16] /i gi::setActiveWindow 2
[13:58:13.17] /i gi::setActiveWindow 2 -raise true
[13:58:13.91] /i db::setAttr geometry -of [gi::getFrames 1] -value 1224x864+15+54
[13:58:13.94] /i db::setAttr geometry -of [gi::getFrames 2] -value 750x750+164+187
[13:58:16.14] /i gi::setField {heViewSearchList} -value {schematic\ hspice\ symbol} -in [gi::getWindows 2]
[13:58:16.20] /i gi::expand {heTreeWidget} -index {0,0} -in [gi::getWindows 2]
[13:58:16.23] /i gi::setSectionSizes {heTreeWidget} -values {249 180 180 180} -in [gi::getWindows 2]
[13:58:17.28] /i gi::collapse {heTreeWidget} -index {0,0} -in [gi::getWindows 2]
[13:58:18.14] /i gi::executeAction heFileSave -in [gi::getWindows 2]
[13:58:19.03] /i gi::executeAction giCloseWindow -in [gi::getWindows 2]
[13:58:19.18] /i gi::setActiveWindow 1
[13:58:19.19] /i gi::setActiveWindow 1 -raise true
[13:58:20.42] /i db::setAttr geometry -of [gi::getFrames 1] -value 718x888+721+31
[13:58:20.72] /# gi::executeAction deSelectActive -in [gi::getWindows 1]
[13:58:22.19] /# gi::executeAction deFitEdit -in [gi::getWindows 1]
[13:58:22.19] /i de::fit -window 1 -fitEdit true
[13:58:22.22] /o {-0.35625 -0.35625} {2.84375 3.26875}
[13:58:26.41] /# gi::executeAction seShowConsoleForWindow -in [gi::getWindows 1]
[13:58:26.42] /i sa::showConsole -context [db::getNext [de::getContexts -window 1]]
[13:58:30.19] /m Information: License 'Simulation & Analysis Environment' checked out. (LICENSE-003)
[13:58:30.25] /r giWindowId 3
[13:58:30.26] /r giWindowGeometry 600x500
[13:58:30.61] /o oa:0x27ef6eb0
[13:58:31.03] /i db::setAttr geometry -of [gi::getFrames 3] -value 600x500+216+239
[13:58:32.44] /# gi::executeAction saLoadState -in [gi::getWindows 3]
[13:58:32.44] /i sa::showLoadState -parent 3
[13:58:33.23] /o oa:0x28146300
[13:58:33.46] /i gi::setActiveDialog [gi::getDialogs {saShowLoadState} -parent [gi::getWindows 3]]
[13:58:33.95] /i db::setAttr geometry -of [gi::getDialogs {saShowLoadState} -parent [gi::getWindows 3]] -value 600x645+336+339
[13:58:34.71] /i gi::setField {/loadFrom/openAccess} -value {true} -in [gi::getDialogs {saShowLoadState} -parent [gi::getWindows 3]]
[13:58:35.39] /i db::setAttr geometry -of [gi::getDialogs {saShowLoadState} -parent [gi::getWindows 3]] -value 600x616+336+339
[13:58:38.01] /i db::setAttr geometry -of [gi::getDialogs {saShowLoadState} -parent [gi::getWindows 3]] -value 600x616+307+223
[13:58:39.03] /i gi::pressButton {/ok} -in [gi::getDialogs {saShowLoadState} -parent [gi::getWindows 3]]
[13:58:41.87] /i gi::executeAction menuPreShow -in [gi::getWindows 3]
[13:58:41.89] /r giMenuAccess db::getNext [gi::getMenus saConsoleSimMenu -from [gi::getWindows 3]]
[13:58:43.10] /# gi::executeAction saNetlistAndRun -in [gi::getWindows 3]
[13:58:43.10] /i isa::netlistAndRun -testbench [sa::findActiveTestbench -window 3]
[13:58:43.20] /m Information: "Starting incremental netlisting for design "mylibrary/ringOscillator_testbench/config"..." (NETLISTING-010)
[13:58:43.30] /o No Design Integrity rule violations found in "mylibrary/ringOscillator_testbench/schematic"
[13:58:43.69] /m Information: "Netlisting design "mylibrary/ringOscillator_testbench/config" finished successfully." (NETLISTING-012)
[13:58:43.70] /m Information: "Composing simulator input file for design "mylibrary/ringOscillator_testbench/config"..."
[13:58:43.94] /m Information: "Simulator input file composed successfully for design "mylibrary/ringOscillator_testbench/config""
[13:58:46.52] /r giWindowId 4
[13:58:46.53] /r giWindowGeometry 800x600
[13:58:46.95] /# gi::expand {jobMonitorTable} -index {0,0} -in [gi::getWindows 4]
[13:58:46.95] /# gi::expand {jobMonitorTable} -index {0.0,0} -in [gi::getWindows 4]
[13:58:47.05] /m Information: "Starting HSPICE simulation for design: mylibrary/ringOscillator_testbench/config"
[13:58:47.06] /# gi::collapse {jobMonitorTable} -index {0.0,0} -in [gi::getWindows 4]
[13:58:47.29] /o 1
[13:58:47.29] /i gi::expand {jobMonitorTable} -index {0.0,0} -in [gi::getWindows 4]
[13:58:47.37] /i db::setAttr geometry -of [gi::getFrames 4] -value 800x600+60+83
[13:58:49.60] /m Information: "Simulation completed successfully for design: mylibrary/ringOscillator_testbench/config "
[13:58:51.34] /m Information: Measurement calculations completed for testbench: default in 0s
[13:58:51.38] /m Information: "Evaluating and plotting outputs..."
[13:58:51.48] /m Information: Launching Waveform Viewer "cd /home/cemaj/jwoosam/simulation/mylibrary/ringOscillator_testbench/config/HSPICE/nominal/results && wv -k -cdesigner > /home/cemaj/jwoosam/simulation/mylibrary/ringOscillator_testbench/config/HSPICE/nominal/results/viewer.log 2>&1"
[14:03:08.26] /i gi::setActiveWindow 3
[14:03:08.27] /i gi::setActiveWindow 3 -raise true
[14:03:23.28] /m Information: Waveform Viewer exited normally.
[14:03:25.44] /i gi::setActiveWindow 1
[14:03:25.46] /i gi::setActiveWindow 1 -raise true
[14:03:25.49] /i gi::executeAction giCloseWindow -in [gi::getWindows 1]
[14:03:26.22] /m Information: License 'Schematic Editor' checked in. (LICENSE-004)
[14:03:36.95] /i gi::setActiveWindow 3
[14:03:36.97] /i gi::setActiveWindow 3 -raise true
[14:03:36.99] /i gi::executeAction giCloseWindow -in [gi::getWindows 3]
[14:03:37.16] /m Information: License 'Simulation & Analysis Environment' checked in. (LICENSE-004)
[14:03:38.30] /i gi::setActiveWindow 4
[14:03:38.32] /i gi::setActiveWindow 4 -raise true
[14:03:38.33] /i gi::executeAction giCloseWindow -in [gi::getWindows 4]
[14:03:45.17] /i gi::setActiveWindow 0
[14:03:45.19] /i gi::setActiveWindow 0 -raise true
[14:06:26.12] /i db::setAttr geometry -of [gi::getFrames 0] -value 600x300+820+183
[14:06:30.14] /# gi::executeAction deRecentFile_mylibrary_ringOscillator_testbench_config_Editing -in [gi::getWindows 0]
[14:06:30.17] /a de::open mylibrary/ringOscillator_testbench/config -readOnly false
[14:06:30.27] /m Information: License 'Schematic Editor' checked out. (LICENSE-003)
[14:06:30.37] /r giWindowId 5
[14:06:30.37] /r giWindowGeometry 1224x864
[14:06:31.24] /r giWindowId 6
[14:06:31.25] /r giWindowGeometry 750x750
[14:06:31.54] /o oa:0x2499cde0
[14:06:31.85] /i gi::setActiveWindow 5
[14:06:31.87] /i gi::setActiveWindow 5 -raise true
[14:06:32.31] /i gi::setActiveWindow 6
[14:06:32.33] /i gi::setActiveWindow 6 -raise true
[14:06:32.56] /i db::setAttr geometry -of [gi::getFrames 5] -value 1224x864+33+72
[14:06:32.59] /i db::setAttr geometry -of [gi::getFrames 6] -value 750x750+164+187
[14:06:33.34] /i gi::setField {heViewSearchList} -value {schematic\ hspice\ symbol} -in [gi::getWindows 6]
[14:06:33.35] /i gi::executeAction giCloseWindow -in [gi::getWindows 6]
[14:06:33.84] /i gi::setActiveWindow 5
[14:06:33.86] /i gi::setActiveWindow 5 -raise true
[14:06:35.71] /# gi::executeAction seShowConsoleForWindow -in [gi::getWindows 5]
[14:06:35.71] /i sa::showConsole -context [db::getNext [de::getContexts -window 5]]
[14:06:35.79] /m Information: License 'Simulation & Analysis Environment' checked out. (LICENSE-003)
[14:06:35.84] /r giWindowId 7
[14:06:35.85] /r giWindowGeometry 600x500
[14:06:36.49] /o oa:0x28964fb0
[14:06:37.04] /i db::setAttr geometry -of [gi::getFrames 7] -value 600x500+216+239
[14:06:38.95] /# gi::executeAction saLoadState -in [gi::getWindows 7]
[14:06:38.95] /i sa::showLoadState -parent 7
[14:06:39.42] /o oa:0x283ff880
[14:06:39.75] /i gi::setActiveDialog [gi::getDialogs {saShowLoadState} -parent [gi::getWindows 7]]
[14:06:40.17] /i db::setAttr geometry -of [gi::getDialogs {saShowLoadState} -parent [gi::getWindows 7]] -value 600x645+336+339
[14:06:40.77] /i gi::setField {/loadFrom/openAccess} -value {true} -in [gi::getDialogs {saShowLoadState} -parent [gi::getWindows 7]]
[14:06:41.66] /i db::setAttr geometry -of [gi::getDialogs {saShowLoadState} -parent [gi::getWindows 7]] -value 600x616+336+339
[14:06:44.20] /i db::setAttr geometry -of [gi::getDialogs {saShowLoadState} -parent [gi::getWindows 7]] -value 600x616+351+207
[14:06:44.96] /i gi::pressButton {/ok} -in [gi::getDialogs {saShowLoadState} -parent [gi::getWindows 7]]
[14:06:47.09] /i gi::executeAction menuPreShow -in [gi::getWindows 7]
[14:06:47.11] /r giMenuAccess db::getNext [gi::getMenus saConsoleSimMenu -from [gi::getWindows 7]]
[14:06:47.88] /# gi::executeAction saNetlistAndRun -in [gi::getWindows 7]
[14:06:47.88] /i isa::netlistAndRun -testbench [sa::findActiveTestbench -window 7]
[14:06:48.29] /m Information: "Starting incremental netlisting for design "mylibrary/ringOscillator_testbench/config"..." (NETLISTING-010)
[14:06:48.41] /o No Design Integrity rule violations found in "mylibrary/ringOscillator_testbench/schematic"
[14:06:49.60] /m Information: "Netlisting design "mylibrary/ringOscillator_testbench/config" finished successfully." (NETLISTING-012)
[14:06:49.62] /m Information: "Composing simulator input file for design "mylibrary/ringOscillator_testbench/config"..."
[14:06:50.18] /m Information: "Simulator input file composed successfully for design "mylibrary/ringOscillator_testbench/config""
[14:06:51.86] /r giWindowId 8
[14:06:51.87] /r giWindowGeometry 800x600
[14:06:52.49] /# gi::expand {jobMonitorTable} -index {0,0} -in [gi::getWindows 8]
[14:06:52.49] /# gi::expand {jobMonitorTable} -index {0.0,0} -in [gi::getWindows 8]
[14:06:52.62] /m Information: "Starting HSPICE simulation for design: mylibrary/ringOscillator_testbench/config"
[14:06:52.63] /# gi::collapse {jobMonitorTable} -index {0.0,0} -in [gi::getWindows 8]
[14:06:52.76] /o 1
[14:06:52.79] /i gi::expand {jobMonitorTable} -index {0.0,0} -in [gi::getWindows 8]
[14:06:56.47] /i db::setAttr geometry -of [gi::getFrames 8] -value 800x600+34+57
[14:06:56.64] /m Information: "Simulation completed successfully for design: mylibrary/ringOscillator_testbench/config "
[14:06:57.98] /m Information: Measurement calculations completed for testbench: default in 0s
[14:06:58.00] /m Information: "Evaluating and plotting outputs..."
[14:06:58.06] /m Information: Launching Waveform Viewer "cd /home/cemaj/jwoosam/simulation/mylibrary/ringOscillator_testbench/config/HSPICE/nominal/results && wv -k -cdesigner > /home/cemaj/jwoosam/simulation/mylibrary/ringOscillator_testbench/config/HSPICE/nominal/results/viewer.log 2>&1"
[14:07:36.53] /i gi::executeAction giCloseWindow -in [gi::getWindows 8]
[14:07:36.62] /i gi::setActiveWindow 7
[14:07:36.64] /i gi::setActiveWindow 7 -raise true
[14:07:38.40] /i gi::setActiveWindow 5
[14:07:38.42] /i gi::setActiveWindow 5 -raise true
[14:07:38.69] /i db::setAttr geometry -of [gi::getFrames 7] -value 600x500+0+0
[14:07:39.17] /# gi::executeAction deSelectActive -in [gi::getWindows 5]
[14:07:39.17] /i de::select [de::getActiveFigure [gi::getWindows 5] -point {1.65625 1.88125} -index 0 -intent none] -replace true
[14:07:39.20] /o oa:0x28b1dd50
[14:07:40.64] /# gi::executeAction deSelectActive -in [gi::getWindows 5]
[14:07:40.64] /i de::cycleActiveFigure [gi::getWindows 5] -direction next
[14:07:40.65] /o oa:0x283781c0
[14:07:40.65] /i de::select [de::getActiveFigure [gi::getWindows 5] -point {1.275 1.8375} -index 0 -intent none] -replace true
[14:07:40.67] /o oa:0x28003a80
[14:07:40.80] /# gi::executeAction deDescend -in [gi::getWindows 5]
[14:07:40.80] /i ide::descend 5 -inPlace false -promptView false -readOnly [expr ![de::isEditable [db::getNext [de::getContexts -window 5]]]]
[14:07:40.93] /m Information: License 'Layout Editor' checked out. (LICENSE-003)
[14:07:40.96] /# Navigating to mylibrary/ringOscillator/starrc (I0)
[14:07:44.03] /# gi::setItemSelection {lpps} -index {0,0} -in [gi::getAssistants leObjectLayerPanel -from [gi::getWindows 5]]
[14:07:44.03] /# gi::setItemSelection {lpps} -index {} -in [gi::getAssistants leObjectLayerPanel -from [gi::getWindows 5]]
[14:07:44.07] /o 0.1
[14:07:44.39] /i db::setAttr dockSize -of [gi::getAssistants leObjectLayerPanel -from [gi::getWindows 5]] -value 190x714
[14:07:46.73] /# gi::executeAction deFitView -in [gi::getWindows 5]
[14:07:46.73] /i de::fit -window 5 -fitView true
[14:07:46.77] /o {-1.415 -4.254} {16.361 8.558}
[14:07:52.29] /# gi::executeAction deFitView -in [gi::getWindows 5]
[14:07:52.29] /i de::fit -window 5 -fitView true
[14:07:52.32] /o {-1.415 -4.254} {16.361 8.558}
[14:07:52.52] /# gi::executeAction deFitView -in [gi::getWindows 5]
[14:07:52.52] /i de::fit -window 5 -fitView true
[14:07:52.55] /o {-1.415 -4.254} {16.361 8.558}
[14:07:56.15] /# gi::executeAction deFitView -in [gi::getWindows 5]
[14:07:56.15] /i de::fit -window 5 -fitView true
[14:07:56.18] /o {-1.415 -4.254} {16.361 8.558}
[14:07:58.20] /# gi::executeAction deSelectByWindow -in [gi::getWindows 5]
[14:07:58.20] /i de::deselectAll [db::getNext [de::getContexts -window 5]]; ide::selectByRegion -region rectangle -select true -point {-0.89 6.05} 
[14:07:59.16] /# gi::executeAction deEndDrag -in [gi::getWindows 5]
[14:07:59.16] /i de::endDrag {15.477 -3.551} -window 5
[14:08:04.48] /i gi::executeAction giCloseWindow -in [gi::getWindows 5]
[14:08:05.43] /m Information: License 'Layout Editor' checked in. (LICENSE-004)
[14:08:05.46] /m Information: License 'Schematic Editor' checked in. (LICENSE-004)
[14:08:05.60] /i gi::setActiveWindow 0
[14:08:05.64] /i gi::setActiveWindow 0 -raise true
[14:08:19.78] /# gi::executeAction dmShowLibraryManager -in [gi::getWindows 0]
[14:08:19.79] /i dm::showLibraryManager
[14:08:19.80] /r giWindowId 9
[14:08:19.81] /r giWindowGeometry 660x600+50+50
[14:08:20.11] /o oa:0x2521d330
[14:08:20.54] /i db::setAttr geometry -of [gi::getFrames 9] -value 660x600+58+81
[14:08:21.70] /i gi::setCurrentIndex {libs} -index {mylibrary} -in [gi::getWindows 9]
[14:08:21.74] /i gi::setItemSelection {libs} -index {mylibrary} -in [gi::getWindows 9]
[14:08:23.32] /i gi::setCurrentIndex {cells} -index {ringOscillator_testbench} -in [gi::getWindows 9]
[14:08:23.50] /i gi::setItemSelection {cells} -index {ringOscillator_testbench} -in [gi::getWindows 9]
[14:08:25.14] /i gi::setCurrentIndex {cells} -index {ringOscillator} -in [gi::getWindows 9]
[14:08:25.81] /i gi::setItemSelection {cells} -index {ringOscillator} -in [gi::getWindows 9]
[14:08:26.94] /i gi::setCurrentIndex {views} -index {layout} -in [gi::getWindows 9]
[14:08:27.01] /i gi::setItemSelection {views} -index {layout} -in [gi::getWindows 9]
[14:08:27.11] /i gi::executeAction dmOpen -in [gi::getWindows 9]
[14:08:27.21] /m Information: License 'Layout Editor' checked out. (LICENSE-003)
[14:08:27.40] /r giWindowId 10
[14:08:27.41] /r giWindowGeometry 1224x864
[14:08:29.07] /i db::setAttr dockSize -of [gi::getAssistants leObjectLayerPanel -from [gi::getWindows 10]] -value 190x714
[14:08:30.44] /i db::setAttr geometry -of [gi::getFrames 10] -value 1224x864+51+90
[14:08:30.53] /# gi::executeAction deZoomInCursor -in [gi::getWindows 10]
[14:08:30.53] /i ide::setViewport 10 -direction in -point {1.723 4.659}
[14:08:32.31] /# gi::executeAction deEndDrag -in [gi::getWindows 10]
[14:08:32.31] /i de::endDrag {8.402 -1.21} -window 10
[14:08:33.84] /i db::setAttr dockSize -of [gi::getAssistants leObjectLayerPanel -from [gi::getWindows 10]] -value 190x747
[14:08:33.87] /i db::setAttr geometry -of [gi::getFrames 10] -value 1440x897+0+23
[14:08:38.71] /# gi::executeAction deFitView -in [gi::getWindows 10]
[14:08:38.72] /i de::fit -window 10 -fitView true
[14:08:38.75] /o {-1.392 -3.689} {16.342 7.282}
[14:08:47.94] /i gi::executeAction deObjectActivation -in [gi::getWindows 10]
[14:08:49.41] /i gi::executeAction deObjectActivation -in [gi::getWindows 10]
[14:08:50.61] /i gi::executeAction deObjectActivation -in [gi::getWindows 10]
[14:08:50.86] /e Error: Can not execute 'Ctrl-e' binding because target action deReturn is disabled. (WINDOW-118)
[14:08:51.05] /i gi::executeAction deObjectActivation -in [gi::getWindows 10]
[14:08:51.59] /i gi::executeAction deObjectActivation -in [gi::getWindows 10]
[14:08:51.79] /# gi::executeAction leDisplayAllLevels -in [gi::getWindows 10]
[14:08:51.79] /i 
              /c                 if {[db::getPrefValue leStartLevel -scope [db::getNext [de::getContexts -window 10]]] > 32} {
              /c                         db::setPrefValue leStopLevel -value 32 -scope [db::getNext [de::getContexts -window 10]]; db::setPrefValue leStartLevel -value 32 -scope [db::getNext [de::getContexts -window 10]]; de::redraw -window 10
              /c                 } else {
              /c                         db::setPrefValue leStopLevel -value 32 -scope [db::getNext [de::getContexts -window 10]]; de::redraw -window 10
              /c                 }
              /c         
[14:08:52.00] /i gi::executeAction deObjectActivation -in [gi::getWindows 10]
[14:08:54.28] /# gi::executeAction deZoomInCursor -in [gi::getWindows 10]
[14:08:54.29] /i ide::setViewport 10 -direction in -point {1.916 3.65}
[14:08:55.39] /# gi::executeAction deEndDrag -in [gi::getWindows 10]
[14:08:55.39] /i de::endDrag {8.944 -0.647} -window 10
[14:09:16.27] /# gi::executeAction dePanEast -in [gi::getWindows 10]
[14:09:16.28] /i de::pan -direction E -multiplier 0.5
[14:09:16.30] /o {5.433 -0.672} {12.461 3.675}
[14:09:16.71] /# gi::executeAction dePanEast -in [gi::getWindows 10]
[14:09:16.71] /i de::pan -direction E -multiplier 0.5
[14:09:16.74] /o {8.95 -0.672} {15.978 3.675}
[14:09:17.10] /# gi::executeAction dePanEast -in [gi::getWindows 10]
[14:09:17.10] /i de::pan -direction E -multiplier 0.5
[14:09:17.12] /o {12.467 -0.672} {19.495 3.675}
[14:09:20.12] /# gi::executeAction dePanWest -in [gi::getWindows 10]
[14:09:20.12] /i de::pan -direction W -multiplier 0.5
[14:09:20.14] /o {8.95 -0.672} {15.978 3.675}
[14:09:21.25] /# gi::executeAction dePanWest -in [gi::getWindows 10]
[14:09:21.25] /i de::pan -direction W -multiplier 0.5
[14:09:21.27] /o {5.433 -0.672} {12.461 3.675}
[14:09:21.58] /# gi::executeAction dePanWest -in [gi::getWindows 10]
[14:09:21.58] /i de::pan -direction W -multiplier 0.5
[14:09:21.60] /o {1.916 -0.672} {8.944 3.675}
[14:09:21.81] /# gi::executeAction dePanWest -in [gi::getWindows 10]
[14:09:21.81] /i de::pan -direction W -multiplier 0.5
[14:09:21.85] /o {-1.601 -0.672} {5.427 3.675}
[14:09:22.05] /# gi::executeAction dePanWest -in [gi::getWindows 10]
[14:09:22.05] /i de::pan -direction W -multiplier 0.5
[14:09:22.08] /o {-5.118 -0.672} {1.91 3.675}
[14:09:22.87] /# gi::executeAction dePanEast -in [gi::getWindows 10]
[14:09:22.87] /i de::pan -direction E -multiplier 0.5
[14:09:22.91] /o {-1.601 -0.672} {5.427 3.675}
[14:09:28.60] /# gi::executeAction dePanEast -in [gi::getWindows 10]
[14:09:28.60] /i de::pan -direction E -multiplier 0.5
[14:09:28.62] /o {1.916 -0.672} {8.944 3.675}
[14:09:36.49] /# gi::executeAction deZoomInCursor -in [gi::getWindows 10]
[14:09:36.50] /i ide::setViewport 10 -direction in -point {6.258 1.744}
[14:09:37.16] /# gi::executeAction deEndDrag -in [gi::getWindows 10]
[14:09:37.16] /i de::endDrag {7.51 0.972} -window 10
[14:09:40.48] /# gi::executeAction deFitView -in [gi::getWindows 10]
[14:09:40.48] /i de::fit -window 10 -fitView true
[14:09:40.53] /o {-1.392 -3.689} {16.342 7.282}
[14:09:43.74] /i gi::setActiveWindow 9
[14:09:43.74] /i gi::setActiveWindow 9 -raise true
[14:09:44.36] /i db::setAttr geometry -of [gi::getFrames 10] -value 1440x897+0+0
[14:09:46.16] /i gi::setActiveWindow 0
[14:09:46.17] /i gi::setActiveWindow 0 -raise true
[14:09:48.92] /i gi::setActiveWindow 9
[14:09:48.93] /i gi::setActiveWindow 9 -raise true
[14:09:48.94] /i gi::setCurrentIndex {cells} -index {ringOscillator_testbench} -in [gi::getWindows 9]
[14:09:49.10] /i gi::setItemSelection {cells} -index {ringOscillator_testbench} -in [gi::getWindows 9]
[14:09:51.47] /i gi::setCurrentIndex {views} -index {Tran_SAE} -in [gi::getWindows 9]
[14:09:51.49] /i gi::setItemSelection {views} -index {Tran_SAE} -in [gi::getWindows 9]
[14:09:51.64] /i gi::executeAction dmOpen -in [gi::getWindows 9]
[14:09:51.99] /r giWindowId 11
[14:09:52.00] /r giWindowGeometry 600x500
[14:09:53.05] /i db::setAttr geometry -of [gi::getFrames 11] -value 600x500+138+161
[14:09:54.60] /# gi::executeAction saNetlistAndRun -in [gi::getWindows 11]
[14:09:54.60] /i isa::netlistAndRun -testbench [sa::findActiveTestbench -window 11]
[14:09:54.69] /m Information: "Starting incremental netlisting for design "mylibrary/ringOscillator_testbench/config"..." (NETLISTING-010)
[14:09:54.81] /o No Design Integrity rule violations found in "mylibrary/ringOscillator_testbench/schematic"
[14:09:55.04] /m Information: "Netlisting design "mylibrary/ringOscillator_testbench/config" finished successfully." (NETLISTING-012)
[14:09:55.05] /m Information: "Composing simulator input file for design "mylibrary/ringOscillator_testbench/config"..."
[14:09:55.16] /m Information: "Simulator input file composed successfully for design "mylibrary/ringOscillator_testbench/config""
[14:09:56.21] /r giWindowId 12
[14:09:56.23] /r giWindowGeometry 800x600
[14:09:56.75] /# gi::expand {jobMonitorTable} -index {0,0} -in [gi::getWindows 12]
[14:09:56.75] /# gi::expand {jobMonitorTable} -index {0.0,0} -in [gi::getWindows 12]
[14:09:56.95] /m Information: "Starting HSPICE simulation for design: mylibrary/ringOscillator_testbench/config"
[14:09:56.96] /# gi::collapse {jobMonitorTable} -index {0.0,0} -in [gi::getWindows 12]
[14:09:57.01] /o 1
[14:09:57.02] /i gi::expand {jobMonitorTable} -index {0.0,0} -in [gi::getWindows 12]
[14:09:57.18] /i db::setAttr geometry -of [gi::getFrames 12] -value 800x600+164+187
[14:09:58.19] /m Information: "Simulation completed successfully for design: mylibrary/ringOscillator_testbench/config "
[14:09:58.75] /m Information: Measurement calculations completed for testbench: default in 0s
[14:09:58.89] /m Information: Measurement calculations completed for testbench: default in 0s
[14:09:58.92] /m Information: "Evaluating and plotting outputs..."
[14:10:14.98] /i db::setAttr geometry -of [gi::getFrames 12] -value 800x600+309+194
[14:10:23.50] /i gi::setActiveWindow 0
[14:10:23.50] /i gi::setActiveWindow 0 -raise true
[14:10:30.49] /i gi::setActiveWindow 12
[14:10:30.50] /i gi::setActiveWindow 12 -raise true
[14:10:30.51] /i gi::setCurrentIndex {jobMonitorTable} -index {0,0} -in [gi::getWindows 12]
[14:10:50.91] /i db::setAttr geometry -of [gi::getFrames 12] -value 800x600+423+84
[14:10:57.66] /i gi::setActiveWindow 0
[14:10:57.67] /i gi::setActiveWindow 0 -raise true
[14:11:01.66] /i gi::setActiveWindow 12
[14:11:01.66] /i gi::setActiveWindow 12 -raise true
[14:11:03.24] /i gi::setActiveWindow 11
[14:11:03.25] /i gi::setActiveWindow 11 -raise true
[14:11:03.26] /i gi::setCurrentIndex {variablesTable} -index {0,0} -in [gi::getWindows 11]
[14:11:09.02] /i gi::setActiveWindow 12
[14:11:09.03] /i gi::setActiveWindow 12 -raise true
[14:11:29.10] /m Information: Waveform Viewer exited normally.
[14:11:30.28] /i gi::executeAction giCloseWindow -in [gi::getWindows 12]
[14:11:30.34] /i gi::setActiveWindow 11
[14:11:30.34] /i gi::setActiveWindow 11 -raise true
[14:11:30.35] /i gi::setCurrentIndex {outputsTable} -index {0,0} -in [gi::getWindows 11]
[14:11:32.10] /# gi::executeAction saNetlistAndRun -in [gi::getWindows 11]
[14:11:32.11] /i isa::netlistAndRun -testbench [sa::findActiveTestbench -window 11]
[14:11:32.16] /m Information: "Starting incremental netlisting for design "mylibrary/ringOscillator_testbench/config"..." (NETLISTING-010)
[14:11:32.25] /o No Design Integrity rule violations found in "mylibrary/ringOscillator_testbench/schematic"
[14:11:32.37] /m Information: "Netlisting design "mylibrary/ringOscillator_testbench/config" finished successfully." (NETLISTING-012)
[14:11:32.38] /m Information: "Composing simulator input file for design "mylibrary/ringOscillator_testbench/config"..."
[14:11:32.46] /m Information: "Simulator input file composed successfully for design "mylibrary/ringOscillator_testbench/config""
[14:11:33.03] /r giWindowId 13
[14:11:33.05] /r giWindowGeometry 800x600
[14:11:33.42] /# gi::expand {jobMonitorTable} -index {0,0} -in [gi::getWindows 13]
[14:11:33.42] /# gi::expand {jobMonitorTable} -index {0.0,0} -in [gi::getWindows 13]
[14:11:33.49] /m Information: "Starting HSPICE simulation for design: mylibrary/ringOscillator_testbench/config"
[14:11:33.50] /# gi::collapse {jobMonitorTable} -index {0.0,0} -in [gi::getWindows 13]
[14:11:33.53] /o 1
[14:11:33.53] /i gi::expand {jobMonitorTable} -index {0.0,0} -in [gi::getWindows 13]
[14:11:33.75] /i db::setAttr geometry -of [gi::getFrames 13] -value 800x600+190+213
[14:11:34.05] /m Information: "Simulation completed successfully for design: mylibrary/ringOscillator_testbench/config "
[14:11:34.35] /m Information: Measurement calculations completed for testbench: default in 0s
[14:11:34.38] /m Information: Measurement calculations completed for testbench: default in 0s
[14:11:34.40] /m Information: "Evaluating and plotting outputs..."
[14:11:34.44] /m Information: Launching Waveform Viewer "cd /home/cemaj/jwoosam/simulation/mylibrary/ringOscillator_testbench/config/HSPICE/nominal/results && wv -k -cdesigner > /home/cemaj/jwoosam/simulation/mylibrary/ringOscillator_testbench/config/HSPICE/nominal/results/viewer.log 2>&1"
[14:11:46.09] /i gi::setCurrentIndex {jobMonitorTable} -index {0,0} -in [gi::getWindows 13]
[14:11:47.53] /i gi::executeAction giCloseWindow -in [gi::getWindows 13]
[14:12:00.59] /m Information: Waveform Viewer exited normally.
[14:12:00.67] /i gi::setActiveWindow 11
[14:12:00.68] /i gi::setActiveWindow 11 -raise true
[14:12:02.03] /i gi::executeAction giCloseWindow -in [gi::getWindows 11]
[14:12:02.14] /i gi::setActiveWindow 0
[14:12:02.15] /i gi::setActiveWindow 0 -raise true
[14:12:03.06] /i gi::setActiveWindow 9
[14:12:03.07] /i gi::setActiveWindow 9 -raise true
[14:12:03.08] /i gi::setCurrentIndex {views} -index {schematic} -in [gi::getWindows 9]
[14:12:03.09] /i gi::setItemSelection {views} -index {schematic} -in [gi::getWindows 9]
[14:12:05.14] /i gi::setItemSelection {views} -index {} -in [gi::getWindows 9]
[14:12:06.10] /i gi::setItemSelection {views} -index {schematic} -in [gi::getWindows 9]
[14:12:06.25] /i gi::executeAction dmOpen -in [gi::getWindows 9]
[14:12:06.31] /m Information: License 'Schematic Editor' checked out. (LICENSE-003)
[14:12:06.35] /r giWindowId 14
[14:12:06.36] /r giWindowGeometry 1224x864
[14:12:07.27] /i db::setAttr geometry -of [gi::getFrames 14] -value 1224x864+69+108
[14:12:08.03] /# gi::executeAction deSelectActive -in [gi::getWindows 14]
[14:12:08.03] /i de::select [de::getActiveFigure [gi::getWindows 14] -point {1.23125 1.95625} -index 0 -intent none] -replace true
[14:12:08.03] /o oa:0x28f43df0
[14:12:11.02] /i db::setAttr geometry -of [gi::getFrames 14] -value 1224x864+189+55
[14:12:14.48] /# gi::executeAction seShowConsoleForWindow -in [gi::getWindows 14]
[14:12:14.48] /i sa::showConsole -context [db::getNext [de::getContexts -window 14]]
[14:12:14.52] /r giWindowId 15
[14:12:14.53] /r giWindowGeometry 600x500
[14:12:15.20] /o oa:0x28e01040
[14:12:15.58] /i db::setAttr geometry -of [gi::getFrames 15] -value 600x500+86+109
[14:12:16.66] /# gi::executeAction saLoadState -in [gi::getWindows 15]
[14:12:16.66] /i sa::showLoadState -parent 15
[14:12:16.89] /o oa:0x295ce430
[14:12:17.38] /i gi::setActiveDialog [gi::getDialogs {saShowLoadState} -parent [gi::getWindows 15]]
[14:12:17.73] /i db::setAttr geometry -of [gi::getDialogs {saShowLoadState} -parent [gi::getWindows 15]] -value 600x645+206+209
[14:12:18.36] /i gi::setField {/loadFrom/openAccess} -value {true} -in [gi::getDialogs {saShowLoadState} -parent [gi::getWindows 15]]
[14:12:19.12] /i db::setAttr geometry -of [gi::getDialogs {saShowLoadState} -parent [gi::getWindows 15]] -value 600x616+206+209
[14:12:19.96] /i gi::pressButton {/ok} -in [gi::getDialogs {saShowLoadState} -parent [gi::getWindows 15]]
[14:12:21.41] /# gi::executeAction saNetlistAndRun -in [gi::getWindows 15]
[14:12:21.41] /i isa::netlistAndRun -testbench [sa::findActiveTestbench -window 15]
[14:12:21.60] /m Information: "Starting incremental netlisting for design "mylibrary/ringOscillator_testbench/schematic"..." (NETLISTING-010)
[14:12:21.64] /o No Design Integrity rule violations found in "mylibrary/ringOscillator_testbench/schematic"
[14:12:21.71] /m Information: 
[14:12:21.72] /o Checking "mylibrary/inverter/schematic"
[14:12:21.72] /o No rule violations found in "mylibrary/inverter/schematic"
[14:12:21.80] /m Information: "Netlisting design "mylibrary/ringOscillator_testbench/schematic" finished successfully." (NETLISTING-012)
[14:12:21.81] /m Information: "Composing simulator input file for design "mylibrary/ringOscillator_testbench/schematic"..."
[14:12:21.89] /m Information: "Simulator input file composed successfully for design "mylibrary/ringOscillator_testbench/schematic""
[14:12:22.42] /r giWindowId 16
[14:12:22.43] /r giWindowGeometry 800x600
[14:12:22.87] /# gi::expand {jobMonitorTable} -index {0,0} -in [gi::getWindows 16]
[14:12:22.87] /# gi::expand {jobMonitorTable} -index {0.0,0} -in [gi::getWindows 16]
[14:12:22.94] /m Information: "Starting HSPICE simulation for design: mylibrary/ringOscillator_testbench/schematic"
[14:12:22.95] /# gi::collapse {jobMonitorTable} -index {0.0,0} -in [gi::getWindows 16]
[14:12:23.10] /o 1
[14:12:23.10] /i gi::expand {jobMonitorTable} -index {0.0,0} -in [gi::getWindows 16]
[14:12:23.34] /i db::setAttr geometry -of [gi::getFrames 16] -value 800x600+112+135
[14:12:23.57] /m Information: "Simulation completed successfully for design: mylibrary/ringOscillator_testbench/schematic "
[14:12:23.86] /m Information: Measurement calculations completed for testbench: default in 0s
[14:12:23.87] /m Information: "Evaluating and plotting outputs..."
[14:12:23.91] /m Information: Launching Waveform Viewer "cd /home/cemaj/jwoosam/simulation/mylibrary/ringOscillator_testbench/schematic/HSPICE/nominal/results && wv -k -cdesigner > /home/cemaj/jwoosam/simulation/mylibrary/ringOscillator_testbench/schematic/HSPICE/nominal/results/viewer.log 2>&1"
[14:12:40.44] /m Information: Waveform Viewer exited normally.
[14:12:41.84] /i gi::executeAction giCloseWindow -in [gi::getWindows 16]
[14:12:41.91] /i gi::setActiveWindow 15
[14:12:41.91] /i gi::setActiveWindow 15 -raise true
[14:12:42.84] /i gi::executeAction giCloseWindow -in [gi::getWindows 15]
[14:12:43.74] /i gi::executeAction giCloseWindow -in [gi::getWindows 14]
[14:12:44.13] /m Information: License 'Schematic Editor' checked in. (LICENSE-004)
[14:12:44.31] /i gi::setActiveWindow 9
[14:12:44.32] /i gi::setActiveWindow 9 -raise true
[14:12:45.83] /i gi::setCurrentIndex {views} -index {Tran_SAE} -in [gi::getWindows 9]
[14:12:45.84] /i gi::setItemSelection {views} -index {Tran_SAE} -in [gi::getWindows 9]
[14:12:46.51] /i gi::setCurrentIndex {views} -index {config} -in [gi::getWindows 9]
[14:12:46.53] /i gi::setItemSelection {views} -index {config} -in [gi::getWindows 9]
[14:12:49.10] /i gi::setCurrentIndex {cells} -index {ringOscillator} -in [gi::getWindows 9]
[14:12:49.15] /i gi::setItemSelection {cells} -index {ringOscillator} -in [gi::getWindows 9]
[14:12:49.72] /i gi::setCurrentIndex {cells} -index {ringOscillator_testbench} -in [gi::getWindows 9]
[14:12:49.75] /i gi::setItemSelection {cells} -index {ringOscillator_testbench} -in [gi::getWindows 9]
[14:12:50.58] /i gi::setCurrentIndex {cells} -index {ringOscillator} -in [gi::getWindows 9]
[14:12:50.61] /i gi::setItemSelection {cells} -index {ringOscillator} -in [gi::getWindows 9]
[14:12:51.78] /i gi::setCurrentIndex {views} -index {layout} -in [gi::getWindows 9]
[14:12:51.79] /i gi::setItemSelection {views} -index {layout} -in [gi::getWindows 9]
[14:12:52.69] /i gi::executeAction dmOpen -in [gi::getWindows 9]
[14:12:52.70] /r giWindowId 17
[14:12:52.71] /r giWindowGeometry 1224x864
[14:12:53.87] /i db::setAttr dockSize -of [gi::getAssistants leObjectLayerPanel -from [gi::getWindows 17]] -value 190x714
[14:12:54.05] /i db::setAttr geometry -of [gi::getFrames 17] -value 1224x864+87+54
[14:13:06.02] /# gi::executeAction xtLPESetup -in [gi::getWindows 17]
[14:13:06.02] /i xt::showLPESetup -job lpe -window 17
[14:13:07.46] /w Warning: Preference 'xtStarNetlistFormat' is deprecated and scheduled for removal in a future release. Use 'xtLPEStarNetlistFormat' instead. For migration assistance, see the Custom Designer Tcl Reference Manual. (PREFERENCE-070)
[14:13:07.74] /o oa:0x28d517a0
[14:13:08.17] /i gi::setActiveDialog [gi::getDialogs {xtLPESetup} -parent [gi::getWindows 17]]
[14:13:08.59] /i db::setAttr geometry -of [gi::getDialogs {xtLPESetup} -parent [gi::getWindows 17]] -value 456x717+572+119
[14:13:12.91] /i db::setAttr geometry -of [gi::getFrames 17] -value 1224x864+400+54
[14:13:15.07] /i gi::setActiveTab {/tabGroup} -tabName {/tabGroup/extractionOptionsTab} -in [gi::getDialogs {xtLPESetup} -parent [gi::getWindows 17]]
[14:13:28.24] /i db::setAttr geometry -of [gi::getDialogs {xtLPESetup} -parent [gi::getWindows 17]] -value 456x717+833+107
[14:13:29.78] /i gi::setActiveTab {/tabGroup} -tabName {/tabGroup/mainTab} -in [gi::getDialogs {xtLPESetup} -parent [gi::getWindows 17]]
[14:13:31.51] /i db::setAttr dockSize -of [gi::getAssistants leObjectLayerPanel -from [gi::getWindows 17]] -value 190x738
[14:13:31.53] /i db::setAttr geometry -of [gi::getFrames 17] -value 718x888+721+31
[14:13:42.51] /i gi::setActiveTab {/tabGroup} -tabName {/tabGroup/extractionOptionsTab} -in [gi::getDialogs {xtLPESetup} -parent [gi::getWindows 17]]
[14:13:46.22] /i gi::setField {/tabGroup/extractionOptionsTab/layoutExtractionGroup/lvsTool} -value {IC\ Validator} -in [gi::getDialogs {xtLPESetup} -parent [gi::getWindows 17]]
[14:13:58.64] /# gi::executeAction leAttachDetach -in [gi::getWindows 17]
[14:13:58.64] /i ile::attachDetach
[14:13:58.73] /# gi::executeAction leStretch -in [gi::getWindows 17]
[14:13:58.73] /i ile::stretch
[14:13:58.92] /# gi::executeAction leStretch -in [gi::getWindows 17]
[14:13:58.92] /i ile::stretch
[14:14:01.88] /i gi::setField {/tabGroup/extractionOptionsTab/netlistGroundNodeName} -value {VSS} -in [gi::getDialogs {xtLPESetup} -parent [gi::getWindows 17]]
[14:14:11.90] /i db::setAttr geometry -of [gi::getDialogs {xtLPESetup} -parent [gi::getWindows 17]] -value 456x717+186+170
[14:14:12.11] /# gi::executeAction deAddPoint -in [gi::getWindows 17]
[14:14:12.11] /i de::addPoint {2.587 4.947} -window 17
[14:14:12.86] /# gi::executeAction deZoomInAtPoint -in [gi::getWindows 17]
[14:14:12.86] /i de::zoom -window 17 -factor 2.0 -center {3.739 1.274}
[14:14:12.87] /o {1.174 -1.876} {5.485 4.731}
[14:14:13.05] /# gi::executeAction deZoomInAtPoint -in [gi::getWindows 17]
[14:14:13.05] /i de::zoom -window 17 -factor 2.0 -center {3.739 1.274}
[14:14:13.07] /o {2.456 -0.301} {4.612 3.002}
[14:14:13.38] /# gi::executeAction deZoomOutAtPoint -in [gi::getWindows 17]
[14:14:13.38] /i de::zoom -window 17 -factor 0.5 -center {3.519 1.225}
[14:14:13.39] /o {1.394 -1.827} {5.705 4.78}
[14:14:13.57] /# gi::executeAction deZoomOutAtPoint -in [gi::getWindows 17]
[14:14:13.57] /i de::zoom -window 17 -factor 0.5 -center {3.473 1.224}
[14:14:13.59] /o {-0.686 -4.879} {7.938 8.336}
[14:14:13.63] /# gi::executeAction deZoomOutAtPoint -in [gi::getWindows 17]
[14:14:13.63] /i de::zoom -window 17 -factor 0.5 -center {3.383 1.278}
[14:14:13.64] /o {-4.754 -11.036} {12.493 15.393}
[14:14:14.05] /# gi::executeAction deZoomInAtPoint -in [gi::getWindows 17]
[14:14:14.05] /i de::zoom -window 17 -factor 2.0 -center {2.879 1.603}
[14:14:14.07] /o {-0.938 -4.716} {7.686 8.498}
[14:14:14.57] /# gi::executeAction deZoomInAtPoint -in [gi::getWindows 17]
[14:14:14.57] /i de::zoom -window 17 -factor 2.0 -center {1.889 1.369}
[14:14:14.58] /o {0.476 -1.674} {4.787 4.934}
[14:14:21.39] /# gi::executeAction deZoomOutAtPoint -in [gi::getWindows 17]
[14:14:21.39] /i de::zoom -window 17 -factor 0.5 -center {2.996 0.1}
[14:14:21.42] /o {-2.045 -3.447} {6.579 9.767}
[14:14:21.82] /# gi::executeAction deZoomOutAtPoint -in [gi::getWindows 17]
[14:14:21.82] /i de::zoom -window 17 -factor 0.5 -center {3.32 0.135}
[14:14:21.84] /o {-7.409 -7.03} {9.838 19.399}
[14:14:22.35] /# gi::executeAction deZoomInAtPoint -in [gi::getWindows 17]
[14:14:22.35] /i de::zoom -window 17 -factor 2.0 -center {6.633 -0.836}
[14:14:22.36] /o {-0.388 -3.933} {8.235 9.282}
[14:14:25.98] /# gi::executeAction deAddPoint -in [gi::getWindows 17]
[14:14:25.98] /i de::addPoint {5.355 4.889} -window 17
[14:14:27.61] /i db::setAttr dockSize -of [gi::getAssistants leObjectLayerPanel -from [gi::getWindows 17]] -value 190x747
[14:14:27.67] /i db::setAttr geometry -of [gi::getFrames 17] -value 1440x897+0+23
[14:14:30.19] /i db::setAttr geometry -of [gi::getDialogs {xtLPESetup} -parent [gi::getWindows 17]] -value 456x717+715+170
[14:14:36.48] /i db::setAttr dockSize -of [gi::getAssistants leObjectLayerPanel -from [gi::getWindows 17]] -value 190x714
[14:14:36.49] /i db::setAttr geometry -of [gi::getFrames 17] -value 1224x864+400+54
[14:14:39.17] /i db::setAttr dockSize -of [gi::getAssistants leObjectLayerPanel -from [gi::getWindows 17]] -value 190x738
[14:14:39.19] /i db::setAttr geometry -of [gi::getFrames 17] -value 718x888+721+31
[14:14:41.95] /i gi::setActiveTab {/tabGroup} -tabName {/tabGroup/outputOptionsTab} -in [gi::getDialogs {xtLPESetup} -parent [gi::getWindows 17]]
[14:14:44.00] /i gi::setField {/tabGroup/outputOptionsTab/outputGroup/outputFormat} -value {OA} -in [gi::getDialogs {xtLPESetup} -parent [gi::getWindows 17]]
[14:14:52.61] /i gi::pressButton {/ok} -in [gi::getDialogs {xtLPESetup} -parent [gi::getWindows 17]]
[14:14:52.66] /w Warning: Attribute 'foreground' is deprecated for objects of type 'giCell' and scheduled for removal in a future release. See instead 'style.foreground'. For migration assistance, see the Custom Designer Tcl Reference Manual. (TCL_OBJECT-061)
[14:14:53.19] /# xt::physicalVerification::executePve lpe 17
[14:14:53.60] /r giWindowId 18
[14:14:53.61] /r giWindowGeometry 800x600
[14:14:53.90] /r giWindowId 19
[14:14:53.91] /r giWindowGeometry 800x600
[14:14:54.02] /e Error: The job 'starrc_lpe_2' started on host 'localhost' with process id 1127 failed to start or complete successfully; the job's return code is 255.
[14:14:54.15] /i db::setAttr geometry -of [gi::getFrames 18] -value 800x600+190+213
[14:14:54.33] /i db::setAttr geometry -of [gi::getFrames 19] -value 800x600+216+239
[14:14:59.74] /i db::setAttr geometry -of [gi::getFrames 19] -value 800x600+148+352
[14:15:03.34] /i gi::executeAction giCloseWindow -in [gi::getWindows 19]
[14:15:03.38] /i gi::setActiveWindow 18
[14:15:03.39] /i gi::setActiveWindow 18 -raise true
[14:15:05.69] /i gi::executeAction giCloseWindow -in [gi::getWindows 18]
[14:15:05.73] /i gi::setActiveWindow 17
[14:15:05.74] /i gi::setActiveWindow 17 -raise true
[14:15:09.15] /i gi::setActiveWindow 0
[14:15:09.16] /i gi::setActiveWindow 0 -raise true
[14:15:12.30] /# gi::executeAction deOpenDesign -in [gi::getWindows 0]
[14:15:12.30] /i de::showOpenDesign
[14:15:12.33] /o oa:0x28d62100
[14:15:12.58] /i gi::setActiveDialog [gi::getDialogs {deOpenDesign}]
[14:15:12.83] /i db::setAttr geometry -of [gi::getDialogs {deOpenDesign}] -value 645x491+396+226
[14:15:13.59] /i gi::setCurrentIndex {designLibs} -index {mylibrary} -in [gi::getDialogs {deOpenDesign}]
[14:15:13.60] /i gi::setItemSelection {designLibs} -index {mylibrary} -in [gi::getDialogs {deOpenDesign}]
[14:15:14.98] /i gi::setCurrentIndex {designCells} -index {ringOscillator_testbench} -in [gi::getDialogs {deOpenDesign}]
[14:15:15.00] /i gi::setItemSelection {designCells} -index {ringOscillator_testbench} -in [gi::getDialogs {deOpenDesign}]
[14:15:15.76] /i gi::setCurrentIndex {designCells} -index {ringOscillator} -in [gi::getDialogs {deOpenDesign}]
[14:15:15.78] /i gi::setItemSelection {designCells} -index {ringOscillator} -in [gi::getDialogs {deOpenDesign}]
[14:15:16.90] /i gi::setCurrentIndex {designCells} -index {ringOscillator_testbench} -in [gi::getDialogs {deOpenDesign}]
[14:15:16.91] /i gi::setItemSelection {designCells} -index {ringOscillator_testbench} -in [gi::getDialogs {deOpenDesign}]
[14:15:18.61] /i gi::setCurrentIndex {designCells} -index {ringOscillator} -in [gi::getDialogs {deOpenDesign}]
[14:15:18.62] /i gi::setItemSelection {designCells} -index {ringOscillator} -in [gi::getDialogs {deOpenDesign}]
[14:15:19.71] /i gi::setCurrentIndex {designViews} -index {starrc} -in [gi::getDialogs {deOpenDesign}]
[14:15:19.72] /i gi::setItemSelection {designViews} -index {starrc} -in [gi::getDialogs {deOpenDesign}]
[14:15:23.02] /i gi::pressButton {cancel} -in [gi::getDialogs {deOpenDesign}]
[14:15:25.40] /# gi::executeAction dmShowLibraryManager -in [gi::getWindows 0]
[14:15:25.40] /i dm::showLibraryManager
[14:15:25.41] /# gi::setActiveWindow 9 -raise true
[14:15:25.41] /# gi::setActiveWindow 9 -raise true
[14:15:25.88] /o oa:0x29a6e350
[14:15:32.46] /i gi::setItemSelection {cells} -index {} -in [gi::getWindows 9]
[14:15:32.89] /i gi::setItemSelection {cells} -index {ringOscillator} -in [gi::getWindows 9]
[14:15:36.33] /i gi::setCurrentIndex {cells} -index {ringOscillator_testbench} -in [gi::getWindows 9]
[14:15:36.36] /i gi::setItemSelection {cells} -index {ringOscillator_testbench} -in [gi::getWindows 9]
[14:15:37.87] /i gi::setCurrentIndex {cells} -index {ringOscillator} -in [gi::getWindows 9]
[14:15:37.90] /i gi::setItemSelection {cells} -index {ringOscillator} -in [gi::getWindows 9]
[14:15:38.97] /i gi::setCurrentIndex {views} -index {starrc} -in [gi::getWindows 9]
[14:15:38.98] /i gi::setItemSelection {views} -index {starrc} -in [gi::getWindows 9]
[14:15:41.07] /i gi::executeAction dmDeleteCellView -in [gi::getWindows 9]
[14:15:41.17] /r giDialog gi::setActiveDialog [gi::getDialogs {dmDelete}]
[14:15:41.51] /r giDialog db::setAttr geometry -of [gi::getDialogs {dmDelete}] -value 364x104+536+419
[14:15:43.43] /r giDialog gi::pressButton {delete} -in [gi::getDialogs {dmDelete}]
[14:15:43.47] /# db::destroy [dm::findCellView starrc -cell [dm::findCell ringOscillator -lib [oa::LibFind [oa::ScalarName [oa::CdbaNS] mylibrary ]]]]
[14:15:43.48] /# gi::setCurrentIndex {views} -index {schematic} -in [gi::getWindows 9]
[14:15:43.49] /# gi::setItemSelection {views} -index {} -in [gi::getWindows 9]
[14:15:45.75] /i gi::setActiveWindow 17
[14:15:45.75] /i gi::setActiveWindow 17 -raise true
[14:15:52.89] /# gi::executeAction xtLPESetup -in [gi::getWindows 17]
[14:15:52.89] /i xt::showLPESetup -job lpe -window 17
[14:15:54.32] /o oa:0x29771590
[14:15:54.75] /i db::setAttr geometry -of [gi::getDialogs {xtLPESetup} -parent [gi::getWindows 17]] -value 456x717+715+170
[14:15:54.76] /i gi::setActiveDialog [gi::getDialogs {xtLPESetup} -parent [gi::getWindows 17]]
[14:15:57.42] /i gi::setActiveTab {/tabGroup} -tabName {/tabGroup/extractionOptionsTab} -in [gi::getDialogs {xtLPESetup} -parent [gi::getWindows 17]]
[14:16:01.12] /i gi::pressButton {/tabGroup/extractionOptionsTab/layoutExtractionGroup/icvRunsetReportFile/browseButton} -in [gi::getDialogs {xtLPESetup} -parent [gi::getWindows 17]]
[14:16:08.75] /r giFileDialog accept pvjob_mylibrary.ringOscillator.icv.lvs/pex_process_map
[14:16:21.11] /i gi::pressButton {/tabGroup/extractionOptionsTab/layoutExtractionGroup/icvRunsetReportFile/browseButton} -in [gi::getDialogs {xtLPESetup} -parent [gi::getWindows 17]]
[14:16:22.97] /r giFileDialog accept pvjob_mylibrary.ringOscillator.icv.lvs/pex_runset_report
[14:16:30.12] /i gi::setActiveTab {/tabGroup} -tabName {/tabGroup/outputOptionsTab} -in [gi::getDialogs {xtLPESetup} -parent [gi::getWindows 17]]
[14:16:32.41] /i gi::setField {/tabGroup/outputOptionsTab/outputGroup/outputFormat} -value {OA} -in [gi::getDialogs {xtLPESetup} -parent [gi::getWindows 17]]
[14:16:38.21] /i gi::pressButton {/apply} -in [gi::getDialogs {xtLPESetup} -parent [gi::getWindows 17]]
[14:16:38.80] /# xt::physicalVerification::executePve lpe 17
[14:16:38.86] /w Warning: OA_LAYER_MAPPING_FILE '/usr/local/synopsys/pdk/SAED_PDK90nm/starrcxt/output_layer_map' will override lpp_map_file specified in '/home/cemaj/jwoosam/eecs168/pvjob_mylibrary.ringOscillator.icv.lvs/pex_runset_report'.
[14:16:38.91] /i gi::pressButton {/ok} -in [gi::getDialogs {xtLPESetup} -parent [gi::getWindows 17]]
[14:16:39.41] /# xt::physicalVerification::executePve lpe 17
[14:16:39.47] /w Warning: OA_LAYER_MAPPING_FILE '/usr/local/synopsys/pdk/SAED_PDK90nm/starrcxt/output_layer_map' will override lpp_map_file specified in '/home/cemaj/jwoosam/eecs168/pvjob_mylibrary.ringOscillator.icv.lvs/pex_runset_report'.
[14:16:39.72] /r giWindowId 20
[14:16:39.74] /r giWindowGeometry 800x600
[14:16:39.89] /r giWindowId 21
[14:16:39.90] /r giWindowGeometry 800x600
[14:16:40.03] /i gi::setActiveWindow 20
[14:16:40.04] /i gi::setActiveWindow 20 -raise true
[14:16:40.07] /i gi::setActiveWindow 21
[14:16:40.08] /i gi::setActiveWindow 21 -raise true
[14:16:40.33] /i db::setAttr geometry -of [gi::getFrames 20] -value 800x600+34+57
[14:16:40.37] /i db::setAttr geometry -of [gi::getFrames 21] -value 800x600+60+83
[14:16:41.11] /r giWindowId 22
[14:16:41.13] /r giWindowGeometry 800x600
[14:16:41.35] /e Error: The job 'starrc_lpe_4' started on host 'localhost' with process id 2154 failed to start or complete successfully; the job's return code is 255.
[14:16:42.00] /i db::setAttr geometry -of [gi::getFrames 22] -value 800x600+86+109
[14:16:43.89] /m Information: 
              /c =============================
              /c JobID: starrc_lpe_3
              /c Completed with no errors.
              /c =============================
              /c 
[14:16:43.96] /r giWindowId 23
[14:16:43.98] /r giWindowGeometry 1224x864
[14:16:44.96] /i db::setAttr dockSize -of [gi::getAssistants leObjectLayerPanel -from [gi::getWindows 23]] -value 190x714
[14:16:45.72] /i db::setAttr geometry -of [gi::getFrames 23] -value 1224x864+105+72
[14:16:46.87] /i db::setAttr geometry -of [gi::getFrames 23] -value 1224x864+294+241
[14:16:47.17] /i gi::setActiveWindow 22
[14:16:47.18] /i gi::setActiveWindow 22 -raise true
[14:16:47.70] /i gi::executeAction giCloseWindow -in [gi::getWindows 22]
[14:16:47.74] /i gi::setActiveWindow 23
[14:16:47.75] /i gi::setActiveWindow 23 -raise true
[14:16:48.19] /i gi::setActiveWindow 21
[14:16:48.20] /i gi::setActiveWindow 21 -raise true
[14:16:48.21] /i gi::executeAction giCloseWindow -in [gi::getWindows 21]
[14:16:48.32] /i gi::setActiveWindow 23
[14:16:48.32] /i gi::setActiveWindow 23 -raise true
[14:16:48.67] /i gi::setActiveWindow 20
[14:16:48.68] /i gi::setActiveWindow 20 -raise true
[14:16:48.68] /i gi::executeAction giCloseWindow -in [gi::getWindows 20]
[14:16:48.79] /i gi::setActiveWindow 23
[14:16:48.80] /i gi::setActiveWindow 23 -raise true
[14:16:50.22] /i db::setAttr dockSize -of [gi::getAssistants leObjectLayerPanel -from [gi::getWindows 23]] -value 190x747
[14:16:50.23] /i db::setAttr geometry -of [gi::getFrames 23] -value 1440x897+0+23
[14:16:51.23] /# gi::executeAction deZoomOutAtPoint -in [gi::getWindows 23]
[14:16:51.23] /i de::zoom -window 23 -factor 0.5 -center {1.328 2.82}
[14:16:51.25] /o {-4.158 -12.52} {39.19 14.297}
[14:16:51.25] /# gi::executeAction deZoomOutAtPoint -in [gi::getWindows 23]
[14:16:51.25] /i de::zoom -window 23 -factor 0.5 -center {1.329 2.819}
[14:16:51.26] /o {-9.644 -27.859} {77.05 25.775}
[14:16:51.26] /# gi::executeAction deZoomOutAtPoint -in [gi::getWindows 23]
[14:16:51.26] /i de::zoom -window 23 -factor 0.5 -center {1.328 2.82}
[14:16:51.27] /o {-20.616 -58.538} {152.772 48.729}
[14:16:52.21] /# gi::executeAction deSelectByWindow -in [gi::getWindows 23]
[14:16:52.21] /i de::deselectAll [db::getNext [de::getContexts -window 23]]; ide::selectByRegion -region rectangle -select true -point {-11.52 34.29} 
[14:16:52.50] /# gi::executeAction deEndDrag -in [gi::getWindows 23]
[14:16:52.50] /i de::endDrag {156.237 -52.907} -window 23
[14:16:53.52] /# gi::executeAction deSelectByWindow -in [gi::getWindows 23]
[14:16:53.53] /i de::deselectAll [db::getNext [de::getContexts -window 23]]; ide::selectByRegion -region rectangle -select true -point {-10.945 13.79} 
[14:16:53.95] /# gi::executeAction deEndDrag -in [gi::getWindows 23]
[14:16:53.95] /i de::endDrag {68.893 -21.723} -window 23
[14:16:54.52] /# gi::executeAction deZoomInCursor -in [gi::getWindows 23]
[14:16:54.52] /i ide::setViewport 23 -direction in -point {-6.757 7.295}
[14:16:54.82] /# gi::executeAction deEndDrag -in [gi::getWindows 23]
[14:16:54.82] /i de::endDrag {35.255 -5.843} -window 23
[14:16:55.60] /# gi::executeAction deZoomInCursor -in [gi::getWindows 23]
[14:16:55.60] /i ide::setViewport 23 -direction in -point {-2.419 5.291}
[14:16:56.57] /# gi::executeAction deEndDrag -in [gi::getWindows 23]
[14:16:56.57] /i de::endDrag {16.82 -2.16} -window 23
[14:17:18.84] /i db::setAttr dockSize -of [gi::getAssistants leObjectLayerPanel -from [gi::getWindows 23]] -value 190x738
[14:17:18.86] /i db::setAttr geometry -of [gi::getFrames 23] -value 718x888+721+31
[14:17:22.24] /i gi::setActiveWindow 9
[14:17:22.25] /i gi::setActiveWindow 9 -raise true
[14:17:25.12] /i gi::setCurrentIndex {cells} -index {ringOscillator_testbench} -in [gi::getWindows 9]
[14:17:25.15] /i gi::setItemSelection {cells} -index {ringOscillator_testbench} -in [gi::getWindows 9]
[14:17:26.48] /i gi::setCurrentIndex {cells} -index {ringOscillator} -in [gi::getWindows 9]
[14:17:26.51] /i gi::setItemSelection {cells} -index {ringOscillator} -in [gi::getWindows 9]
[14:17:27.61] /i gi::setCurrentIndex {cells} -index {ringOscillator_testbench} -in [gi::getWindows 9]
[14:17:27.64] /i gi::setItemSelection {cells} -index {ringOscillator_testbench} -in [gi::getWindows 9]
[14:17:28.45] /i gi::setCurrentIndex {views} -index {config} -in [gi::getWindows 9]
[14:17:28.46] /i gi::setItemSelection {views} -index {config} -in [gi::getWindows 9]
[14:17:30.40] /i gi::executeAction dmDeleteCellView -in [gi::getWindows 9]
[14:17:30.50] /r giDialog gi::setActiveDialog [gi::getDialogs {dmDelete}]
[14:17:30.77] /r giDialog db::setAttr geometry -of [gi::getDialogs {dmDelete}] -value 364x104+536+419
[14:17:31.43] /r giDialog gi::pressButton {delete} -in [gi::getDialogs {dmDelete}]
[14:17:31.47] /# db::destroy [dm::findCellView config -cell [dm::findCell ringOscillator\_testbench -lib [oa::LibFind [oa::ScalarName [oa::CdbaNS] mylibrary ]]]]
[14:17:31.48] /# gi::setCurrentIndex {views} -index {Tran_SAE} -in [gi::getWindows 9]
[14:17:31.49] /# gi::setItemSelection {views} -index {} -in [gi::getWindows 9]
[14:17:37.41] /i gi::setActiveWindow 0
[14:17:37.41] /i gi::setActiveWindow 0 -raise true
[14:17:41.14] /# gi::executeAction dmShowNewCellView -in [gi::getWindows 0]
[14:17:41.14] /i dm::showNewCellView -parent 0
[14:17:41.38] /o oa:0x28866750
[14:17:41.61] /i gi::setActiveDialog [gi::getDialogs {dmNewCellView}]
[14:17:41.87] /i db::setAttr geometry -of [gi::getDialogs {dmNewCellView}] -value 588x336+424+303
[14:17:43.60] /i db::setAttr geometry -of [gi::getDialogs {dmNewCellView}] -value 588x336+859+217
[14:17:44.70] /i gi::setCurrentIndex {libs} -index {mylibrary} -in [gi::getDialogs {dmNewCellView}]
[14:17:44.72] /i gi::setItemSelection {libs} -index {mylibrary} -in [gi::getDialogs {dmNewCellView}]
[14:17:47.12] /i gi::setCurrentIndex {cells} -index {ringOscillator_testbench} -in [gi::getDialogs {dmNewCellView}]
[14:17:47.13] /i gi::setItemSelection {cells} -index {ringOscillator_testbench} -in [gi::getDialogs {dmNewCellView}]
[14:17:48.86] /i db::setAttr geometry -of [gi::getDialogs {dmNewCellView}] -value 588x336+785+200
[14:17:51.60] /i gi::setField {cellViewName} -value {config} -in [gi::getDialogs {dmNewCellView}]
[14:17:53.67] /i gi::pressButton {ok} -in [gi::getDialogs {dmNewCellView}]
[14:17:53.68] /# db::getAttr viewType -of [dm::findCellView config -cell [dm::findCell ringOscillator\_testbench -lib [oa::LibFind [oa::ScalarName [oa::CdbaNS] mylibrary]]]]
[14:17:53.68] /# dm::createCellView config -cell [dm::findCell ringOscillator\_testbench -lib [ oa::LibFind [oa::ScalarName [oa::CdbaNS] mylibrary]]] -viewType config\.xml
[14:17:53.69] /# de::open [dm::findCellView config -cell [dm::findCell ringOscillator\_testbench -lib [oa::LibFind [oa::ScalarName [oa::CdbaNS] mylibrary]]]] -application heEditor
[14:17:53.69] /r giWindowId 24
[14:17:53.71] /r giWindowGeometry 750x750
[14:17:54.27] /i db::setAttr geometry -of [gi::getFrames 24] -value 750x750+138+161
[14:17:56.47] /i db::setAttr geometry -of [gi::getFrames 24] -value 750x750+704+131
[14:18:01.17] /i gi::setField {heViewSearchList} -value {schematic\ hspice\ symbol} -in [gi::getWindows 24]
[14:18:01.19] /i gi::expand {heTreeWidget} -index {0,0} -in [gi::getWindows 24]
[14:18:01.26] /i gi::setSectionSizes {heTreeWidget} -values {249 180 180 180} -in [gi::getWindows 24]
[14:18:04.15] /i db::setAttr geometry -of [gi::getFrames 24] -value 750x753+704+128
[14:18:04.67] /i gi::executeAction heFileSave -in [gi::getWindows 24]
[14:18:06.21] /i db::setAttr geometry -of [gi::getFrames 24] -value 750x753+262+161
[14:18:07.04] /i gi::executeAction giCloseWindow -in [gi::getWindows 24]
[14:18:07.32] /i gi::setActiveWindow 0
[14:18:07.34] /i gi::setActiveWindow 0 -raise true
[14:18:14.22] /i gi::setActiveWindow 7
[14:18:14.23] /i gi::setActiveWindow 7 -raise true
[14:18:14.54] /i db::setAttr geometry -of [gi::getFrames 7] -value 600x500+216+239
[14:18:15.65] /i gi::executeAction giCloseWindow -in [gi::getWindows 7]
[14:18:15.71] /m Information: License 'Simulation & Analysis Environment' checked in. (LICENSE-004)
[14:18:15.82] /i gi::setActiveWindow 0
[14:18:15.82] /i gi::setActiveWindow 0 -raise true
[14:18:19.39] /i gi::setActiveWindow 9
[14:18:19.40] /i gi::setActiveWindow 9 -raise true
[14:18:22.17] /i db::setAttr geometry -of [gi::getFrames 9] -value 660x600+684+87
[14:18:23.74] /i gi::setCurrentIndex {views} -index {config} -in [gi::getWindows 9]
[14:18:23.75] /i gi::setItemSelection {views} -index {config} -in [gi::getWindows 9]
[14:18:25.36] /i gi::executeAction dmOpenConfigDesignWrite -in [gi::getWindows 9]
[14:18:25.43] /m Information: License 'Schematic Editor' checked out. (LICENSE-003)
[14:18:25.46] /r giWindowId 25
[14:18:25.47] /r giWindowGeometry 1224x864
[14:18:26.44] /i db::setAttr geometry -of [gi::getFrames 25] -value 1224x864+123+90
[14:18:27.80] /i db::setAttr geometry -of [gi::getFrames 25] -value 718x888+721+31
[14:18:31.44] /# gi::executeAction deFitEdit -in [gi::getWindows 25]
[14:18:31.44] /i de::fit -window 25 -fitEdit true
[14:18:31.46] /o {-0.35625 -0.35625} {2.84375 3.26875}
[14:18:40.06] /# gi::executeAction seShowConsoleForWindow -in [gi::getWindows 25]
[14:18:40.06] /i sa::showConsole -context [db::getNext [de::getContexts -window 25]]
[14:18:40.12] /m Information: License 'Simulation & Analysis Environment' checked out. (LICENSE-003)
[14:18:40.15] /r giWindowId 26
[14:18:40.17] /r giWindowGeometry 600x500
[14:18:40.67] /o oa:0x29fa0130
[14:18:41.06] /i db::setAttr geometry -of [gi::getFrames 26] -value 600x500+216+239
[14:18:42.48] /# gi::executeAction saLoadState -in [gi::getWindows 26]
[14:18:42.48] /i sa::showLoadState -parent 26
[14:18:42.71] /o oa:0x29eb0370
[14:18:43.10] /i gi::setActiveDialog [gi::getDialogs {saShowLoadState} -parent [gi::getWindows 26]]
[14:18:43.48] /i db::setAttr geometry -of [gi::getDialogs {saShowLoadState} -parent [gi::getWindows 26]] -value 600x645+336+339
[14:18:45.37] /i db::setAttr geometry -of [gi::getDialogs {saShowLoadState} -parent [gi::getWindows 26]] -value 600x645+325+260
[14:18:45.87] /i gi::setField {/loadFrom/openAccess} -value {true} -in [gi::getDialogs {saShowLoadState} -parent [gi::getWindows 26]]
[14:18:46.28] /i db::setAttr geometry -of [gi::getDialogs {saShowLoadState} -parent [gi::getWindows 26]] -value 600x616+325+260
[14:18:48.01] /i gi::pressButton {/ok} -in [gi::getDialogs {saShowLoadState} -parent [gi::getWindows 26]]
[14:18:49.47] /i gi::executeAction menuPreShow -in [gi::getWindows 26]
[14:18:49.47] /r giMenuAccess db::getNext [gi::getMenus saResultsMenu -from [gi::getWindows 26]]
[14:18:49.66] /i gi::executeAction menuPreShow -in [gi::getWindows 26]
[14:18:49.66] /r giMenuAccess db::getNext [gi::getMenus saConsoleSimMenu -from [gi::getWindows 26]]
[14:18:50.49] /# gi::executeAction saNetlistAndRun -in [gi::getWindows 26]
[14:18:50.49] /i isa::netlistAndRun -testbench [sa::findActiveTestbench -window 26]
[14:18:50.55] /m Information: "Starting incremental netlisting for design "mylibrary/ringOscillator_testbench/config"..." (NETLISTING-010)
[14:18:50.59] /o No Design Integrity rule violations found in "mylibrary/ringOscillator_testbench/schematic"
[14:18:50.82] /m Information: "mylibrary ringOscillator starrc" renetlisted. (NETLISTING-056)
[14:18:50.85] /m Information: "mylibrary ringOscillator_testbench schematic" renetlisted. (NETLISTING-056)
[14:18:50.89] /m Information: "Netlisting design "mylibrary/ringOscillator_testbench/config" finished successfully." (NETLISTING-012)
[14:18:50.90] /m Information: "Composing simulator input file for design "mylibrary/ringOscillator_testbench/config"..."
[14:18:50.99] /m Information: "Simulator input file composed successfully for design "mylibrary/ringOscillator_testbench/config""
[14:18:51.38] /r giWindowId 27
[14:18:51.40] /r giWindowGeometry 800x600
[14:18:51.79] /# gi::expand {jobMonitorTable} -index {0,0} -in [gi::getWindows 27]
[14:18:51.79] /# gi::expand {jobMonitorTable} -index {0.0,0} -in [gi::getWindows 27]
[14:18:51.87] /m Information: "Starting HSPICE simulation for design: mylibrary/ringOscillator_testbench/config"
[14:18:51.88] /# gi::collapse {jobMonitorTable} -index {0.0,0} -in [gi::getWindows 27]
[14:18:51.95] /o 1
[14:18:51.95] /i gi::expand {jobMonitorTable} -index {0.0,0} -in [gi::getWindows 27]
[14:18:52.12] /i db::setAttr geometry -of [gi::getFrames 27] -value 800x600+34+57
[14:18:52.32] /m Information: "Simulation completed successfully for design: mylibrary/ringOscillator_testbench/config "
[14:18:52.60] /m Information: Measurement calculations completed for testbench: default in 0s
[14:18:52.61] /m Information: "Evaluating and plotting outputs..."
[14:18:52.65] /m Information: Launching Waveform Viewer "cd /home/cemaj/jwoosam/simulation/mylibrary/ringOscillator_testbench/config/HSPICE/nominal/results && wv -k -cdesigner > /home/cemaj/jwoosam/simulation/mylibrary/ringOscillator_testbench/config/HSPICE/nominal/results/viewer.log 2>&1"
[14:19:50.21] /m Information: Waveform Viewer exited normally.
[14:19:54.41] /i gi::executeAction giCloseWindow -in [gi::getWindows 27]
[14:19:54.46] /i gi::setActiveWindow 26
[14:19:54.47] /i gi::setActiveWindow 26 -raise true
[14:19:58.51] /i gi::executeAction giCloseWindow -in [gi::getWindows 26]
[14:19:58.57] /m Information: License 'Simulation & Analysis Environment' checked in. (LICENSE-004)
[14:19:59.70] /i gi::executeAction giCloseWindow -in [gi::getWindows 25]
[14:20:00.20] /m Information: License 'Schematic Editor' checked in. (LICENSE-004)
[14:20:00.43] /i gi::setActiveWindow 9
[14:20:00.43] /i gi::setActiveWindow 9 -raise true
[14:20:01.44] /i gi::executeAction giCloseWindow -in [gi::getWindows 9]
[14:20:01.50] /i gi::setActiveWindow 0
[14:20:01.50] /i gi::setActiveWindow 0 -raise true
[14:20:02.31] /i gi::executeAction giCloseWindow -in [gi::getWindows 0]
[14:20:02.48] /r giDialog gi::setActiveDialog [gi::getDialogs {deExitDialog}]
[14:20:02.71] /r giDialog db::setAttr geometry -of [gi::getDialogs {deExitDialog}] -value 371x218+533+362
[14:20:03.94] /r giDialog gi::pressButton {ok} -in [gi::getDialogs {deExitDialog}]
[14:20:06.55] /m Information: License 'Layout Editor' checked in. (LICENSE-004)
[14:20:06.62] /o Shutdown time: Wed Jan 31 14:20:06 2018
[14:20:06.62] /o Elapsed session real time: 22.11 minutes
[14:20:06.62] /o Session terminated. Log is at /home/cemaj/jwoosam/eecs168/cdesigner.log
