[13:32:30.04] /o Custom Designer (TM) Version J-2014.12-SP2-2
              /c Build  (OPT) Config 2901729 compiled on Sun Jul 26 20:41:43 2015 for RHEL64 5.7
              /c Invocation: /usr/local/synopsys/customdesigner/J-2014.12-SP2-2/amd64/platform/bin/cdesigner
              /c Execution time: Wed Jan 17 13:32:25 2018
              /c Host: bender.engr.ucr.edu
              /c 
              /c Copyright © 2004-2015 Synopsys, Inc. All rights reserved.
              /c Your use of this program is subject to the terms and conditions of the written license agreement between you, or your company, and Synopsys.
              /c 
[13:32:32.14] /i db::setAttr geometry -of [gi::getFrames 0] -value 600x300+8+610
[13:32:42.00] /i db::setAttr geometry -of [gi::getFrames 0] -value 600x300+681+409
[13:32:48.74] /# gi::executeAction dbShowTechnologyManager -in [gi::getWindows 0]
[13:32:48.74] /i db::showManageTechnology
[13:32:48.74] /r giWindowId 1
[13:32:48.75] /r giWindowGeometry 350x400
[13:32:48.76] /o 	############################################
[13:32:48.76] /o 	--------------------------------------------
[13:32:48.76] /o 	PDK Name................... : SAED_PDK_90
[13:32:48.76] /o 	PDK Release Date........... : 29-Sep-2015
[13:32:48.76] /o 	PDK Custom Designer Version : J-2014.12-2
[13:32:48.76] /o 	--------------------------------------------
[13:32:48.76] /o 	############################################
[13:32:48.76] /o 
[13:32:48.76] /w Warning: Preference 'leActiveLPP' is deprecated and scheduled for removal in a future release with no replacement. For migration assistance, see the Custom Designer Tcl Reference Manual. (PREFERENCE-058)
[13:32:48.76] /o SAED PDK 90: Loaded callbacks
[13:32:48.77] /o SAED PDK 90: Loaded display resources
[13:32:48.78] /w Warning: Conflicting definitions for ConstraintDef minEnclosure were read. These constraints will not be available.
[13:32:48.78] /w Warning: Conflicting definitions for ConstraintDef endOfLineEnclosure were read. These constraints will not be available.
[13:32:48.78] /w Warning: Conflicting definitions for ConstraintDef defWidth were read. These constraints will not be available.
[13:32:48.91] /# gi::setItemSelection {techTechnologyManagerLibWidget} -index {{SAED_PDK_90}} -in [gi::getWindows 1]
[13:32:48.91] /o oa:0x2466abd0
[13:32:49.29] /i db::setAttr geometry -of [gi::getFrames 1] -value 454x415+112+135
[13:32:51.10] /i gi::executeAction giCloseWindow -in [gi::getWindows 1]
[13:32:51.15] /i gi::setActiveWindow 0
[13:32:51.16] /i gi::setActiveWindow 0 -raise true
[13:33:07.59] /# gi::executeAction deOpenDesign -in [gi::getWindows 0]
[13:33:07.59] /i de::showOpenDesign
[13:33:07.62] /o oa:0x24684860
[13:33:07.75] /i gi::setActiveDialog [gi::getDialogs {deOpenDesign}]
[13:33:08.09] /i db::setAttr geometry -of [gi::getDialogs {deOpenDesign}] -value 645x491+396+226
[13:33:10.09] /i gi::setCurrentIndex {designLibs} -index {mylibrary} -in [gi::getDialogs {deOpenDesign}]
[13:33:10.10] /i gi::setItemSelection {designLibs} -index {mylibrary} -in [gi::getDialogs {deOpenDesign}]
[13:33:11.84] /i gi::setCurrentIndex {designCells} -index {inverter_testbench} -in [gi::getDialogs {deOpenDesign}]
[13:33:11.88] /i gi::setItemSelection {designCells} -index {inverter_testbench} -in [gi::getDialogs {deOpenDesign}]
[13:33:13.10] /i gi::setCurrentIndex {designViews} -index {schematic} -in [gi::getDialogs {deOpenDesign}]
[13:33:13.11] /i gi::setItemSelection {designViews} -index {schematic} -in [gi::getDialogs {deOpenDesign}]
[13:33:13.28] /i gi::pressButton {ok} -in [gi::getDialogs {deOpenDesign}]
[13:33:13.29] /# de::open [dm::findCellView {schematic} -cellName {inverter_testbench} -libName {mylibrary}] -readOnly 0
[13:33:13.42] /m Information: License 'Schematic Editor' checked out. (LICENSE-003)
[13:33:13.43] /m Information: License 'Schematic Editor' checked in. (LICENSE-004)
[13:33:13.61] /r giDialog gi::setActiveDialog [gi::getDialogs {deOpenFailed}]
[13:33:13.94] /r giDialog db::setAttr geometry -of [gi::getDialogs {deOpenFailed}] -value 524x99+454+413
[13:33:17.78] /r giDialog gi::pressButton {ok} -in [gi::getDialogs {deOpenFailed}]
[13:33:17.89] /r giWindowId 2
[13:33:17.89] /r giWindowGeometry 1224x864
[13:33:18.39] /o 0.1
[13:33:19.11] /i db::setAttr geometry -of [gi::getFrames 2] -value 1224x864+15+54
[13:33:21.97] /i db::setAttr geometry -of [gi::getFrames 2] -value 718x888+721+31
[13:33:25.83] /# gi::executeAction seShowConsoleForWindow -in [gi::getWindows 2]
[13:33:25.83] /i sa::showConsole -context [db::getNext [de::getContexts -window 2]]
[13:33:27.09] /m Information: License 'Simulation & Analysis Environment' checked out. (LICENSE-003)
[13:33:27.13] /r giWindowId 3
[13:33:27.13] /r giWindowGeometry 600x500
[13:33:27.61] /o oa:0x27c720c0
[13:33:28.08] /i db::setAttr geometry -of [gi::getFrames 3] -value 600x500+190+213
[13:33:30.95] /i db::setAttr geometry -of [gi::getFrames 3] -value 600x500+213+119
[13:33:38.95] /i db::setAttr geometry -of [gi::getFrames 3] -value 600x500+370+88
[13:33:39.89] /i gi::executeAction menuPreShow -in [gi::getWindows 3]
[13:33:39.90] /r giMenuAccess db::getNext [gi::getMenus saConsoleSessionMenu -from [gi::getWindows 3]]
[13:33:41.29] /# gi::executeAction saLoadState -in [gi::getWindows 3]
[13:33:41.29] /i sa::showLoadState -parent 3
[13:33:41.49] /o oa:0x27c72ac0
[13:33:41.79] /i gi::setActiveDialog [gi::getDialogs {saShowLoadState} -parent [gi::getWindows 3]]
[13:33:42.24] /i db::setAttr geometry -of [gi::getDialogs {saShowLoadState} -parent [gi::getWindows 3]] -value 600x645+490+188
[13:33:47.38] /i gi::setField {/options/path/entryField} -value {~/.synopsys_custom/sae_states} -in [gi::getDialogs {saShowLoadState} -parent [gi::getWindows 3]]
[13:33:47.60] /i gi::pressButton {/options/path/browseButton} -in [gi::getDialogs {saShowLoadState} -parent [gi::getWindows 3]]
[13:33:56.06] /r giFileDialog reject latestResults/netlist/netlist
[13:34:03.13] /i gi::pressButton {/options/path/browseButton} -in [gi::getDialogs {saShowLoadState} -parent [gi::getWindows 3]]
[13:34:40.11] /r giFileDialog reject latestResults/netlist
[13:34:43.39] /i db::setAttr geometry -of [gi::getDialogs {saShowLoadState} -parent [gi::getWindows 3]] -value 600x645+769+201
[13:34:45.34] /i db::setAttr geometry -of [gi::getFrames 3] -value 600x500+670+69
[13:34:49.56] /i gi::setField {/stateInformation} -value {true} -in [gi::getDialogs {saShowLoadState} -parent [gi::getWindows 3]]
[13:34:49.93] /i db::setAttr geometry -of [gi::getDialogs {saShowLoadState} -parent [gi::getWindows 3]] -value 600x685+769+201
[13:34:50.46] /i gi::setField {/stateInformation} -value {false} -in [gi::getDialogs {saShowLoadState} -parent [gi::getWindows 3]]
[13:34:50.97] /i db::setAttr geometry -of [gi::getDialogs {saShowLoadState} -parent [gi::getWindows 3]] -value 600x645+769+201
[13:35:09.25] /i gi::closeWindows [gi::getDialogs {saShowLoadState} -parent [gi::getWindows 3]]
[13:35:31.38] /i db::setAttr geometry -of [gi::getFrames 3] -value 600x500+778+71
[13:35:59.29] /i gi::executeAction menuPreShow -in [gi::getWindows 3]
[13:35:59.30] /r giMenuAccess db::getNext [gi::getMenus saConsoleSessionMenu -from [gi::getWindows 3]]
[13:36:01.81] /# gi::executeAction saLoadState -in [gi::getWindows 3]
[13:36:01.81] /i sa::showLoadState -parent 3
[13:36:01.95] /o oa:0x22e97d50
[13:36:02.28] /i gi::setActiveDialog [gi::getDialogs {saShowLoadState} -parent [gi::getWindows 3]]
[13:36:02.61] /i db::setAttr geometry -of [gi::getDialogs {saShowLoadState} -parent [gi::getWindows 3]] -value 600x645+769+201
[13:36:06.32] /i gi::pressButton {/options/path/browseButton} -in [gi::getDialogs {saShowLoadState} -parent [gi::getWindows 3]]
[13:36:14.10] /r giFileDialog reject latestResults/results/.simsetup/stimGen
[13:36:21.11] /i gi::closeWindows [gi::getDialogs {saShowLoadState} -parent [gi::getWindows 3]]
[13:37:46.02] /i gi::executeAction menuPreShow -in [gi::getWindows 3]
[13:37:46.03] /r giMenuAccess db::getNext [gi::getMenus saConsoleSetupMenu -from [gi::getWindows 3]]
[13:37:51.19] /# gi::executeAction saEditModels -in [gi::getWindows 3]
[13:37:51.19] /i sa::showModelFiles -parent 3
[13:37:51.39] /i gi::setActiveDialog [gi::getDialogs {saModelFilesSetup} -parent [gi::getWindows 3]]
[13:37:51.76] /i db::setAttr geometry -of [gi::getDialogs {saModelFilesSetup} -parent [gi::getWindows 3]] -value 760x500+854+43
[13:37:53.29] /i gi::setCurrentIndex {modelFilesTable} -index {0,1} -in [gi::getDialogs {saModelFilesSetup} -parent [gi::getWindows 3]]
[13:38:22.82] /i db::setAttr geometry -of [gi::getDialogs {saModelFilesSetup} -parent [gi::getWindows 3]] -value 760x500+535+119
[13:38:23.13] /i gi::setField {modelFilesTable} -index {0,1} -value {/usr/local/synopsys/pdk/SAED_PDK90nm/hspice/SAED90nm.lib} -in [gi::getDialogs {saModelFilesSetup} -parent [gi::getWindows 3]]
[13:38:23.14] /i gi::setField {modelFilesTable} -index {0,1} -value {/usr/local/synopsys/pdk/SAED_PDK90nm/hspice/SAED90nm.lib} -in [gi::getDialogs {saModelFilesSetup} -parent [gi::getWindows 3]]
[13:38:24.27] /i gi::setCurrentIndex {modelFilesTable} -index {0,2} -in [gi::getDialogs {saModelFilesSetup} -parent [gi::getWindows 3]]
[13:38:24.28] /i gi::setItemSelection {modelFilesTable} -index {0,2} -in [gi::getDialogs {saModelFilesSetup} -parent [gi::getWindows 3]]
[13:38:30.20] /i gi::setField {modelFilesTable} -index {0,2} -value {TT_12} -in [gi::getDialogs {saModelFilesSetup} -parent [gi::getWindows 3]]
[13:38:30.41] /i gi::pressButton {ok} -in [gi::getDialogs {saModelFilesSetup} -parent [gi::getWindows 3]]
[13:38:36.58] /i gi::executeAction menuPreShow -in [gi::getWindows 3]
[13:38:36.59] /r giMenuAccess db::getNext [gi::getMenus saConsoleSetupMenu -from [gi::getWindows 3]]
[13:38:38.62] /# gi::executeAction saShowEditAnalyses -in [gi::getWindows 3]
[13:38:38.62] /i sa::showEditAnalyses -parent 3 -analysisName "" 
[13:38:38.80] /o oa:0x27e9eca0
[13:38:39.06] /i gi::setActiveDialog [gi::getDialogs {saEditAnalysesDialogXsaeSession0} -parent [gi::getWindows 3]]
[13:38:39.51] /i db::setAttr geometry -of [gi::getDialogs {saEditAnalysesDialogXsaeSession0} -parent [gi::getWindows 3]] -value 511x596+884+195
[13:38:44.29] /i gi::setField {/analysesGroups/tabGeneral/anaPane/step} -value {10P} -in [gi::getDialogs {saEditAnalysesDialogXsaeSession0} -parent [gi::getWindows 3]]
[13:38:47.09] /i gi::setField {/analysesGroups/tabGeneral/anaPane/stop} -value {100n} -in [gi::getDialogs {saEditAnalysesDialogXsaeSession0} -parent [gi::getWindows 3]]
[13:38:49.12] /i gi::setField {/analysesGroups/tabGeneral/anaPane/step} -value {10p} -in [gi::getDialogs {saEditAnalysesDialogXsaeSession0} -parent [gi::getWindows 3]]
[13:38:55.06] /i gi::pressButton {/apply} -in [gi::getDialogs {saEditAnalysesDialogXsaeSession0} -parent [gi::getWindows 3]]
[13:38:55.10] /o tran
[13:38:56.71] /i gi::setField {/analysesGroups/tabGeneral/analysisTypeSel/dc} -value {true} -in [gi::getDialogs {saEditAnalysesDialogXsaeSession0} -parent [gi::getWindows 3]]
[13:39:04.20] /i db::setAttr geometry -of [gi::getDialogs {saEditAnalysesDialogXsaeSession0} -parent [gi::getWindows 3]] -value 511x596+314+300
[13:39:06.67] /i db::setAttr geometry -of [gi::getFrames 3] -value 600x500+288+126
[13:39:23.37] /i gi::pressButton {/analysesGroups/tabGeneral/anaPane/gsource} -in [gi::getDialogs {saEditAnalysesDialogXsaeSession0} -parent [gi::getWindows 3]]
[13:39:32.90] /i gi::pressButton {/analysesGroups/tabGeneral/anaPane/gsource} -in [gi::getDialogs {saEditAnalysesDialogXsaeSession0} -parent [gi::getWindows 3]]
[13:39:34.12] /# gi::executeAction deAddPoint -in [gi::getWindows 2]
[13:39:34.12] /i de::addPoint {0.5875 2.025} -window 2
[13:39:34.43] /i de::commandOption acceptDelayedAddPoint
[13:39:35.06] /i gi::setActiveWindow 2
[13:39:35.07] /i gi::setActiveWindow 2 -raise true
[13:39:35.27] /# gi::executeAction deSelectActive -in [gi::getWindows 2]
[13:39:35.27] /i de::select [de::getActiveFigure [gi::getWindows 2] -point {0.50625 2.00625} -index 0 -intent none] -replace true
[13:39:35.28] /o oa:0x27f5f4f0
[13:39:39.20] /i gi::setField {/analysesGroups/tabGeneral/anaPane/start} -value {0} -in [gi::getDialogs {saEditAnalysesDialogXsaeSession0} -parent [gi::getWindows 3]]
[13:39:40.48] /i gi::setField {/analysesGroups/tabGeneral/anaPane/stop} -value {1.2} -in [gi::getDialogs {saEditAnalysesDialogXsaeSession0} -parent [gi::getWindows 3]]
[13:39:47.69] /i gi::setField {/analysesGroups/tabGeneral/anaPane/stepSize} -value {0.01} -in [gi::getDialogs {saEditAnalysesDialogXsaeSession0} -parent [gi::getWindows 3]]
[13:39:47.89] /i gi::pressButton {/ok} -in [gi::getDialogs {saEditAnalysesDialogXsaeSession0} -parent [gi::getWindows 3]]
[13:39:47.99] /i gi::setActiveWindow 3
[13:39:48.00] /i gi::setActiveWindow 3 -raise true
[13:39:51.59] /i gi::setCurrentIndex {outputsTable} -index {0,0} -in [gi::getWindows 3]
[13:39:56.98] /i gi::setActiveWindow 2
[13:39:56.98] /i gi::setActiveWindow 2 -raise true
[13:39:56.99] /i gi::setField {outputsTable} -index {0,0} -value {VOUT} -in [gi::getWindows 3]
[13:39:57.16] /# gi::executeAction deFitEdit -in [gi::getWindows 2]
[13:39:57.16] /i de::fit -window 2 -fitEdit true
[13:39:57.17] /o {-1.0375 -0.35625} {3.3125 4.58125}
[13:39:58.99] /i gi::setActiveWindow 3
[13:39:58.99] /i gi::setActiveWindow 3 -raise true
[13:39:59.31] /i gi::setCurrentIndex {outputsTable} -index {0,1} -in [gi::getWindows 3]
[13:39:59.96] /i gi::setItemSelection {outputsTable} -index {0,1} -in [gi::getWindows 3]
[13:39:59.97] /i gi::setItemSelection {outputsTable} -index {0,1} -in [gi::getWindows 3]
[13:40:02.22] /i gi::setActiveWindow 2
[13:40:02.22] /i gi::setActiveWindow 2 -raise true
[13:40:02.23] /i gi::setField {outputsTable} -index {0,0} -value {} -in [gi::getWindows 3]
[13:40:05.68] /# gi::executeAction deSelectActive -in [gi::getWindows 2]
[13:40:05.68] /i de::select [de::getActiveFigure [gi::getWindows 2] -point {2.5625 2.1} -index 0 -intent none] -replace true
[13:40:05.69] /o oa:0x27e6be20
[13:40:06.47] /# gi::executeAction deSelectActive -in [gi::getWindows 2]
[13:40:06.47] /i de::cycleActiveFigure [gi::getWindows 2] -direction next
[13:40:06.48] /o oa:0x27e930d0
[13:40:06.48] /i de::select [de::getActiveFigure [gi::getWindows 2] -point {2.5625 2.1} -index 0 -intent none] -replace true
[13:40:06.48] /o oa:0x27fd7300
[13:40:07.76] /i gi::setActiveWindow 3
[13:40:07.76] /i gi::setActiveWindow 3 -raise true
[13:40:07.94] /i gi::setItemSelection {outputsTable} -index {} -in [gi::getWindows 3]
[13:40:07.95] /i gi::setItemSelection {outputsTable} -index {} -in [gi::getWindows 3]
[13:40:08.86] /i gi::setItemSelection {outputsTable} -index {0,1} -in [gi::getWindows 3]
[13:40:08.87] /i gi::setItemSelection {outputsTable} -index {0,1} -in [gi::getWindows 3]
[13:40:10.38] /i sa::selectOutputs -outputIndex 0 -window [gi::getWindows 3]
[13:40:10.42] /i gi::setField {outputsTable} -index {0,0} -value {} -in [gi::getWindows 3]
[13:40:12.44] /# gi::executeAction deAddPoint -in [gi::getWindows 2]
[13:40:12.44] /i de::addPoint {2.60625 2.13125} -window 2
[13:40:12.81] /i gi::setActiveWindow 2
[13:40:12.81] /i gi::setActiveWindow 2 -raise true
[13:40:13.02] /# gi::executeAction deSelectActive -in [gi::getWindows 2]
[13:40:13.02] /i de::cycleActiveFigure [gi::getWindows 2] -direction next
[13:40:13.03] /o oa:0x285d7490
[13:40:13.03] /i de::select [de::getActiveFigure [gi::getWindows 2] -point {2.60625 2.13125} -index 0 -intent none] -replace true
[13:40:13.03] /o oa:0x2865fc20
[13:40:13.94] /i gi::setActiveWindow 3
[13:40:13.94] /i gi::setActiveWindow 3 -raise true
[13:40:14.12] /i gi::setItemSelection {outputsTable} -index {} -in [gi::getWindows 3]
[13:40:14.13] /i gi::setItemSelection {outputsTable} -index {} -in [gi::getWindows 3]
[13:40:14.92] /i gi::setCurrentIndex {outputsTable} -index {0,2} -in [gi::getWindows 3]
[13:40:14.93] /i gi::setItemSelection {outputsTable} -index {0,2} -in [gi::getWindows 3]
[13:40:14.93] /i gi::setItemSelection {outputsTable} -index {0,2} -in [gi::getWindows 3]
[13:40:17.13] /i gi::setField {outputsTable} -index {0,2} -value {dc} -in [gi::getWindows 3]
[13:40:18.26] /i gi::setField {outputsTable} -index {0,2} -value {dc\ tran} -in [gi::getWindows 3]
[13:40:21.44] /i gi::setField {outputsTable} -index {0,2} -value {dc\ tran} -in [gi::getWindows 3]
[13:40:21.44] /i gi::setCurrentIndex {outputsTable} -index {1,0} -in [gi::getWindows 3]
[13:40:21.45] /i gi::setItemSelection {outputsTable} -index {} -in [gi::getWindows 3]
[13:40:21.45] /i gi::setItemSelection {outputsTable} -index {} -in [gi::getWindows 3]
[13:40:24.33] /i gi::setField {outputsTable} -index {1,0} -value {VIN} -in [gi::getWindows 3]
[13:40:24.33] /i gi::setCurrentIndex {outputsTable} -index {1,1} -in [gi::getWindows 3]
[13:40:24.34] /i gi::setItemSelection {outputsTable} -index {1,1} -in [gi::getWindows 3]
[13:40:24.34] /i gi::setItemSelection {outputsTable} -index {1,1} -in [gi::getWindows 3]
[13:40:27.45] /i gi::setActiveWindow 2
[13:40:27.45] /i gi::setActiveWindow 2 -raise true
[13:40:27.46] /i gi::setField {outputsTable} -index {1,0} -value {} -in [gi::getWindows 3]
[13:40:28.86] /# gi::executeAction deSelectActive -in [gi::getWindows 2]
[13:40:28.86] /i de::select [de::getActiveFigure [gi::getWindows 2] -point {1.10625 2.2375} -index 0 -intent none] -replace true
[13:40:28.87] /o oa:0x28596e80
[13:40:29.96] /i gi::setActiveWindow 3
[13:40:29.97] /i gi::setActiveWindow 3 -raise true
[13:40:30.04] /i gi::setItemSelection {outputsTable} -index {} -in [gi::getWindows 3]
[13:40:30.05] /i gi::setItemSelection {outputsTable} -index {} -in [gi::getWindows 3]
[13:40:31.06] /i gi::setItemSelection {outputsTable} -index {1,1} -in [gi::getWindows 3]
[13:40:31.07] /i gi::setItemSelection {outputsTable} -index {1,1} -in [gi::getWindows 3]
[13:40:32.94] /i sa::selectOutputs -outputIndex 1 -window [gi::getWindows 3]
[13:40:32.99] /i gi::setField {outputsTable} -index {1,0} -value {} -in [gi::getWindows 3]
[13:40:34.65] /# gi::executeAction deAddPoint -in [gi::getWindows 2]
[13:40:34.65] /i de::addPoint {1.24375 2.2375} -window 2
[13:40:34.97] /i gi::setActiveWindow 2
[13:40:34.97] /i gi::setActiveWindow 2 -raise true
[13:40:35.18] /# gi::executeAction deSelectActive -in [gi::getWindows 2]
[13:40:35.18] /i de::cycleActiveFigure [gi::getWindows 2] -direction next
[13:40:35.19] /o oa:0x28660f90
[13:40:35.19] /i de::select [de::getActiveFigure [gi::getWindows 2] -point {1.24375 2.2375} -index 0 -intent none] -replace true
[13:40:35.19] /o oa:0x28595760
[13:40:36.22] /i gi::setActiveWindow 3
[13:40:36.22] /i gi::setActiveWindow 3 -raise true
[13:40:36.41] /i gi::setItemSelection {outputsTable} -index {} -in [gi::getWindows 3]
[13:40:36.41] /i gi::setItemSelection {outputsTable} -index {} -in [gi::getWindows 3]
[13:40:37.15] /i gi::setCurrentIndex {outputsTable} -index {1,2} -in [gi::getWindows 3]
[13:40:37.15] /i gi::setItemSelection {outputsTable} -index {1,2} -in [gi::getWindows 3]
[13:40:37.15] /i gi::setItemSelection {outputsTable} -index {1,2} -in [gi::getWindows 3]
[13:40:39.76] /i gi::setField {outputsTable} -index {1,2} -value {dc} -in [gi::getWindows 3]
[13:40:40.87] /i gi::setField {outputsTable} -index {1,2} -value {dc\ tran} -in [gi::getWindows 3]
[13:40:42.46] /i gi::setField {outputsTable} -index {1,2} -value {dc\ tran} -in [gi::getWindows 3]
[13:40:42.46] /i gi::setCurrentIndex {outputsTable} -index {2,0} -in [gi::getWindows 3]
[13:40:42.47] /i gi::setItemSelection {outputsTable} -index {} -in [gi::getWindows 3]
[13:40:42.47] /i gi::setItemSelection {outputsTable} -index {} -in [gi::getWindows 3]
[13:40:52.15] /i db::setAttr geometry -of [gi::getFrames 3] -value 600x500+199+111
[13:40:53.68] /i gi::setField {outputsTable} -index {2,0} -value {isupply} -in [gi::getWindows 3]
[13:40:53.68] /i gi::setCurrentIndex {outputsTable} -index {3,1} -in [gi::getWindows 3]
[13:40:55.38] /i gi::setField {outputsTable} -index {3,0} -value {} -in [gi::getWindows 3]
[13:40:55.38] /i gi::setCurrentIndex {outputsTable} -index {2,1} -in [gi::getWindows 3]
[13:40:55.39] /i gi::setItemSelection {outputsTable} -index {2,1} -in [gi::getWindows 3]
[13:40:55.39] /i gi::setItemSelection {outputsTable} -index {2,1} -in [gi::getWindows 3]
[13:40:55.59] /i gi::setSectionSizes {outputsTable} -values {74 282 71 49 30 30} -in [gi::getWindows 3]
[13:40:57.92] /i sa::selectOutputs -outputIndex 2 -window [gi::getWindows 3]
[13:40:57.98] /i gi::setField {outputsTable} -index {2,0} -value {} -in [gi::getWindows 3]
[13:40:59.07] /# gi::executeAction deAddPoint -in [gi::getWindows 2]
[13:40:59.07] /i de::addPoint {-0.275 2.03125} -window 2
[13:40:59.38] /i de::commandOption acceptDelayedAddPoint
[13:40:59.49] /e Error: Error in executing ::sa::selectOutputs::pickCallback oa:0x28594710 {} {} 2 {{instTerm /V1/PLUS /V1/PLUS #00FF66 {}} {instTerm /V1/MINUS /V1/MINUS #CCFF00 {}}} : Error: Unable to retrieve attribute 'expr' from the empty object. (TCL_OBJECT-081)
[13:40:59.69] /i gi::setActiveWindow 2
[13:40:59.69] /i gi::setActiveWindow 2 -raise true
[13:40:59.90] /# gi::executeAction deSelectActive -in [gi::getWindows 2]
[13:40:59.90] /i de::select [de::getActiveFigure [gi::getWindows 2] -point {-0.275 2.03125} -index 0 -intent none] -replace true
[13:40:59.91] /o oa:0x285a4940
[13:41:01.22] /i gi::setActiveWindow 3
[13:41:01.23] /i gi::setActiveWindow 3 -raise true
[13:41:01.23] /i gi::setCurrentIndex {outputsTable} -index {2,2} -in [gi::getWindows 3]
[13:41:01.24] /i gi::setItemSelection {outputsTable} -index {2,2} -in [gi::getWindows 3]
[13:41:01.25] /i gi::setItemSelection {outputsTable} -index {2,2} -in [gi::getWindows 3]
[13:41:03.59] /i gi::setField {outputsTable} -index {2,2} -value {dc} -in [gi::getWindows 3]
[13:41:04.56] /i gi::setField {outputsTable} -index {2,2} -value {dc\ tran} -in [gi::getWindows 3]
[13:41:27.25] /i gi::setField {outputsTable} -index {2,2} -value {dc\ tran} -in [gi::getWindows 3]
[13:41:27.26] /i gi::executeAction menuPreShow -in [gi::getWindows 3]
[13:41:27.27] /r giMenuAccess db::getNext [gi::getMenus saConsoleSessionMenu -from [gi::getWindows 3]]
[13:41:29.04] /# gi::executeAction saSaveState -in [gi::getWindows 3]
[13:41:29.04] /i sa::showSaveState -parent 3
[13:41:29.25] /o oa:0x284a4370
[13:41:29.65] /i gi::setActiveDialog [gi::getDialogs {saShowSaveState} -parent [gi::getWindows 3]]
[13:41:30.03] /i db::setAttr geometry -of [gi::getDialogs {saShowSaveState} -parent [gi::getWindows 3]] -value 463x477+319+277
[13:41:38.12] /i gi::setField {/saveTo/openAccess} -value {true} -in [gi::getDialogs {saShowSaveState} -parent [gi::getWindows 3]]
[13:41:38.84] /i db::setAttr geometry -of [gi::getDialogs {saShowSaveState} -parent [gi::getWindows 3]] -value 463x535+319+277
[13:41:46.55] /i gi::setField {/name} -value {Tran_DC_SAE} -in [gi::getDialogs {saShowSaveState} -parent [gi::getWindows 3]]
[13:41:46.74] /i db::setAttr geometry -of [gi::getDialogs {saShowSaveState} -parent [gi::getWindows 3]] -value 506x565+319+277
[13:41:49.46] /i gi::pressButton {/ok} -in [gi::getDialogs {saShowSaveState} -parent [gi::getWindows 3]]
[13:41:54.06] /i gi::executeAction menuPreShow -in [gi::getWindows 3]
[13:41:54.07] /r giMenuAccess db::getNext [gi::getMenus saConsoleSessionMenu -from [gi::getWindows 3]]
[13:41:55.05] /i gi::executeAction menuPreShow -in [gi::getWindows 3]
[13:41:55.06] /r giMenuAccess db::getNext [gi::getMenus saVariablesMenu -from [gi::getWindows 3]]
[13:41:55.31] /i gi::executeAction menuPreShow -in [gi::getWindows 3]
[13:41:55.32] /r giMenuAccess db::getNext [gi::getMenus saConsoleOutputsMenu -from [gi::getWindows 3]]
[13:41:55.63] /i gi::executeAction menuPreShow -in [gi::getWindows 3]
[13:41:55.64] /r giMenuAccess db::getNext [gi::getMenus saConsoleSimMenu -from [gi::getWindows 3]]
[13:41:57.13] /# gi::executeAction saNetlistAndRun -in [gi::getWindows 3]
[13:41:57.13] /i isa::netlistAndRun -testbench [sa::findActiveTestbench -window 3]
[13:41:57.18] /m Information: "Starting incremental netlisting for design "mylibrary/inverter_testbench/schematic"..." (NETLISTING-010)
[13:41:57.22] /o No Design Integrity rule violations found in "mylibrary/inverter_testbench/schematic"
[13:41:57.24] /m Information: 
[13:41:57.24] /o Checking "mylibrary/inverter/schematic"
[13:41:57.25] /o No rule violations found in "mylibrary/inverter/schematic"
[13:41:57.31] /m Information: "Netlisting design "mylibrary/inverter_testbench/schematic" finished successfully." (NETLISTING-012)
[13:41:57.32] /m Information: "Composing simulator input file for design "mylibrary/inverter_testbench/schematic"..."
[13:41:57.42] /m Information: "Simulator input file composed successfully for design "mylibrary/inverter_testbench/schematic""
[13:41:57.84] /r giWindowId 4
[13:41:57.85] /r giWindowGeometry 800x600
[13:41:58.18] /# gi::expand {jobMonitorTable} -index {0,0} -in [gi::getWindows 4]
[13:41:58.18] /# gi::expand {jobMonitorTable} -index {0.0,0} -in [gi::getWindows 4]
[13:41:58.43] /m Information: "Starting HSPICE simulation for design: mylibrary/inverter_testbench/schematic"
[13:41:58.46] /# gi::collapse {jobMonitorTable} -index {0.0,0} -in [gi::getWindows 4]
[13:41:58.49] /o 1
[13:41:58.49] /i gi::expand {jobMonitorTable} -index {0.0,0} -in [gi::getWindows 4]
[13:41:58.80] /i db::setAttr geometry -of [gi::getFrames 4] -value 800x600+216+239
[13:41:58.88] /m Information: "Simulation completed successfully for design: mylibrary/inverter_testbench/schematic "
[13:41:59.18] /m Information: Measurement calculations completed for testbench: default in 0s
[13:41:59.20] /m Information: "Evaluating and plotting outputs..."
[13:41:59.25] /m Information: Launching Waveform Viewer "cd /home/cemaj/jwoosam/simulation/mylibrary/inverter_testbench/schematic/HSPICE/nominal/results && wv -k -cdesigner > /home/cemaj/jwoosam/simulation/mylibrary/inverter_testbench/schematic/HSPICE/nominal/results/viewer.log 2>&1"
[13:42:13.15] /i gi::executeAction giCloseWindow -in [gi::getWindows 4]
[13:42:14.01] /i gi::setActiveWindow 2
[13:42:14.01] /i gi::setActiveWindow 2 -raise true
[13:43:24.96] /i gi::setActiveWindow 3
[13:43:24.97] /i gi::setActiveWindow 3 -raise true
[13:43:28.51] /i gi::setActiveWindow 2
[13:43:28.52] /i gi::setActiveWindow 2 -raise true
[13:43:33.47] /# gi::executeAction deSelectActive -in [gi::getWindows 2]
[13:43:33.47] /i de::select [de::getActiveFigure [gi::getWindows 2] -point {2.025 2.11875} -index 0 -intent none] -replace true
[13:43:33.47] /o oa:0x28cdcb40
[13:43:33.68] /# gi::executeAction deDescend -in [gi::getWindows 2]
[13:43:33.68] /i ide::descend 2 -inPlace false -promptView false -readOnly [expr ![de::isEditable [db::getNext [de::getContexts -window 2]]]]
[13:43:33.69] /e Error: Could not descend in pre-selection mode, because the selected object is not an instance. (DESIGN_COMMANDS-036)
[13:43:34.46] /# gi::executeAction deAddPoint -in [gi::getWindows 2]
[13:43:34.46] /i de::addPoint {2.13125 2.25} -window 2
[13:43:34.50] /# Navigating to mylibrary/inverter/schematic (I0)
[13:43:34.70] /# gi::executeAction deSelectActive -in [gi::getWindows 2]
[13:43:45.59] /i gi::executeAction giCloseWindow -in [gi::getWindows 2]
[13:43:46.04] /i gi::setActiveWindow 3
[13:43:46.05] /i gi::setActiveWindow 3 -raise true
[13:43:48.95] /m Information: Waveform Viewer exited normally.
[13:43:50.58] /i gi::executeAction giCloseWindow -in [gi::getWindows 3]
[13:43:52.00] /i gi::setActiveWindow 0
[13:43:52.00] /i gi::setActiveWindow 0 -raise true
[13:43:52.01] /i gi::executeAction giCloseWindow -in [gi::getWindows 0]
[13:43:52.11] /r giDialog gi::setActiveDialog [gi::getDialogs {deExitDialog}]
[13:43:52.54] /r giDialog db::setAttr geometry -of [gi::getDialogs {deExitDialog}] -value 371x218+533+362
[13:43:53.92] /r giDialog gi::pressButton {ok} -in [gi::getDialogs {deExitDialog}]
[13:43:54.02] /o Shutdown time: Wed Jan 17 13:43:54 2018
[13:43:54.02] /o Elapsed session real time: 11.38 minutes
[13:43:54.02] /o Session terminated. Log is at /home/cemaj/jwoosam/eecs168/cdesigner.jwoosam.17_1_13_17.log
