[12:01:32.66] /o Custom Designer (TM) Version J-2014.12-SP2-2
              /c Build  (OPT) Config 2901729 compiled on Sun Jul 26 20:41:43 2015 for RHEL64 5.7
              /c Invocation: /usr/local/synopsys/customdesigner/J-2014.12-SP2-2/amd64/platform/bin/cdesigner
              /c Execution time: Wed Feb 14 12:01:28 2018
              /c Host: bender.engr.ucr.edu
              /c 
              /c Copyright © 2004-2015 Synopsys, Inc. All rights reserved.
              /c Your use of this program is subject to the terms and conditions of the written license agreement between you, or your company, and Synopsys.
              /c 
[12:01:35.47] /i db::setAttr geometry -of [gi::getFrames 0] -value 600x300+8+610
[12:01:56.00] /i db::setAttr geometry -of [gi::getFrames 0] -value 600x300+530+575
[12:01:57.19] /i db::setAttr geometry -of [gi::getFrames 0] -value 600x300+827+505
[12:01:58.93] /i db::setAttr geometry -of [gi::getFrames 0] -value 600x295+827+510
[12:02:00.49] /i db::setAttr geometry -of [gi::getFrames 0] -value 600x295+757+506
[12:02:05.24] /# gi::executeAction deOpenDesign -in [gi::getWindows 0]
[12:02:05.24] /i de::showOpenDesign
[12:02:05.28] /o oa:0x22fc37b0
[12:02:05.39] /i gi::setActiveDialog [gi::getDialogs {deOpenDesign}]
[12:02:05.65] /i db::setAttr geometry -of [gi::getDialogs {deOpenDesign}] -value 645x491+396+226
[12:02:07.75] /i db::setAttr geometry -of [gi::getDialogs {deOpenDesign}] -value 645x491+621+252
[12:02:08.77] /i gi::setCurrentIndex {designLibs} -index {mylibrary} -in [gi::getDialogs {deOpenDesign}]
[12:02:08.78] /i gi::setItemSelection {designLibs} -index {mylibrary} -in [gi::getDialogs {deOpenDesign}]
[12:02:10.37] /i gi::setCurrentIndex {designCells} -index {NAND} -in [gi::getDialogs {deOpenDesign}]
[12:02:10.39] /i gi::setItemSelection {designCells} -index {NAND} -in [gi::getDialogs {deOpenDesign}]
[12:02:18.34] /i gi::setCurrentIndex {designViews} -index {schematic} -in [gi::getDialogs {deOpenDesign}]
[12:02:18.35] /i gi::setItemSelection {designViews} -index {schematic} -in [gi::getDialogs {deOpenDesign}]
[12:02:25.70] /i gi::pressButton {cancel} -in [gi::getDialogs {deOpenDesign}]
[12:02:41.70] /# gi::executeAction dmShowLibraryManager -in [gi::getWindows 0]
[12:02:41.70] /i dm::showLibraryManager
[12:02:41.71] /r giWindowId 1
[12:02:41.71] /r giWindowGeometry 660x600+50+50
[12:02:41.85] /o oa:0x2467f760
[12:02:42.19] /i db::setAttr geometry -of [gi::getFrames 1] -value 660x600+58+81
[12:02:45.18] /i db::setAttr geometry -of [gi::getFrames 1] -value 660x600+641+191
[12:02:46.87] /i gi::setCurrentIndex {libs} -index {mylibrary} -in [gi::getWindows 1]
[12:02:46.88] /i gi::setItemSelection {libs} -index {mylibrary} -in [gi::getWindows 1]
[12:02:48.96] /i gi::setCurrentIndex {cells} -index {NAND} -in [gi::getWindows 1]
[12:02:49.06] /i gi::setItemSelection {cells} -index {NAND} -in [gi::getWindows 1]
[12:02:50.17] /i gi::setCurrentIndex {views} -index {schematic} -in [gi::getWindows 1]
[12:02:50.19] /i gi::setItemSelection {views} -index {schematic} -in [gi::getWindows 1]
[12:02:56.48] /i gi::executeAction dmOpenWrite -in [gi::getWindows 1]
[12:02:56.53] /o 	############################################
[12:02:56.53] /o 	--------------------------------------------
[12:02:56.53] /o 	PDK Name................... : SAED_PDK_90
[12:02:56.53] /o 	PDK Release Date........... : 29-Sep-2015
[12:02:56.53] /o 	PDK Custom Designer Version : J-2014.12-2
[12:02:56.53] /o 	--------------------------------------------
[12:02:56.54] /o 	############################################
[12:02:56.54] /o 
[12:02:56.54] /w Warning: Preference 'leActiveLPP' is deprecated and scheduled for removal in a future release with no replacement. For migration assistance, see the Custom Designer Tcl Reference Manual. (PREFERENCE-058)
[12:02:56.55] /o SAED PDK 90: Loaded callbacks
[12:02:56.57] /o SAED PDK 90: Loaded display resources
[12:02:56.67] /m Information: License 'Schematic Editor' checked out. (LICENSE-003)
[12:02:56.68] /m Information: License 'Schematic Editor' checked in. (LICENSE-004)
[12:02:56.80] /r giDialog gi::setActiveDialog [gi::getDialogs {deOpenFailed} -parent [gi::getWindows 1]]
[12:02:57.09] /r giDialog db::setAttr geometry -of [gi::getDialogs {deOpenFailed} -parent [gi::getWindows 1]] -value 443x99+748+433
[12:03:01.92] /r giDialog gi::pressButton {cancel} -in [gi::getDialogs {deOpenFailed} -parent [gi::getWindows 1]]
[12:03:06.72] /i gi::executeAction dmDeleteCellView -in [gi::getWindows 1]
[12:03:06.79] /r giDialog gi::setActiveDialog [gi::getDialogs {dmDelete}]
[12:03:07.07] /r giDialog db::setAttr geometry -of [gi::getDialogs {dmDelete}] -value 364x104+536+419
[12:03:09.47] /r giDialog gi::pressButton {delete} -in [gi::getDialogs {dmDelete}]
[12:03:09.50] /# db::destroy [dm::findCellView schematic -cell [dm::findCell NAND -lib [oa::LibFind [oa::ScalarName [oa::CdbaNS] mylibrary ]]]]
[12:03:09.53] /e Error: Cannot unlock file(s):
              /c mylibrary/NAND/schematic/schematic (DATA_MANAGEMENT-033)
[12:03:09.63] /r giDialog gi::setActiveDialog [gi::getDialogs {dmErrorDialog}]
[12:03:09.89] /r giDialog db::setAttr geometry -of [gi::getDialogs {dmErrorDialog}] -value 480x89+478+427
[12:03:11.96] /r giDialog gi::pressButton {ok} -in [gi::getDialogs {dmErrorDialog}]
[12:03:14.65] /i gi::setCurrentIndex {cells} -index {NAND_testbench} -in [gi::getWindows 1]
[12:03:14.78] /i gi::setItemSelection {cells} -index {NAND_testbench} -in [gi::getWindows 1]
[12:03:15.96] /i gi::setCurrentIndex {views} -index {schematic} -in [gi::getWindows 1]
[12:03:15.97] /i gi::setItemSelection {views} -index {schematic} -in [gi::getWindows 1]
[12:03:19.65] /i gi::executeAction dmDeleteCellView -in [gi::getWindows 1]
[12:03:19.72] /r giDialog gi::setActiveDialog [gi::getDialogs {dmDelete}]
[12:03:20.01] /r giDialog db::setAttr geometry -of [gi::getDialogs {dmDelete}] -value 364x104+536+419
[12:03:21.13] /r giDialog gi::pressButton {delete} -in [gi::getDialogs {dmDelete}]
[12:03:21.17] /# db::destroy [dm::findCellView schematic -cell [dm::findCell NAND\_testbench -lib [oa::LibFind [oa::ScalarName [oa::CdbaNS] mylibrary ]]]]
[12:03:21.44] /# gi::setCurrentIndex {views} -index {NAND_TB} -in [gi::getWindows 1]
[12:03:21.46] /# gi::setItemSelection {views} -index {} -in [gi::getWindows 1]
[12:03:22.95] /i gi::setItemSelection {views} -index {NAND_TB} -in [gi::getWindows 1]
[12:03:25.29] /i gi::executeAction dmDeleteCellView -in [gi::getWindows 1]
[12:03:25.37] /r giDialog gi::setActiveDialog [gi::getDialogs {dmDelete}]
[12:03:25.65] /r giDialog db::setAttr geometry -of [gi::getDialogs {dmDelete}] -value 364x104+536+419
[12:03:26.67] /r giDialog gi::pressButton {delete} -in [gi::getDialogs {dmDelete}]
[12:03:26.72] /# db::destroy [dm::findCellView NAND\_TB -cell [dm::findCell NAND\_testbench -lib [oa::LibFind [oa::ScalarName [oa::CdbaNS] mylibrary ]]]]
[12:03:26.78] /# gi::setCurrentIndex {views} -index {} -in [gi::getWindows 1]
[12:03:26.79] /# gi::setItemSelection {views} -index {} -in [gi::getWindows 1]
[12:03:29.04] /i gi::setCurrentIndex {cells} -index {NAND} -in [gi::getWindows 1]
[12:03:29.07] /i gi::setItemSelection {cells} -index {NAND} -in [gi::getWindows 1]
[12:03:30.16] /i gi::setCurrentIndex {views} -index {symbol} -in [gi::getWindows 1]
[12:03:30.17] /i gi::setItemSelection {views} -index {symbol} -in [gi::getWindows 1]
[12:03:32.74] /i gi::executeAction dmDeleteCellView -in [gi::getWindows 1]
[12:03:32.86] /r giDialog gi::setActiveDialog [gi::getDialogs {dmDelete}]
[12:03:33.13] /r giDialog db::setAttr geometry -of [gi::getDialogs {dmDelete}] -value 364x104+536+419
[12:03:34.33] /r giDialog gi::pressButton {delete} -in [gi::getDialogs {dmDelete}]
[12:03:34.36] /# db::destroy [dm::findCellView symbol -cell [dm::findCell NAND -lib [oa::LibFind [oa::ScalarName [oa::CdbaNS] mylibrary ]]]]
[12:03:34.39] /# gi::setCurrentIndex {views} -index {schematic} -in [gi::getWindows 1]
[12:03:34.41] /# gi::setItemSelection {views} -index {} -in [gi::getWindows 1]
[12:03:35.45] /i gi::setItemSelection {views} -index {schematic} -in [gi::getWindows 1]
[12:03:37.98] /i gi::executeAction dmDeleteCellView -in [gi::getWindows 1]
[12:03:38.06] /r giDialog gi::setActiveDialog [gi::getDialogs {dmDelete}]
[12:03:38.34] /r giDialog db::setAttr geometry -of [gi::getDialogs {dmDelete}] -value 364x104+536+419
[12:03:39.53] /r giDialog gi::pressButton {delete} -in [gi::getDialogs {dmDelete}]
[12:03:39.56] /# db::destroy [dm::findCellView schematic -cell [dm::findCell NAND -lib [oa::LibFind [oa::ScalarName [oa::CdbaNS] mylibrary ]]]]
[12:03:39.58] /e Error: Cannot unlock file(s):
              /c mylibrary/NAND/schematic/schematic (DATA_MANAGEMENT-033)
[12:03:39.68] /r giDialog gi::setActiveDialog [gi::getDialogs {dmErrorDialog}]
[12:03:39.94] /r giDialog db::setAttr geometry -of [gi::getDialogs {dmErrorDialog}] -value 480x89+478+427
[12:03:41.70] /r giDialog gi::pressButton {ok} -in [gi::getDialogs {dmErrorDialog}]
[12:03:42.70] /i gi::setActiveWindow 0
[12:03:42.71] /i gi::setActiveWindow 0 -raise true
[12:05:34.29] /i gi::setActiveWindow 1
[12:05:34.29] /i gi::setActiveWindow 1 -raise true
[12:05:37.28] /i gi::setCurrentIndex {cells} -index {NAND_testbench} -in [gi::getWindows 1]
[12:05:37.30] /i gi::setItemSelection {cells} -index {NAND_testbench} -in [gi::getWindows 1]
[12:05:39.99] /i gi::executeAction dmDeleteCell -in [gi::getWindows 1]
[12:05:40.06] /r giDialog gi::setActiveDialog [gi::getDialogs {dmDelete}]
[12:05:40.35] /r giDialog db::setAttr geometry -of [gi::getDialogs {dmDelete}] -value 364x104+536+419
[12:05:41.41] /r giDialog gi::pressButton {delete} -in [gi::getDialogs {dmDelete}]
[12:05:41.44] /# db::destroy [dm::findCell NAND\_testbench -lib [oa::LibFind [oa::ScalarName [oa::CdbaNS] mylibrary ]]]
[12:05:41.45] /# gi::setCurrentIndex {cells} -index {NAND} -in [gi::getWindows 1]
[12:05:41.45] /# gi::setItemSelection {cells} -index {} -in [gi::getWindows 1]
[12:05:42.66] /i gi::setItemSelection {cells} -index {NAND} -in [gi::getWindows 1]
[12:05:44.48] /i gi::executeAction dmDeleteCell -in [gi::getWindows 1]
[12:05:44.55] /r giDialog gi::setActiveDialog [gi::getDialogs {dmDelete}]
[12:05:44.84] /r giDialog db::setAttr geometry -of [gi::getDialogs {dmDelete}] -value 364x104+536+419
[12:05:45.89] /r giDialog gi::pressButton {delete} -in [gi::getDialogs {dmDelete}]
[12:05:45.92] /# db::destroy [dm::findCell NAND -lib [oa::LibFind [oa::ScalarName [oa::CdbaNS] mylibrary ]]]
[12:05:45.95] /e Error: Cannot unlock file(s):
              /c mylibrary/NAND/schematic/schematic (DATA_MANAGEMENT-033)
[12:05:46.05] /r giDialog gi::setActiveDialog [gi::getDialogs {dmErrorDialog}]
[12:05:46.31] /r giDialog db::setAttr geometry -of [gi::getDialogs {dmErrorDialog}] -value 452x89+492+427
[12:05:48.35] /r giDialog gi::pressButton {ok} -in [gi::getDialogs {dmErrorDialog}]
[12:05:52.11] /i gi::setCurrentIndex {views} -index {schematic} -in [gi::getWindows 1]
[12:05:52.12] /i gi::setItemSelection {views} -index {schematic} -in [gi::getWindows 1]
[12:05:53.81] /i gi::setItemSelection {views} -index {} -in [gi::getWindows 1]
[12:05:56.65] /i gi::setItemSelection {views} -index {schematic} -in [gi::getWindows 1]
[12:05:59.81] /i gi::executeAction dmDelete -in [gi::getWindows 1]
[12:05:59.89] /r giDialog gi::setActiveDialog [gi::getDialogs {dmDelete}]
[12:06:00.18] /r giDialog db::setAttr geometry -of [gi::getDialogs {dmDelete}] -value 364x104+536+419
[12:06:01.62] /r giDialog gi::pressButton {delete} -in [gi::getDialogs {dmDelete}]
[12:06:01.65] /# db::destroy [dm::findCellView schematic -cell [dm::findCell NAND -lib [oa::LibFind [oa::ScalarName [oa::CdbaNS] mylibrary ]]]]
[12:06:01.67] /e Error: Cannot unlock file(s):
              /c mylibrary/NAND/schematic/schematic (DATA_MANAGEMENT-033)
[12:06:01.76] /r giDialog gi::setActiveDialog [gi::getDialogs {dmErrorDialog}]
[12:06:02.03] /r giDialog db::setAttr geometry -of [gi::getDialogs {dmErrorDialog}] -value 480x89+478+427
[12:06:03.81] /r giDialog gi::pressButton {ok} -in [gi::getDialogs {dmErrorDialog}]
[12:06:06.89] /i gi::setActiveWindow 0
[12:06:06.90] /i gi::setActiveWindow 0 -raise true
[12:06:12.32] /i gi::setActiveWindow 1
[12:06:12.32] /i gi::setActiveWindow 1 -raise true
[12:06:12.47] /i gi::executeAction dmOpen -in [gi::getWindows 1]
[12:06:12.53] /m Information: License 'Schematic Editor' checked out. (LICENSE-003)
[12:06:12.54] /m Information: License 'Schematic Editor' checked in. (LICENSE-004)
[12:06:12.63] /r giDialog gi::setActiveDialog [gi::getDialogs {deOpenFailed} -parent [gi::getWindows 1]]
[12:06:12.92] /r giDialog db::setAttr geometry -of [gi::getDialogs {deOpenFailed} -parent [gi::getWindows 1]] -value 443x99+748+433
[12:06:15.74] /r giDialog gi::pressButton {ok} -in [gi::getDialogs {deOpenFailed} -parent [gi::getWindows 1]]
[12:06:15.87] /r giWindowId 2
[12:06:15.88] /r giWindowGeometry 1224x864
[12:06:16.97] /i gi::setActiveWindow 1
[12:06:16.98] /i gi::setActiveWindow 1 -raise true
[12:06:17.15] /i gi::setActiveWindow 2
[12:06:17.17] /i gi::setActiveWindow 2 -raise true
[12:06:17.32] /i db::setAttr geometry -of [gi::getFrames 2] -value 1224x864+15+54
[12:06:19.44] /i db::setAttr geometry -of [gi::getFrames 2] -value 1224x864+524+175
[12:06:20.70] /i db::setAttr geometry -of [gi::getFrames 2] -value 718x888+721+31
[12:06:23.81] /# gi::executeAction deSelectActive -in [gi::getWindows 2]
[12:06:25.70] /# gi::executeAction deFitEdit -in [gi::getWindows 2]
[12:06:25.70] /i de::fit -window 2 -fitEdit true
[12:06:25.71] /o {-0.5375 -1.7625} {2.95625 2.2}
[12:06:41.35] /i gi::executeAction deChangeMode -in [gi::getWindows 2]
[12:06:41.42] /m Information: License 'Schematic Editor' checked out. (LICENSE-003)
[12:06:41.42] /m Information: License 'Schematic Editor' checked in. (LICENSE-004)
[12:06:41.43] /e Error: Could not open design 'mylibrary/NAND/schematic' in edit mode: locked by user <jwoosam>. (TCL)
[12:06:46.71] /i gi::setActiveWindow 0
[12:06:46.72] /i gi::setActiveWindow 0 -raise true
[12:08:52.19] /i gi::setActiveWindow 1
[12:08:52.20] /i gi::setActiveWindow 1 -raise true
[12:09:00.02] /# gi::executeAction dbExportImage -in [gi::getWindows 1]
[12:09:00.02] /i db::showExportImage -parent 1
[12:09:00.12] /o oa:0x2517f3c0
[12:09:00.23] /i gi::setActiveDialog [gi::getDialogs {dbExportImage} -parent [gi::getWindows 1]]
[12:09:00.50] /i db::setAttr geometry -of [gi::getDialogs {dbExportImage} -parent [gi::getWindows 1]] -value 624x660+657+152
[12:09:03.20] /i gi::pressButton {cancel} -in [gi::getDialogs {dbExportImage} -parent [gi::getWindows 1]]
[12:09:07.31] /i gi::executeAction dmShowLockInformation -in [gi::getWindows 1]
[12:09:07.44] /i gi::setActiveDialog [gi::getDialogs {dmLockInformation} -parent [gi::getWindows 1]]
[12:09:07.73] /i db::setAttr geometry -of [gi::getDialogs {dmLockInformation} -parent [gi::getWindows 1]] -value 504x360+717+302
[12:09:17.20] /i gi::pressButton {checkLock} -in [gi::getDialogs {dmLockInformation} -parent [gi::getWindows 1]]
[12:09:18.82] /i gi::pressButton {checkLock} -in [gi::getDialogs {dmLockInformation} -parent [gi::getWindows 1]]
[12:09:19.45] /i gi::pressButton {checkLock} -in [gi::getDialogs {dmLockInformation} -parent [gi::getWindows 1]]
[12:09:19.63] /i gi::pressButton {checkLock} -in [gi::getDialogs {dmLockInformation} -parent [gi::getWindows 1]]
[12:09:19.82] /i gi::pressButton {checkLock} -in [gi::getDialogs {dmLockInformation} -parent [gi::getWindows 1]]
[12:09:20.03] /i gi::pressButton {checkLock} -in [gi::getDialogs {dmLockInformation} -parent [gi::getWindows 1]]
[12:09:20.25] /i gi::pressButton {checkLock} -in [gi::getDialogs {dmLockInformation} -parent [gi::getWindows 1]]
[12:09:21.34] /i gi::pressButton {cancel} -in [gi::getDialogs {dmLockInformation} -parent [gi::getWindows 1]]
[12:09:22.71] /i gi::executeAction giCloseWindow -in [gi::getWindows 1]
[12:09:22.75] /i gi::setActiveWindow 0
[12:09:22.77] /i gi::setActiveWindow 0 -raise true
[12:09:23.99] /i gi::executeAction giCloseWindow -in [gi::getWindows 0]
[12:09:24.09] /r giDialog gi::setActiveDialog [gi::getDialogs {deExitDialog}]
[12:09:24.36] /r giDialog db::setAttr geometry -of [gi::getDialogs {deExitDialog}] -value 371x218+533+362
[12:09:26.13] /r giDialog gi::pressButton {ok} -in [gi::getDialogs {deExitDialog}]
[12:09:26.72] /o Shutdown time: Wed Feb 14 12:09:26 2018
[12:09:26.72] /o Elapsed session real time: 7.9 minutes
[12:09:26.72] /o Session terminated. Log is at /home/cemaj/jwoosam/eecs168/cdesigner.jwoosam.14_2_11_40_1.log
