                                        
                                PYDB_Server (R)
                                        
           Version K-2015.12-3 for linux64 - Dec 17, 2015 cl#3052145
                                        
                    Copyright (c) 2007 - 2015 Synopsys, Inc.
   This software and the associated documentation are proprietary to Synopsys,
 Inc. This software may only be used in accordance with the terms and conditions
 of a written license agreement with Synopsys, Inc. All other use, reproduction,
            or distribution of this software is strictly prohibited.

NFS filesystem detected
Listening for connections on port 8334
PYDB_Server Started on host bender.engr.ucr.edu, Wed 01/31/2018 12:35:56
Client bender.engr.ucr.edu(17583):6 connected (1 total client)
Verified current licenses.
Client bender.engr.ucr.edu(17634):15 connected (2 total clients)
Client bender.engr.ucr.edu(17636):17 connected (3 total clients)
Client bender.engr.ucr.edu(17636):18 connected (4 total clients)
Client bender.engr.ucr.edu(17636):17 disconnected (3 clients remain)
Client bender.engr.ucr.edu(17634):15 disconnected (2 clients remain)
Client bender.engr.ucr.edu(17636):18 disconnected (1 client remains)
Shutdown requested by client bender.engr.ucr.edu(17583):6
0 clients remain connected
Overall server Time=0:00:05  User=0.02 Sys=0.11 Mem=9.874 MySQL=33.219 Unpooled=0.028
