                                        
                                PYDB_Server (R)
                                        
           Version K-2015.12-3 for linux64 - Dec 17, 2015 cl#3052145
                                        
                    Copyright (c) 2007 - 2015 Synopsys, Inc.
   This software and the associated documentation are proprietary to Synopsys,
 Inc. This software may only be used in accordance with the terms and conditions
 of a written license agreement with Synopsys, Inc. All other use, reproduction,
            or distribution of this software is strictly prohibited.

NFS filesystem detected
Listening for connections on port 8332
PYDB_Server Started on host bender.engr.ucr.edu, Wed 01/31/2018 12:37:19
Client bender.engr.ucr.edu(17854):6 connected (1 total client)
Verified current licenses.
Client bender.engr.ucr.edu(17928):17 connected (2 total clients)
Client bender.engr.ucr.edu(17928):17 disconnected (1 client remains)
Shutdown requested by client bender.engr.ucr.edu(17854):6
0 clients remain connected
Overall server Time=0:00:15  User=0.04 Sys=0.10 Mem=9.858 MySQL=33.219 Unpooled=0.028
                                        
                                PYDB_Server (R)
                                        
           Version K-2015.12-3 for linux64 - Dec 17, 2015 cl#3052145
                                        
                    Copyright (c) 2007 - 2015 Synopsys, Inc.
   This software and the associated documentation are proprietary to Synopsys,
 Inc. This software may only be used in accordance with the terms and conditions
 of a written license agreement with Synopsys, Inc. All other use, reproduction,
            or distribution of this software is strictly prohibited.

NFS filesystem detected
Listening for connections on port 9040
PYDB_Server Started on host bender.engr.ucr.edu, Wed 01/31/2018 12:37:41
Client bender.engr.ucr.edu(18190):6 connected (1 total client)
Verified current licenses.
Shutdown requested by client bender.engr.ucr.edu(18190):6
0 clients remain connected
Overall server Time=0:00:08  User=0.00 Sys=0.02 Mem=9.749 MySQL=32.444 Unpooled=0.022
