                                        
                                  StarRC (TM)
                                        
                 Version K-2015.12 for linux64 - Nov 23, 2015 
                                        
                    Copyright (c) 1999 - 2015 Synopsys, Inc.
   This software and the associated documentation are proprietary to Synopsys,
 Inc. This software may only be used in accordance with the terms and conditions
 of a written license agreement with Synopsys, Inc. All other use, reproduction,
            or distribution of this software is strictly prohibited.

ExecName: /usr/local/synopsys/starrc/K-2015.12/linux64_starrc/bin/StarXtract
Version: K-2015.12
Built on: Nov 23 2015 19:53:06
Start Time: Wed Jan 31 14:16:39 2018

Host ............ bender.engr.ucr.edu

xTractorName:/usr/local/synopsys/starrc/K-2015.12/linux64_starrc/bin/xTractor
Version: K-2015.12
Built on: Nov 23 2015 19:53:17
ERROR: TCAD_GRD_FILE generated by >4 years older version than StarRC version being used for this
       extraction can lead to serious accuracy loss. Recommend to update TCAD_GRD_FILE to within 1
       year of the StarRC version and restart extraction.  Next version will stop supporting >4
       years older nxtgrd. (SX-3594)
WARNING: MODE is no longer required for this type of extraction.  Ignoring MODE in StarRC command
         file. (SX-0499)
ERROR: Number of jobs already reached the NUM_CORES value 1. (SX-1120)
