ICV_VUE Info : + INFO: Filter has been loaded successfully.
        '/usr/local/synopsys/icvalidator/K-2015.12-3/lib-u/LINUX.64/VUE/Layout/libhiCDesignerLE.so'
ICV_VUE Info : + INFO: Filter version checking passed. (is: v2, expected: v2)
DEBUG: ConnectToServer: bender.engr.ucr.edu 56352
DEBUG: connect back to cdesigner: 'bender.engr.ucr.edu:56352'

< LAYOUT: start_vue >
V SET_COLOR white       white
V SET_COLOR red         red
V SET_COLOR darkRed     maroon
V SET_COLOR green       lime
V SET_COLOR darkGreen   forest
V SET_COLOR blue        blue
V SET_COLOR darkBlue    navy
V SET_COLOR cyan        cyan
V SET_COLOR darkCyan    cadetBlue
V SET_COLOR magenta     magenta
V SET_COLOR darkMagenta purple
V SET_COLOR yellow      yellow
V SET_FILL  blank       blank
V SET_FILL  solid       solid
V SET_FILL  backSlash   backSlash
V SET_FILL  slash       slash
V SET_FILL  dot         dots
V SET_FILL  diagCross   X
V SET_FILL  brick       brick
V SET_FILL  horizontal  hLine
V SET_FILL  vertical    vLine
L CDESIGNER::StartFilter LAY
ICV_VUE Info : + INFO: Filter has been loaded successfully.
        '/usr/local/synopsys/icvalidator/K-2015.12-3/lib-u/LINUX.64/VUE/Schematic/libhiCDesignerSE.so'
L set topLayLCV  ""
ICV_VUE Info : + INFO: Filter version checking passed. (is: v2, expected: v2)
  + INFO: Tcl-DP service had been loaded.
L set curLayLCV  ""

< LAYOUT: start_filter >
L CDESIGNER::SendCommand setWorkingDir "[pwd]"
DEBUG: ConnectToServer: bender.engr.ucr.edu 56352
DEBUG: return previous client bender.engr.ucr.edu:56352

< SCHEMATIC: start_vue >
V SET_COLOR white       white
V SET_COLOR red         red
V SET_COLOR darkRed     maroon
V SET_COLOR green       lime
V SET_COLOR darkGreen   forest
V SET_COLOR blue        blue
V SET_COLOR darkBlue    navy
V SET_COLOR cyan        cyan
V SET_COLOR darkCyan    cadetBlue
V SET_COLOR magenta     magenta
V SET_COLOR darkMagenta purple
V SET_COLOR yellow      yellow
V SET_FILL  blank       blank
V SET_FILL  solid       solid
V SET_FILL  backSlash   backSlash
V SET_FILL  slash       slash
V SET_FILL  dot         dots
V SET_FILL  diagCross   X
V SET_FILL  brick       brick
V SET_FILL  horizontal  hLine
V SET_FILL  vertical    vLine
S CDESIGNER::StartFilter SCH
S set curModule ""

< SCHEMATIC: start_filter >
S CDESIGNER::SendCommand setWorkingDir "[pwd]"

< LAYOUT: load_hercules >
L set topLayLCV "mylibrary/inverter/layout"
L set curLayLCV "$topLayLCV"
L CDESIGNER::SendCommand setWorkingDir "/home/cemaj/jwoosam/eecs168/pvjob_mylibrary.inverter.icv.lvs"

< SCHEMATIC: load_hercules >
S set curModule "inverter"
L CDESIGNER::SendCommand setTopLayLCV "$topLayLCV"
L CDESIGNER::SendCommand openLCV "$curLayLCV"
S CDESIGNER::SendCommand setWorkingDir "/home/cemaj/jwoosam/eecs168/pvjob_mylibrary.inverter.icv.lvs"
DEBUG: PushBackXprobeMessage{vueSetDbu 0.001
}
S CDESIGNER::SendCommand openModule "$curModule"
DEBUG: PushBackXprobeMessage{vueSetDbu 0.00625
}

< SCHEMATIC: remove_hilites >
S CDESIGNER::SendCommand clearAllProbes "$curModule"

< LAYOUT: remove_hilites >
L CDESIGNER::SendCommand clearAllHighlights $curLayLCV

< LAYOUT: remove_hilites >

< SCHEMATIC: remove_hilites >
S CDESIGNER::SendCommand clearAllProbes "$curModule"
L CDESIGNER::SendCommand clearAllHighlights $curLayLCV

< SCHEMATIC: remove_hilites >
S CDESIGNER::SendCommand clearAllProbes "$curModule"

< SCHEMATIC: remove_hilites >
S CDESIGNER::SendCommand clearAllProbes "$curModule"

< LAYOUT: remove_hilites >
L CDESIGNER::SendCommand clearAllHighlights $curLayLCV

< LAYOUT: remove_hilites >
L CDESIGNER::SendCommand clearAllHighlights $curLayLCV
